#
# There is insufficient memory for the Java Runtime Environment to continue.
# Native memory allocation (malloc) failed to allocate 529136 bytes for Chunk::new
# Possible reasons:
#   The system is out of physical RAM or swap space
#   The process is running with CompressedOops enabled, and the Java Heap may be blocking the growth of the native heap
# Possible solutions:
#   Reduce memory load on the system
#   Increase physical memory or swap space
#   Check if swap backing store is full
#   Decrease Java heap size (-Xmx/-Xms)
#   Decrease number of Java threads
#   Decrease Java thread stack sizes (-Xss)
#   Set larger code cache with -XX:ReservedCodeCacheSize=
#   JVM is running with Unscaled Compressed Oops mode in which the Java heap is
#     placed in the first 4GB address space. The Java Heap base address is the
#     maximum limit for the native heap growth. Please use -XX:HeapBaseMinAddress
#     to set the Java Heap base and to place the Java Heap above 4GB virtual address.
# This output file may be truncated or incomplete.
#
#  Out of Memory Error (arena.cpp:168), pid=8848, tid=4348
#
# JRE version: Java(TM) SE Runtime Environment (21.0.3+7) (build 21.0.3+7-LTS-152)
# Java VM: Java HotSpot(TM) 64-Bit Server VM (21.0.3+7-LTS-152, mixed mode, sharing, tiered, compressed oops, compressed class ptrs, g1 gc, windows-amd64)
# No core dump will be written. Minidumps are not enabled by default on client versions of Windows
#

---------------  S U M M A R Y ------------

Command Line: -javaagent:C:\Program Files\JetBrains\IntelliJ IDEA Community Edition 2024.1.2\lib\idea_rt.jar=60654:C:\Program Files\JetBrains\IntelliJ IDEA Community Edition 2024.1.2\bin -Dfile.encoding=UTF-8 -Dsun.stdout.encoding=UTF-8 -Dsun.stderr.encoding=UTF-8 com.storehousemgm.StoreHouseManagementSystemApplication

Host: AMD A8-7410 APU with AMD Radeon R5 Graphics    , 4 cores, 3G,  Windows 10 , 64 bit Build 19041 (10.0.19041.4717)
Time: Sat Aug 10 22:40:21 2024 India Standard Time elapsed time: 42.186847 seconds (0d 0h 0m 42s)

---------------  T H R E A D  ---------------

Current thread (0x000001dfecb68660):  JavaThread "C2 CompilerThread0" daemon [_thread_in_native, id=4348, stack(0x000000177d400000,0x000000177d500000) (1024K)]


Current CompileTask:
C2:  42187 5221       4       sun.security.ec.ECOperations::setDouble (463 bytes)

Stack: [0x000000177d400000,0x000000177d500000]
Native frames: (J=compiled Java code, j=interpreted, Vv=VM code, C=native code)
V  [jvm.dll+0x6c63b9]
V  [jvm.dll+0x84fa11]
V  [jvm.dll+0x851f3e]
V  [jvm.dll+0x852613]
V  [jvm.dll+0x27cd46]
V  [jvm.dll+0xc4aad]
V  [jvm.dll+0xc4fe3]
V  [jvm.dll+0x2efaff]
V  [jvm.dll+0x5f150a]
V  [jvm.dll+0x24e99f]
V  [jvm.dll+0x2477af]
V  [jvm.dll+0x245014]
V  [jvm.dll+0x1c689e]
V  [jvm.dll+0x254609]
V  [jvm.dll+0x252b9a]
V  [jvm.dll+0x3eb056]
V  [jvm.dll+0x7f9ffb]
V  [jvm.dll+0x6c4a9d]
C  [ucrtbase.dll+0x21bb2]
C  [KERNEL32.DLL+0x17374]
C  [ntdll.dll+0x4cc91]


---------------  P R O C E S S  ---------------

Threads class SMR info:
_java_thread_list=0x000001dff113ac30, length=28, elements={
0x000001dfd21da1a0, 0x000001dfecb5dc40, 0x000001dfecb5fbc0, 0x000001dfecb64f90,
0x000001dfecb66190, 0x000001dfecb66bf0, 0x000001dfecb67650, 0x000001dfecb68660,
0x000001dfecb6cc20, 0x000001dfecb4c790, 0x000001dff12dcdb0, 0x000001dff152d8b0,
0x000001dff1d46540, 0x000001dff18f3c90, 0x000001dff1aeaea0, 0x000001dff1ae80b0,
0x000001dff1ae8740, 0x000001dff1ae8dd0, 0x000001dff1ae9af0, 0x000001dff1aea180,
0x000001dff37173d0, 0x000001dff3717a60, 0x000001dff37180f0, 0x000001dff3718780,
0x000001dff371aee0, 0x000001dff37166b0, 0x000001dff371bc00, 0x000001dff3716d40
}

Java Threads: ( => current thread )
  0x000001dfd21da1a0 JavaThread "main"                              [_thread_blocked, id=12708, stack(0x000000177c600000,0x000000177c700000) (1024K)]
  0x000001dfecb5dc40 JavaThread "Reference Handler"          daemon [_thread_blocked, id=8844, stack(0x000000177ce00000,0x000000177cf00000) (1024K)]
  0x000001dfecb5fbc0 JavaThread "Finalizer"                  daemon [_thread_blocked, id=8824, stack(0x000000177cf00000,0x000000177d000000) (1024K)]
  0x000001dfecb64f90 JavaThread "Signal Dispatcher"          daemon [_thread_blocked, id=8508, stack(0x000000177d000000,0x000000177d100000) (1024K)]
  0x000001dfecb66190 JavaThread "Attach Listener"            daemon [_thread_blocked, id=5056, stack(0x000000177d100000,0x000000177d200000) (1024K)]
  0x000001dfecb66bf0 JavaThread "Service Thread"             daemon [_thread_blocked, id=5640, stack(0x000000177d200000,0x000000177d300000) (1024K)]
  0x000001dfecb67650 JavaThread "Monitor Deflation Thread"   daemon [_thread_blocked, id=6904, stack(0x000000177d300000,0x000000177d400000) (1024K)]
=>0x000001dfecb68660 JavaThread "C2 CompilerThread0"         daemon [_thread_in_native, id=4348, stack(0x000000177d400000,0x000000177d500000) (1024K)]
  0x000001dfecb6cc20 JavaThread "C1 CompilerThread0"         daemon [_thread_blocked, id=5632, stack(0x000000177d500000,0x000000177d600000) (1024K)]
  0x000001dfecb4c790 JavaThread "Common-Cleaner"             daemon [_thread_blocked, id=5996, stack(0x000000177d600000,0x000000177d700000) (1024K)]
  0x000001dff12dcdb0 JavaThread "Monitor Ctrl-Break"         daemon [_thread_in_native, id=800, stack(0x000000177d800000,0x000000177d900000) (1024K)]
  0x000001dff152d8b0 JavaThread "Notification Thread"        daemon [_thread_blocked, id=1944, stack(0x000000177d900000,0x000000177da00000) (1024K)]
  0x000001dff1d46540 JavaThread "Thread-0"                          [_thread_blocked, id=12888, stack(0x000000177dd00000,0x000000177de00000) (1024K)]
  0x000001dff18f3c90 JavaThread "restartedMain"                     [_thread_in_vm, id=3760, stack(0x000000177de00000,0x000000177df00000) (1024K)]
  0x000001dff1aeaea0 JavaThread "Catalina-utility-1"                [_thread_blocked, id=12488, stack(0x000000177df00000,0x000000177e000000) (1024K)]
  0x000001dff1ae80b0 JavaThread "http-nio-8081-exec-1"       daemon [_thread_blocked, id=9492, stack(0x000000177e000000,0x000000177e100000) (1024K)]
  0x000001dff1ae8740 JavaThread "http-nio-8081-exec-2"       daemon [_thread_blocked, id=4000, stack(0x000000177e100000,0x000000177e200000) (1024K)]
  0x000001dff1ae8dd0 JavaThread "http-nio-8081-exec-3"       daemon [_thread_blocked, id=4696, stack(0x000000177e200000,0x000000177e300000) (1024K)]
  0x000001dff1ae9af0 JavaThread "http-nio-8081-exec-4"       daemon [_thread_blocked, id=13104, stack(0x000000177e300000,0x000000177e400000) (1024K)]
  0x000001dff1aea180 JavaThread "http-nio-8081-exec-5"       daemon [_thread_blocked, id=4608, stack(0x000000177e400000,0x000000177e500000) (1024K)]
  0x000001dff37173d0 JavaThread "http-nio-8081-exec-6"       daemon [_thread_blocked, id=5248, stack(0x000000177e500000,0x000000177e600000) (1024K)]
  0x000001dff3717a60 JavaThread "http-nio-8081-exec-7"       daemon [_thread_blocked, id=4864, stack(0x000000177e600000,0x000000177e700000) (1024K)]
  0x000001dff37180f0 JavaThread "http-nio-8081-exec-8"       daemon [_thread_blocked, id=12536, stack(0x000000177e700000,0x000000177e800000) (1024K)]
  0x000001dff3718780 JavaThread "http-nio-8081-exec-9"       daemon [_thread_blocked, id=12336, stack(0x000000177e800000,0x000000177e900000) (1024K)]
  0x000001dff371aee0 JavaThread "http-nio-8081-exec-10"      daemon [_thread_blocked, id=13156, stack(0x000000177e900000,0x000000177ea00000) (1024K)]
  0x000001dff37166b0 JavaThread "Catalina-utility-2"                [_thread_blocked, id=10716, stack(0x000000177ea00000,0x000000177eb00000) (1024K)]
  0x000001dff371bc00 JavaThread "container-0"                       [_thread_blocked, id=8700, stack(0x000000177eb00000,0x000000177ec00000) (1024K)]
  0x000001dff3716d40 JavaThread "mysql-cj-abandoned-connection-cleanup" daemon [_thread_blocked, id=7004, stack(0x000000177ec00000,0x000000177ed00000) (1024K)]
Total: 28

Other Threads:
  0x000001dfd2292ac0 VMThread "VM Thread"                           [id=13916, stack(0x000000177cd00000,0x000000177ce00000) (1024K)]
  0x000001dfd227bd00 WatcherThread "VM Periodic Task Thread"        [id=5736, stack(0x000000177cc00000,0x000000177cd00000) (1024K)]
  0x000001dfd220fc40 WorkerThread "GC Thread#0"                     [id=2840, stack(0x000000177c700000,0x000000177c800000) (1024K)]
  0x000001dff18e5070 WorkerThread "GC Thread#1"                     [id=1984, stack(0x000000177da00000,0x000000177db00000) (1024K)]
  0x000001dff18b6340 WorkerThread "GC Thread#2"                     [id=2136, stack(0x000000177db00000,0x000000177dc00000) (1024K)]
  0x000001dff18cb1c0 WorkerThread "GC Thread#3"                     [id=8212, stack(0x000000177dc00000,0x000000177dd00000) (1024K)]
  0x000001dfd2219250 ConcurrentGCThread "G1 Main Marker"            [id=296, stack(0x000000177c800000,0x000000177c900000) (1024K)]
  0x000001dfd2219c60 WorkerThread "G1 Conc#0"                       [id=1364, stack(0x000000177c900000,0x000000177ca00000) (1024K)]
  0x000001dfd226add0 ConcurrentGCThread "G1 Refine#0"               [id=424, stack(0x000000177ca00000,0x000000177cb00000) (1024K)]
  0x000001dfd226b850 ConcurrentGCThread "G1 Service"                [id=13164, stack(0x000000177cb00000,0x000000177cc00000) (1024K)]
Total: 10

Threads with active compile tasks:
C2 CompilerThread0    42270 5221       4       sun.security.ec.ECOperations::setDouble (463 bytes)
Total: 1

VM state: not at safepoint (normal execution)

VM Mutex/Monitor currently owned by a thread: None

Heap address: 0x00000000c8800000, size: 888 MB, Compressed Oops mode: 32-bit

CDS archive(s) mapped at: [0x000001df80000000-0x000001df80c90000-0x000001df80c90000), size 13172736, SharedBaseAddress: 0x000001df80000000, ArchiveRelocationMode: 1.
Compressed class space mapped at: 0x000001df81000000-0x000001dfc1000000, reserved size: 1073741824
Narrow klass base: 0x000001df80000000, Narrow klass shift: 0, Narrow klass range: 0x100000000

GC Precious Log:
 CardTable entry size: 512
 Card Set container configuration: InlinePtr #cards 5 size 8 Array Of Cards #cards 12 size 40 Howl #buckets 4 coarsen threshold 1843 Howl Bitmap #cards 512 size 80 coarsen threshold 460 Card regions per heap region 1 cards per card region 2048
 CPUs: 4 total, 4 available
 Memory: 3546M
 Large Page Support: Disabled
 NUMA Support: Disabled
 Compressed Oops: Enabled (32-bit)
 Heap Region Size: 1M
 Heap Min Capacity: 8M
 Heap Initial Capacity: 56M
 Heap Max Capacity: 888M
 Pre-touch: Disabled
 Parallel Workers: 4
 Concurrent Workers: 1
 Concurrent Refinement Workers: 4
 Periodic GC: Disabled

Heap:
 garbage-first heap   total 55296K, used 33737K [0x00000000c8800000, 0x0000000100000000)
  region size 1024K, 13 young (13312K), 4 survivors (4096K)
 Metaspace       used 48166K, committed 48768K, reserved 1114112K
  class space    used 6269K, committed 6528K, reserved 1048576K

Heap Regions: E=young(eden), S=young(survivor), O=old, HS=humongous(starts), HC=humongous(continues), CS=collection set, F=free, TAMS=top-at-mark-start, PB=parsable bottom
|   0|0x00000000c8800000, 0x00000000c8900000, 0x00000000c8900000|100%|HS|  |TAMS 0x00000000c8800000| PB 0x00000000c8800000| Complete 
|   1|0x00000000c8900000, 0x00000000c8a00000, 0x00000000c8a00000|100%| O|  |TAMS 0x00000000c8900000| PB 0x00000000c8900000| Untracked 
|   2|0x00000000c8a00000, 0x00000000c8b00000, 0x00000000c8b00000|100%| O|  |TAMS 0x00000000c8a00000| PB 0x00000000c8a00000| Untracked 
|   3|0x00000000c8b00000, 0x00000000c8c00000, 0x00000000c8c00000|100%| O|  |TAMS 0x00000000c8b00000| PB 0x00000000c8b00000| Untracked 
|   4|0x00000000c8c00000, 0x00000000c8d00000, 0x00000000c8d00000|100%| O|  |TAMS 0x00000000c8c00000| PB 0x00000000c8c00000| Untracked 
|   5|0x00000000c8d00000, 0x00000000c8e00000, 0x00000000c8e00000|100%| O|  |TAMS 0x00000000c8d00000| PB 0x00000000c8d00000| Untracked 
|   6|0x00000000c8e00000, 0x00000000c8f00000, 0x00000000c8f00000|100%| O|  |TAMS 0x00000000c8e00000| PB 0x00000000c8e00000| Untracked 
|   7|0x00000000c8f00000, 0x00000000c9000000, 0x00000000c9000000|100%| O|  |TAMS 0x00000000c8f00000| PB 0x00000000c8f00000| Untracked 
|   8|0x00000000c9000000, 0x00000000c9100000, 0x00000000c9100000|100%| O|  |TAMS 0x00000000c9000000| PB 0x00000000c9000000| Untracked 
|   9|0x00000000c9100000, 0x00000000c9200000, 0x00000000c9200000|100%| O|  |TAMS 0x00000000c9100000| PB 0x00000000c9100000| Untracked 
|  10|0x00000000c9200000, 0x00000000c9300000, 0x00000000c9300000|100%| O|  |TAMS 0x00000000c9200000| PB 0x00000000c9200000| Untracked 
|  11|0x00000000c9300000, 0x00000000c9400000, 0x00000000c9400000|100%| O|  |TAMS 0x00000000c9300000| PB 0x00000000c9300000| Untracked 
|  12|0x00000000c9400000, 0x00000000c9500000, 0x00000000c9500000|100%| O|  |TAMS 0x00000000c9400000| PB 0x00000000c9400000| Untracked 
|  13|0x00000000c9500000, 0x00000000c9600000, 0x00000000c9600000|100%| O|Cm|TAMS 0x00000000c9500000| PB 0x00000000c9500000| Complete 
|  14|0x00000000c9600000, 0x00000000c9700000, 0x00000000c9700000|100%| O|  |TAMS 0x00000000c9600000| PB 0x00000000c9600000| Untracked 
|  15|0x00000000c9700000, 0x00000000c9800000, 0x00000000c9800000|100%| O|  |TAMS 0x00000000c9700000| PB 0x00000000c9700000| Untracked 
|  16|0x00000000c9800000, 0x00000000c9900000, 0x00000000c9900000|100%| O|  |TAMS 0x00000000c9800000| PB 0x00000000c9800000| Untracked 
|  17|0x00000000c9900000, 0x00000000c9a00000, 0x00000000c9a00000|100%| O|  |TAMS 0x00000000c9900000| PB 0x00000000c9900000| Untracked 
|  18|0x00000000c9a00000, 0x00000000c9b00000, 0x00000000c9b00000|100%| O|  |TAMS 0x00000000c9a00000| PB 0x00000000c9a00000| Untracked 
|  19|0x00000000c9b00000, 0x00000000c9c00000, 0x00000000c9c00000|100%| O|  |TAMS 0x00000000c9b00000| PB 0x00000000c9b00000| Untracked 
|  20|0x00000000c9c00000, 0x00000000c9d00000, 0x00000000c9d00000|100%| O|  |TAMS 0x00000000c9c00000| PB 0x00000000c9c00000| Untracked 
|  21|0x00000000c9d00000, 0x00000000c9d64980, 0x00000000c9e00000| 39%| O|  |TAMS 0x00000000c9d00000| PB 0x00000000c9d00000| Untracked 
|  22|0x00000000c9e00000, 0x00000000c9e00000, 0x00000000c9f00000|  0%| F|  |TAMS 0x00000000c9e00000| PB 0x00000000c9e00000| Untracked 
|  23|0x00000000c9f00000, 0x00000000c9f00000, 0x00000000ca000000|  0%| F|  |TAMS 0x00000000c9f00000| PB 0x00000000c9f00000| Untracked 
|  24|0x00000000ca000000, 0x00000000ca08dcc0, 0x00000000ca100000| 55%| S|CS|TAMS 0x00000000ca000000| PB 0x00000000ca000000| Complete 
|  25|0x00000000ca100000, 0x00000000ca200000, 0x00000000ca200000|100%| S|CS|TAMS 0x00000000ca100000| PB 0x00000000ca100000| Complete 
|  26|0x00000000ca200000, 0x00000000ca300000, 0x00000000ca300000|100%| S|CS|TAMS 0x00000000ca200000| PB 0x00000000ca200000| Complete 
|  27|0x00000000ca300000, 0x00000000ca400000, 0x00000000ca400000|100%| S|CS|TAMS 0x00000000ca300000| PB 0x00000000ca300000| Complete 
|  28|0x00000000ca400000, 0x00000000ca400000, 0x00000000ca500000|  0%| F|  |TAMS 0x00000000ca400000| PB 0x00000000ca400000| Untracked 
|  29|0x00000000ca500000, 0x00000000ca500000, 0x00000000ca600000|  0%| F|  |TAMS 0x00000000ca500000| PB 0x00000000ca500000| Untracked 
|  30|0x00000000ca600000, 0x00000000ca600000, 0x00000000ca700000|  0%| F|  |TAMS 0x00000000ca600000| PB 0x00000000ca600000| Untracked 
|  31|0x00000000ca700000, 0x00000000ca700000, 0x00000000ca800000|  0%| F|  |TAMS 0x00000000ca700000| PB 0x00000000ca700000| Untracked 
|  32|0x00000000ca800000, 0x00000000ca800000, 0x00000000ca900000|  0%| F|  |TAMS 0x00000000ca800000| PB 0x00000000ca800000| Untracked 
|  33|0x00000000ca900000, 0x00000000ca900000, 0x00000000caa00000|  0%| F|  |TAMS 0x00000000ca900000| PB 0x00000000ca900000| Untracked 
|  34|0x00000000caa00000, 0x00000000caa00000, 0x00000000cab00000|  0%| F|  |TAMS 0x00000000caa00000| PB 0x00000000caa00000| Untracked 
|  35|0x00000000cab00000, 0x00000000cab00000, 0x00000000cac00000|  0%| F|  |TAMS 0x00000000cab00000| PB 0x00000000cab00000| Untracked 
|  36|0x00000000cac00000, 0x00000000cac00000, 0x00000000cad00000|  0%| F|  |TAMS 0x00000000cac00000| PB 0x00000000cac00000| Untracked 
|  37|0x00000000cad00000, 0x00000000cad00000, 0x00000000cae00000|  0%| F|  |TAMS 0x00000000cad00000| PB 0x00000000cad00000| Untracked 
|  38|0x00000000cae00000, 0x00000000cae00000, 0x00000000caf00000|  0%| F|  |TAMS 0x00000000cae00000| PB 0x00000000cae00000| Untracked 
|  39|0x00000000caf00000, 0x00000000caf00000, 0x00000000cb000000|  0%| F|  |TAMS 0x00000000caf00000| PB 0x00000000caf00000| Untracked 
|  40|0x00000000cb000000, 0x00000000cb000000, 0x00000000cb100000|  0%| F|  |TAMS 0x00000000cb000000| PB 0x00000000cb000000| Untracked 
|  41|0x00000000cb100000, 0x00000000cb100000, 0x00000000cb200000|  0%| F|  |TAMS 0x00000000cb100000| PB 0x00000000cb100000| Untracked 
|  42|0x00000000cb200000, 0x00000000cb200000, 0x00000000cb300000|  0%| F|  |TAMS 0x00000000cb200000| PB 0x00000000cb200000| Untracked 
|  43|0x00000000cb300000, 0x00000000cb300000, 0x00000000cb400000|  0%| F|  |TAMS 0x00000000cb300000| PB 0x00000000cb300000| Untracked 
|  44|0x00000000cb400000, 0x00000000cb400000, 0x00000000cb500000|  0%| F|  |TAMS 0x00000000cb400000| PB 0x00000000cb400000| Untracked 
|  45|0x00000000cb500000, 0x00000000cb5ce8d0, 0x00000000cb600000| 80%| E|  |TAMS 0x00000000cb500000| PB 0x00000000cb500000| Complete 
|  46|0x00000000cb600000, 0x00000000cb700000, 0x00000000cb700000|100%| E|CS|TAMS 0x00000000cb600000| PB 0x00000000cb600000| Complete 
|  47|0x00000000cb700000, 0x00000000cb800000, 0x00000000cb800000|100%| E|CS|TAMS 0x00000000cb700000| PB 0x00000000cb700000| Complete 
|  48|0x00000000cb800000, 0x00000000cb900000, 0x00000000cb900000|100%| E|CS|TAMS 0x00000000cb800000| PB 0x00000000cb800000| Complete 
|  49|0x00000000cb900000, 0x00000000cba00000, 0x00000000cba00000|100%| E|CS|TAMS 0x00000000cb900000| PB 0x00000000cb900000| Complete 
|  50|0x00000000cba00000, 0x00000000cbb00000, 0x00000000cbb00000|100%| E|CS|TAMS 0x00000000cba00000| PB 0x00000000cba00000| Complete 
|  51|0x00000000cbb00000, 0x00000000cbc00000, 0x00000000cbc00000|100%| E|CS|TAMS 0x00000000cbb00000| PB 0x00000000cbb00000| Complete 
|  52|0x00000000cbc00000, 0x00000000cbd00000, 0x00000000cbd00000|100%| E|CS|TAMS 0x00000000cbc00000| PB 0x00000000cbc00000| Complete 
|  55|0x00000000cbf00000, 0x00000000cc000000, 0x00000000cc000000|100%| E|CS|TAMS 0x00000000cbf00000| PB 0x00000000cbf00000| Complete 

Card table byte_map: [0x000001dfe9650000,0x000001dfe9810000] _byte_map_base: 0x000001dfe900c000

Marking Bits: (CMBitMap*) 0x000001dfd2210250
 Bits: [0x000001dfe9810000, 0x000001dfea5f0000)

Polling page: 0x000001dfcffb0000

Metaspace:

Usage:
  Non-class:     40.94 MB used.
      Class:      6.13 MB used.
       Both:     47.06 MB used.

Virtual space:
  Non-class space:       64.00 MB reserved,      41.25 MB ( 64%) committed,  1 nodes.
      Class space:        1.00 GB reserved,       6.38 MB ( <1%) committed,  1 nodes.
             Both:        1.06 GB reserved,      47.62 MB (  4%) committed. 

Chunk freelists:
   Non-Class:  6.39 MB
       Class:  9.59 MB
        Both:  15.98 MB

MaxMetaspaceSize: unlimited
CompressedClassSpaceSize: 1.00 GB
Initial GC threshold: 21.00 MB
Current GC threshold: 58.75 MB
CDS: on
 - commit_granule_bytes: 65536.
 - commit_granule_words: 8192.
 - virtual_space_node_default_size: 8388608.
 - enlarge_chunks_in_place: 1.
 - use_allocation_guard: 0.


Internal statistics:

num_allocs_failed_limit: 6.
num_arena_births: 754.
num_arena_deaths: 0.
num_vsnodes_births: 2.
num_vsnodes_deaths: 0.
num_space_committed: 762.
num_space_uncommitted: 0.
num_chunks_returned_to_freelist: 6.
num_chunks_taken_from_freelist: 2349.
num_chunk_merges: 6.
num_chunk_splits: 1683.
num_chunks_enlarged: 1266.
num_inconsistent_stats: 0.

CodeHeap 'non-profiled nmethods': size=120000Kb used=2740Kb max_used=2740Kb free=117259Kb
 bounds [0x000001dfe2120000, 0x000001dfe23d0000, 0x000001dfe9650000]
CodeHeap 'profiled nmethods': size=120000Kb used=10179Kb max_used=10353Kb free=109820Kb
 bounds [0x000001dfda650000, 0x000001dfdb070000, 0x000001dfe1b80000]
CodeHeap 'non-nmethods': size=5760Kb used=1569Kb max_used=1582Kb free=4190Kb
 bounds [0x000001dfe1b80000, 0x000001dfe1df0000, 0x000001dfe2120000]
 total_blobs=5493 nmethods=4866 adapters=531
 compilation: enabled
              stopped_count=0, restarted_count=0
 full_count=0

Compilation events (20 events):
Event: 42.067 Thread 0x000001dfecb6cc20 5227       3       java.nio.MappedByteBuffer::rewind (7 bytes)
Event: 42.068 Thread 0x000001dfecb6cc20 nmethod 5227 0x000001dfda71a990 code [0x000001dfda71ab40, 0x000001dfda71ad18]
Event: 42.073 Thread 0x000001dfecb68660 nmethod 5222 0x000001dfe23cb610 code [0x000001dfe23cb800, 0x000001dfe23cc128]
Event: 42.074 Thread 0x000001dfecb68660 5223       4       sun.security.util.math.intpoly.IntegerPolynomial$MutableElement::setAdditiveInverse (32 bytes)
Event: 42.080 Thread 0x000001dfecb68660 nmethod 5223 0x000001dfe23cc810 code [0x000001dfe23cc9a0, 0x000001dfe23ccb38]
Event: 42.080 Thread 0x000001dfecb68660 5220       4       sun.security.util.math.intpoly.IntegerPolynomialP256::reduce (40 bytes)
Event: 42.082 Thread 0x000001dfecb68660 nmethod 5220 0x000001dfe23ccc10 code [0x000001dfe23ccda0, 0x000001dfe23cced8]
Event: 42.082 Thread 0x000001dfecb68660 5221       4       sun.security.ec.ECOperations::setDouble (463 bytes)
Event: 42.166 Thread 0x000001dfecb6cc20 5228       3       sun.security.provider.SHA5::lf_S (6 bytes)
Event: 42.167 Thread 0x000001dfecb6cc20 nmethod 5228 0x000001dfda71a610 code [0x000001dfda71a7c0, 0x000001dfda71a8d8]
Event: 42.167 Thread 0x000001dfecb6cc20 5229       3       java.lang.Long::rotateRight (9 bytes)
Event: 42.167 Thread 0x000001dfecb6cc20 nmethod 5229 0x000001dfda650010 code [0x000001dfda6501a0, 0x000001dfda6502a0]
Event: 42.167 Thread 0x000001dfecb6cc20 5230       3       sun.security.provider.SHA5::lf_R (4 bytes)
Event: 42.167 Thread 0x000001dfecb6cc20 nmethod 5230 0x000001dfda689710 code [0x000001dfda6898a0, 0x000001dfda689990]
Event: 42.172 Thread 0x000001dfecb6cc20 5231       3       sun.security.provider.SHA5::lf_delta1 (21 bytes)
Event: 42.172 Thread 0x000001dfecb6cc20 nmethod 5231 0x000001dfda719d90 code [0x000001dfda719f60, 0x000001dfda71a1f0]
Event: 42.172 Thread 0x000001dfecb6cc20 5233       3       sun.security.provider.SHA5::lf_sigma1 (21 bytes)
Event: 42.173 Thread 0x000001dfecb6cc20 nmethod 5233 0x000001dfda6f5510 code [0x000001dfda6f56e0, 0x000001dfda6f59a0]
Event: 42.173 Thread 0x000001dfecb6cc20 5232       3       sun.security.provider.SHA5::lf_delta0 (20 bytes)
Event: 42.173 Thread 0x000001dfecb6cc20 nmethod 5232 0x000001dfda6f4f10 code [0x000001dfda6f50e0, 0x000001dfda6f5370]

GC Heap History (20 events):
Event: 5.975 GC heap before
{Heap before GC invocations=1 (full 0):
 garbage-first heap   total 57344K, used 18144K [0x00000000c8800000, 0x0000000100000000)
  region size 1024K, 13 young (13312K), 2 survivors (2048K)
 Metaspace       used 5476K, committed 5696K, reserved 1114112K
  class space    used 600K, committed 704K, reserved 1048576K
}
Event: 5.982 GC heap after
{Heap after GC invocations=2 (full 0):
 garbage-first heap   total 57344K, used 7675K [0x00000000c8800000, 0x0000000100000000)
  region size 1024K, 1 young (1024K), 1 survivors (1024K)
 Metaspace       used 5476K, committed 5696K, reserved 1114112K
  class space    used 600K, committed 704K, reserved 1048576K
}
Event: 8.709 GC heap before
{Heap before GC invocations=2 (full 0):
 garbage-first heap   total 57344K, used 30203K [0x00000000c8800000, 0x0000000100000000)
  region size 1024K, 24 young (24576K), 1 survivors (1024K)
 Metaspace       used 11808K, committed 12160K, reserved 1114112K
  class space    used 1448K, committed 1600K, reserved 1048576K
}
Event: 8.716 GC heap after
{Heap after GC invocations=3 (full 0):
 garbage-first heap   total 57344K, used 9759K [0x00000000c8800000, 0x0000000100000000)
  region size 1024K, 3 young (3072K), 3 survivors (3072K)
 Metaspace       used 11808K, committed 12160K, reserved 1114112K
  class space    used 1448K, committed 1600K, reserved 1048576K
}
Event: 11.369 GC heap before
{Heap before GC invocations=3 (full 0):
 garbage-first heap   total 57344K, used 37407K [0x00000000c8800000, 0x0000000100000000)
  region size 1024K, 31 young (31744K), 3 survivors (3072K)
 Metaspace       used 18560K, committed 18816K, reserved 1114112K
  class space    used 2289K, committed 2432K, reserved 1048576K
}
Event: 11.382 GC heap after
{Heap after GC invocations=4 (full 0):
 garbage-first heap   total 57344K, used 12181K [0x00000000c8800000, 0x0000000100000000)
  region size 1024K, 3 young (3072K), 3 survivors (3072K)
 Metaspace       used 18560K, committed 18816K, reserved 1114112K
  class space    used 2289K, committed 2432K, reserved 1048576K
}
Event: 12.961 GC heap before
{Heap before GC invocations=4 (full 0):
 garbage-first heap   total 57344K, used 28565K [0x00000000c8800000, 0x0000000100000000)
  region size 1024K, 21 young (21504K), 3 survivors (3072K)
 Metaspace       used 21260K, committed 21504K, reserved 1114112K
  class space    used 2644K, committed 2752K, reserved 1048576K
}
Event: 12.971 GC heap after
{Heap after GC invocations=5 (full 0):
 garbage-first heap   total 57344K, used 14705K [0x00000000c8800000, 0x0000000100000000)
  region size 1024K, 3 young (3072K), 3 survivors (3072K)
 Metaspace       used 21260K, committed 21504K, reserved 1114112K
  class space    used 2644K, committed 2752K, reserved 1048576K
}
Event: 15.998 GC heap before
{Heap before GC invocations=6 (full 0):
 garbage-first heap   total 55296K, used 44401K [0x00000000c8800000, 0x0000000100000000)
  region size 1024K, 32 young (32768K), 3 survivors (3072K)
 Metaspace       used 24012K, committed 24320K, reserved 1114112K
  class space    used 2996K, committed 3136K, reserved 1048576K
}
Event: 16.009 GC heap after
{Heap after GC invocations=7 (full 0):
 garbage-first heap   total 55296K, used 17369K [0x00000000c8800000, 0x0000000100000000)
  region size 1024K, 3 young (3072K), 3 survivors (3072K)
 Metaspace       used 24012K, committed 24320K, reserved 1114112K
  class space    used 2996K, committed 3136K, reserved 1048576K
}
Event: 20.435 GC heap before
{Heap before GC invocations=7 (full 0):
 garbage-first heap   total 55296K, used 43993K [0x00000000c8800000, 0x0000000100000000)
  region size 1024K, 29 young (29696K), 3 survivors (3072K)
 Metaspace       used 27393K, committed 27776K, reserved 1114112K
  class space    used 3427K, committed 3584K, reserved 1048576K
}
Event: 20.446 GC heap after
{Heap after GC invocations=8 (full 0):
 garbage-first heap   total 55296K, used 19186K [0x00000000c8800000, 0x0000000100000000)
  region size 1024K, 2 young (2048K), 2 survivors (2048K)
 Metaspace       used 27393K, committed 27776K, reserved 1114112K
  class space    used 3427K, committed 3584K, reserved 1048576K
}
Event: 26.810 GC heap before
{Heap before GC invocations=8 (full 0):
 garbage-first heap   total 55296K, used 45810K [0x00000000c8800000, 0x0000000100000000)
  region size 1024K, 28 young (28672K), 2 survivors (2048K)
 Metaspace       used 31796K, committed 32256K, reserved 1114112K
  class space    used 4094K, committed 4288K, reserved 1048576K
}
Event: 26.822 GC heap after
{Heap after GC invocations=9 (full 0):
 garbage-first heap   total 55296K, used 21723K [0x00000000c8800000, 0x0000000100000000)
  region size 1024K, 4 young (4096K), 4 survivors (4096K)
 Metaspace       used 31796K, committed 32256K, reserved 1114112K
  class space    used 4094K, committed 4288K, reserved 1048576K
}
Event: 28.696 GC heap before
{Heap before GC invocations=9 (full 0):
 garbage-first heap   total 55296K, used 45275K [0x00000000c8800000, 0x0000000100000000)
  region size 1024K, 28 young (28672K), 4 survivors (4096K)
 Metaspace       used 35060K, committed 35584K, reserved 1114112K
  class space    used 4488K, committed 4736K, reserved 1048576K
}
Event: 28.710 GC heap after
{Heap after GC invocations=10 (full 0):
 garbage-first heap   total 55296K, used 23808K [0x00000000c8800000, 0x0000000100000000)
  region size 1024K, 2 young (2048K), 2 survivors (2048K)
 Metaspace       used 35060K, committed 35584K, reserved 1114112K
  class space    used 4488K, committed 4736K, reserved 1048576K
}
Event: 29.150 GC heap before
{Heap before GC invocations=10 (full 0):
 garbage-first heap   total 55296K, used 29952K [0x00000000c8800000, 0x0000000100000000)
  region size 1024K, 9 young (9216K), 2 survivors (2048K)
 Metaspace       used 35478K, committed 35968K, reserved 1114112K
  class space    used 4563K, committed 4800K, reserved 1048576K
}
Event: 29.155 GC heap after
{Heap after GC invocations=11 (full 0):
 garbage-first heap   total 55296K, used 23954K [0x00000000c8800000, 0x0000000100000000)
  region size 1024K, 2 young (2048K), 2 survivors (2048K)
 Metaspace       used 35478K, committed 35968K, reserved 1114112K
  class space    used 4563K, committed 4800K, reserved 1048576K
}
Event: 35.805 GC heap before
{Heap before GC invocations=12 (full 0):
 garbage-first heap   total 55296K, used 47506K [0x00000000c8800000, 0x0000000100000000)
  region size 1024K, 26 young (26624K), 2 survivors (2048K)
 Metaspace       used 42355K, committed 42944K, reserved 1114112K
  class space    used 5623K, committed 5888K, reserved 1048576K
}
Event: 36.567 GC heap after
{Heap after GC invocations=13 (full 0):
 garbage-first heap   total 55296K, used 25545K [0x00000000c8800000, 0x0000000100000000)
  region size 1024K, 4 young (4096K), 4 survivors (4096K)
 Metaspace       used 42355K, committed 42944K, reserved 1114112K
  class space    used 5623K, committed 5888K, reserved 1048576K
}

Dll operation events (14 events):
Event: 0.062 Loaded shared library C:\Program Files\Java\jdk-21\bin\java.dll
Event: 0.197 Loaded shared library C:\Program Files\Java\jdk-21\bin\jsvml.dll
Event: 0.902 Loaded shared library C:\Program Files\Java\jdk-21\bin\zip.dll
Event: 0.939 Loaded shared library C:\Program Files\Java\jdk-21\bin\instrument.dll
Event: 0.983 Loaded shared library C:\Program Files\Java\jdk-21\bin\net.dll
Event: 0.992 Loaded shared library C:\Program Files\Java\jdk-21\bin\nio.dll
Event: 1.023 Loaded shared library C:\Program Files\Java\jdk-21\bin\zip.dll
Event: 2.141 Loaded shared library C:\Program Files\JetBrains\IntelliJ IDEA Community Edition 2024.1.2\bin\breakgen64.dll
Event: 2.173 Loaded shared library C:\Program Files\Java\jdk-21\bin\extnet.dll
Event: 2.386 Loaded shared library C:\Program Files\Java\jdk-21\bin\jimage.dll
Event: 4.729 Loaded shared library C:\Program Files\Java\jdk-21\bin\management.dll
Event: 4.741 Loaded shared library C:\Program Files\Java\jdk-21\bin\management_ext.dll
Event: 12.352 Loaded shared library C:\Program Files\Java\jdk-21\bin\sunmscapi.dll
Event: 31.741 Loaded shared library C:\Program Files\Java\jdk-21\bin\verify.dll

Deoptimization events (20 events):
Event: 38.568 Thread 0x000001dff18f3c90 Uncommon trap: trap_request=0xffffff45 fr.pc=0x000001dfe22d4784 relative=0x0000000000000864
Event: 38.568 Thread 0x000001dff18f3c90 Uncommon trap: reason=unstable_if action=reinterpret pc=0x000001dfe22d4784 method=java.util.StringTokenizer.nextToken()Ljava/lang/String; @ 5 c2
Event: 38.568 Thread 0x000001dff18f3c90 DEOPT PACKING pc=0x000001dfe22d4784 sp=0x000000177defa140
Event: 38.568 Thread 0x000001dff18f3c90 DEOPT UNPACKING pc=0x000001dfe1bd46a2 sp=0x000000177defa110 mode 2
Event: 39.656 Thread 0x000001dff18f3c90 Uncommon trap: trap_request=0xffffff45 fr.pc=0x000001dfe214cdb0 relative=0x0000000000000a90
Event: 39.656 Thread 0x000001dff18f3c90 Uncommon trap: reason=unstable_if action=reinterpret pc=0x000001dfe214cdb0 method=sun.net.util.IPAddressUtil.scan(Ljava/lang/String;JJ[C)I @ 14 c2
Event: 39.656 Thread 0x000001dff18f3c90 DEOPT PACKING pc=0x000001dfe214cdb0 sp=0x000000177def8ff0
Event: 39.656 Thread 0x000001dff18f3c90 DEOPT UNPACKING pc=0x000001dfe1bd46a2 sp=0x000000177def8de8 mode 2
Event: 40.932 Thread 0x000001dff18f3c90 Uncommon trap: trap_request=0xffffff45 fr.pc=0x000001dfe219fd0c relative=0x000000000000024c
Event: 40.932 Thread 0x000001dff18f3c90 Uncommon trap: reason=unstable_if action=reinterpret pc=0x000001dfe219fd0c method=java.util.HashMap.putVal(ILjava/lang/Object;Ljava/lang/Object;ZZ)Ljava/lang/Object; @ 162 c2
Event: 40.932 Thread 0x000001dff18f3c90 DEOPT PACKING pc=0x000001dfe219fd0c sp=0x000000177defa630
Event: 40.932 Thread 0x000001dff18f3c90 DEOPT UNPACKING pc=0x000001dfe1bd46a2 sp=0x000000177defa568 mode 2
Event: 41.014 Thread 0x000001dff18f3c90 Uncommon trap: trap_request=0xffffff45 fr.pc=0x000001dfe21327a8 relative=0x0000000000000188
Event: 41.014 Thread 0x000001dff18f3c90 Uncommon trap: reason=unstable_if action=reinterpret pc=0x000001dfe21327a8 method=jdk.internal.util.ArraysSupport.vectorizedHashCode(Ljava/lang/Object;IIII)I @ 2 c2
Event: 41.014 Thread 0x000001dff18f3c90 DEOPT PACKING pc=0x000001dfe21327a8 sp=0x000000177defa580
Event: 41.014 Thread 0x000001dff18f3c90 DEOPT UNPACKING pc=0x000001dfe1bd46a2 sp=0x000000177defa530 mode 2
Event: 42.163 Thread 0x000001dff18f3c90 Uncommon trap: trap_request=0xffffff45 fr.pc=0x000001dfe231b0f4 relative=0x00000000000002d4
Event: 42.163 Thread 0x000001dff18f3c90 Uncommon trap: reason=unstable_if action=reinterpret pc=0x000001dfe231b0f4 method=java.nio.Buffer.<init>(IIIILjava/lang/foreign/MemorySegment;)V @ 50 c2
Event: 42.163 Thread 0x000001dff18f3c90 DEOPT PACKING pc=0x000001dfe231b0f4 sp=0x000000177defc7e0
Event: 42.163 Thread 0x000001dff18f3c90 DEOPT UNPACKING pc=0x000001dfe1bd46a2 sp=0x000000177defc718 mode 2

Classes loaded (20 events):
Event: 42.165 Loading class sun/security/ssl/HandshakeHash$T13HandshakeHash done
Event: 42.166 Loading class sun/security/ssl/HandshakeHash$CloneableHash
Event: 42.166 Loading class sun/security/ssl/HandshakeHash$CloneableHash done
Event: 42.167 Loading class sun/security/ssl/KeyShareExtension$SHKeyShareSpec
Event: 42.167 Loading class sun/security/ssl/KeyShareExtension$SHKeyShareSpec done
Event: 42.168 Loading class sun/security/ssl/ECDHKeyExchange$ECDHECredentials
Event: 42.168 Loading class sun/security/ssl/NamedGroupCredentials
Event: 42.168 Loading class sun/security/ssl/NamedGroupCredentials done
Event: 42.168 Loading class sun/security/ssl/ECDHKeyExchange$ECDHECredentials done
Event: 42.169 Loading class java/security/spec/ECPublicKeySpec
Event: 42.169 Loading class java/security/spec/ECPublicKeySpec done
Event: 42.170 Loading class sun/security/util/Length
Event: 42.170 Loading class sun/security/util/Length done
Event: 42.170 Loading class javax/crypto/SecretKey
Event: 42.171 Loading class javax/crypto/SecretKey done
Event: 42.172 Loading class sun/security/ssl/KAKeyDerivation
Event: 42.173 Loading class sun/security/ssl/KAKeyDerivation done
Event: 42.175 Loading class javax/crypto/KeyAgreementSpi
Event: 42.175 Loading class javax/crypto/KeyAgreementSpi done
Event: 42.175 Loading class javax/crypto/ShortBufferException

Classes unloaded (0 events):
No events

Classes redefined (0 events):
No events

Internal exceptions (20 events):
Event: 26.453 Thread 0x000001dff18f3c90 Exception <a 'java/lang/NoSuchMethodError'{0x00000000ca6605c8}: 'java.lang.Object java.lang.invoke.DirectMethodHandle$Holder.invokeVirtual(java.lang.Object, java.lang.Object, java.lang.Object, java.lang.Object, java.lang.Object, java.lang.Object)'> (0x00000000ca6605c8) 
thrown [s\open\src\hotspot\share\interpreter\linkResolver.cpp, line 773]
Event: 26.630 Thread 0x000001dff18f3c90 Exception <a 'java/lang/NoSuchMethodError'{0x00000000ca5e1b78}: 'void java.lang.invoke.DirectMethodHandle$Holder.invokeInterface(java.lang.Object, java.lang.Object, int)'> (0x00000000ca5e1b78) 
thrown [s\open\src\hotspot\share\interpreter\linkResolver.cpp, line 773]
Event: 26.661 Thread 0x000001dff18f3c90 Exception <a 'java/lang/IncompatibleClassChangeError'{0x00000000ca424090}: Found class java.lang.Object, but interface was expected> (0x00000000ca424090) 
thrown [s\open\src\hotspot\share\interpreter\linkResolver.cpp, line 840]
Event: 26.675 Thread 0x000001dff18f3c90 Exception <a 'java/lang/NoSuchMethodError'{0x00000000ca4418a0}: 'void java.lang.invoke.DirectMethodHandle$Holder.invokeStatic(java.lang.Object, int, java.lang.Object)'> (0x00000000ca4418a0) 
thrown [s\open\src\hotspot\share\interpreter\linkResolver.cpp, line 773]
Event: 26.715 Thread 0x000001dff18f3c90 Exception <a 'java/lang/NoSuchMethodError'{0x00000000ca491480}: 'void java.lang.invoke.DirectMethodHandle$Holder.invokeStatic(java.lang.Object, java.lang.Object, java.lang.Object, int, java.lang.Object)'> (0x00000000ca491480) 
thrown [s\open\src\hotspot\share\interpreter\linkResolver.cpp, line 773]
Event: 26.724 Thread 0x000001dff18f3c90 Exception <a 'java/lang/NoSuchMethodError'{0x00000000ca497c38}: 'java.lang.Object java.lang.invoke.DirectMethodHandle$Holder.newInvokeSpecial(java.lang.Object, java.lang.Object, java.lang.Object, int)'> (0x00000000ca497c38) 
thrown [s\open\src\hotspot\share\interpreter\linkResolver.cpp, line 773]
Event: 26.734 Thread 0x000001dff18f3c90 Exception <a 'java/lang/NoSuchMethodError'{0x00000000ca49ba28}: 'java.lang.Object java.lang.invoke.DirectMethodHandle$Holder.invokeSpecial(java.lang.Object, java.lang.Object, java.lang.Object, java.lang.Object, int)'> (0x00000000ca49ba28) 
thrown [s\open\src\hotspot\share\interpreter\linkResolver.cpp, line 773]
Event: 26.737 Thread 0x000001dff18f3c90 Exception <a 'java/lang/NoSuchMethodError'{0x00000000ca49eeb0}: 'java.lang.Object java.lang.invoke.Invokers$Holder.linkToTargetMethod(java.lang.Object, java.lang.Object, int, java.lang.Object)'> (0x00000000ca49eeb0) 
thrown [s\open\src\hotspot\share\interpreter\linkResolver.cpp, line 773]
Event: 27.163 Thread 0x000001dff18f3c90 Exception <a 'java/lang/NoSuchMethodError'{0x00000000cb9b1040}: 'java.lang.Object java.lang.invoke.DirectMethodHandle$Holder.invokeStaticInit(java.lang.Object, int, int, int, int)'> (0x00000000cb9b1040) 
thrown [s\open\src\hotspot\share\interpreter\linkResolver.cpp, line 773]
Event: 27.234 Thread 0x000001dff18f3c90 Exception <a 'java/lang/NoSuchMethodError'{0x00000000cb880150}: 'java.lang.Object java.lang.invoke.DirectMethodHandle$Holder.invokeStaticInit(java.lang.Object, java.lang.Object, int, int, int, int)'> (0x00000000cb880150) 
thrown [s\open\src\hotspot\share\interpreter\linkResolver.cpp, line 773]
Event: 27.688 Thread 0x000001dff18f3c90 Exception <a 'java/lang/NoSuchMethodError'{0x00000000cb041778}: 'int java.lang.invoke.DirectMethodHandle$Holder.invokeVirtual(java.lang.Object, java.lang.Object, java.lang.Object, java.lang.Object)'> (0x00000000cb041778) 
thrown [s\open\src\hotspot\share\interpreter\linkResolver.cpp, line 773]
Event: 27.689 Thread 0x000001dff18f3c90 Exception <a 'java/lang/NoSuchMethodError'{0x00000000cb044ff8}: 'int java.lang.invoke.DelegatingMethodHandle$Holder.reinvoke_L(java.lang.Object, java.lang.Object, java.lang.Object, java.lang.Object)'> (0x00000000cb044ff8) 
thrown [s\open\src\hotspot\share\interpreter\linkResolver.cpp, line 773]
Event: 27.875 Thread 0x000001dff18f3c90 Exception <a 'java/io/FileNotFoundException'{0x00000000cae7dc48}> (0x00000000cae7dc48) 
thrown [s\open\src\hotspot\share\prims\jni.cpp, line 520]
Event: 28.038 Thread 0x000001dff18f3c90 Exception <a 'java/lang/NoSuchMethodError'{0x00000000cac52fc0}: 'int java.lang.invoke.DirectMethodHandle$Holder.invokeInterface(java.lang.Object, java.lang.Object, java.lang.Object, java.lang.Object)'> (0x00000000cac52fc0) 
thrown [s\open\src\hotspot\share\interpreter\linkResolver.cpp, line 773]
Event: 28.380 Thread 0x000001dff18f3c90 Exception <a 'java/lang/NoSuchMethodError'{0x00000000ca9823f8}: 'long java.lang.invoke.DirectMethodHandle$Holder.invokeVirtual(java.lang.Object, java.lang.Object)'> (0x00000000ca9823f8) 
thrown [s\open\src\hotspot\share\interpreter\linkResolver.cpp, line 773]
Event: 28.446 Thread 0x000001dff18f3c90 Exception <a 'java/io/FileNotFoundException'{0x00000000ca9acbf0}> (0x00000000ca9acbf0) 
thrown [s\open\src\hotspot\share\prims\jni.cpp, line 520]
Event: 28.867 Thread 0x000001dff18f3c90 Exception <a 'java/lang/NoSuchMethodError'{0x00000000cba71b40}: 'java.lang.Object java.lang.invoke.DirectMethodHandle$Holder.newInvokeSpecial(java.lang.Object, java.lang.Object, java.lang.Object, java.lang.Object, java.lang.Object, java.lang.Object, java.lang.Object, java.lang.Object, java.lang.Object, java.lang.Object, java.lang.Object)'> (0x00000000cba71b40) 
thrown [s\open\src\hotspot\share\interpreter\linkResolver.cpp, line 773]
Event: 29.345 Thread 0x000001dff18f3c90 Exception <a 'java/lang/NoSuchMethodError'{0x00000000cbfe8638}: 'void java.lang.invoke.DelegatingMethodHandle$Holder.reinvoke_L(java.lang.Object, java.lang.Object, java.lang.Object, java.lang.Object, int, java.lang.Object, java.lang.Object, java.lang.Object)'> (0x00000000cbfe8638) 
thrown [s\open\src\hotspot\share\interpreter\linkResolver.cpp, line 773]
Event: 35.264 Thread 0x000001dff18f3c90 Exception <a 'java/lang/NoSuchMethodError'{0x00000000ca5fea88}: 'int java.lang.invoke.DirectMethodHandle$Holder.invokeStatic(java.lang.Object)'> (0x00000000ca5fea88) 
thrown [s\open\src\hotspot\share\interpreter\linkResolver.cpp, line 773]
Event: 39.452 Thread 0x000001dff18f3c90 Exception <a 'sun/nio/fs/WindowsException'{0x00000000cb77cdf0}> (0x00000000cb77cdf0) 
thrown [s\open\src\hotspot\share\prims\jni.cpp, line 520]

ZGC Phase Switch (0 events):
No events

VM Operations (20 events):
Event: 33.921 Executing VM operation: Cleanup
Event: 33.921 Executing VM operation: Cleanup done
Event: 34.935 Executing VM operation: Cleanup
Event: 34.968 Executing VM operation: Cleanup done
Event: 35.805 Executing VM operation: G1CollectForAllocation (G1 Evacuation Pause)
Event: 36.572 Executing VM operation: G1CollectForAllocation (G1 Evacuation Pause) done
Event: 37.580 Executing VM operation: Cleanup
Event: 37.595 Executing VM operation: Cleanup done
Event: 38.606 Executing VM operation: Cleanup
Event: 38.623 Executing VM operation: Cleanup done
Event: 39.530 Executing VM operation: HandshakeAllThreads (Deoptimize)
Event: 39.530 Executing VM operation: HandshakeAllThreads (Deoptimize) done
Event: 39.656 Executing VM operation: HandshakeAllThreads (Deoptimize)
Event: 39.656 Executing VM operation: HandshakeAllThreads (Deoptimize) done
Event: 39.656 Executing VM operation: Cleanup
Event: 39.656 Executing VM operation: Cleanup done
Event: 40.659 Executing VM operation: Cleanup
Event: 40.667 Executing VM operation: Cleanup done
Event: 41.183 Executing VM operation: HandshakeAllThreads (Deoptimize)
Event: 41.183 Executing VM operation: HandshakeAllThreads (Deoptimize) done

Events (20 events):
Event: 29.258 Thread 0x000001dfd2292ac0 flushing nmethod 0x000001dfe2153490
Event: 29.258 Thread 0x000001dfd2292ac0 flushing nmethod 0x000001dfe2150290
Event: 29.258 Thread 0x000001dfd2292ac0 flushing nmethod 0x000001dfe214f710
Event: 29.258 Thread 0x000001dfd2292ac0 flushing nmethod 0x000001dfe214f410
Event: 29.258 Thread 0x000001dfd2292ac0 flushing nmethod 0x000001dfe214f010
Event: 29.258 Thread 0x000001dfd2292ac0 flushing nmethod 0x000001dfe214ec90
Event: 29.258 Thread 0x000001dfd2292ac0 flushing nmethod 0x000001dfe214e990
Event: 29.258 Thread 0x000001dfd2292ac0 flushing nmethod 0x000001dfe214c110
Event: 29.258 Thread 0x000001dfd2292ac0 flushing nmethod 0x000001dfe214af10
Event: 29.258 Thread 0x000001dfd2292ac0 flushing nmethod 0x000001dfe214a910
Event: 29.258 Thread 0x000001dfd2292ac0 flushing nmethod 0x000001dfe2148890
Event: 29.258 Thread 0x000001dfd2292ac0 flushing nmethod 0x000001dfe2140710
Event: 29.258 Thread 0x000001dfd2292ac0 flushing nmethod 0x000001dfe213ac10
Event: 29.258 Thread 0x000001dfd2292ac0 flushing nmethod 0x000001dfe213c810
Event: 29.258 Thread 0x000001dfd2292ac0 flushing nmethod 0x000001dfe2138290
Event: 29.258 Thread 0x000001dfd2292ac0 flushing nmethod 0x000001dfe2137190
Event: 29.258 Thread 0x000001dfd2292ac0 flushing nmethod 0x000001dfe2132f90
Event: 29.258 Thread 0x000001dfd2292ac0 flushing nmethod 0x000001dfe212df90
Event: 29.258 Thread 0x000001dfd2292ac0 flushing nmethod 0x000001dfe212cc90
Event: 29.258 Thread 0x000001dfd2292ac0 flushing nmethod 0x000001dfe2121490


Dynamic libraries:
0x00007ff646b00000 - 0x00007ff646b10000 	C:\Program Files\Java\jdk-21\bin\java.exe
0x00007fffaf7b0000 - 0x00007fffaf9a8000 	C:\Windows\SYSTEM32\ntdll.dll
0x00007fffae780000 - 0x00007fffae841000 	C:\Windows\System32\KERNEL32.DLL
0x00007fffad420000 - 0x00007fffad71d000 	C:\Windows\System32\KERNELBASE.dll
0x00007fffad2f0000 - 0x00007fffad3f0000 	C:\Windows\System32\ucrtbase.dll
0x00007fffa5fb0000 - 0x00007fffa5fc9000 	C:\Program Files\Java\jdk-21\bin\jli.dll
0x00007fffae060000 - 0x00007fffae110000 	C:\Windows\System32\ADVAPI32.dll
0x00007fff910d0000 - 0x00007fff910eb000 	C:\Program Files\Java\jdk-21\bin\VCRUNTIME140.dll
0x00007fffadeb0000 - 0x00007fffadf4e000 	C:\Windows\System32\msvcrt.dll
0x00007fffad890000 - 0x00007fffad930000 	C:\Windows\System32\sechost.dll
0x00007fffaf640000 - 0x00007fffaf763000 	C:\Windows\System32\RPCRT4.dll
0x00007fffad3f0000 - 0x00007fffad417000 	C:\Windows\System32\bcrypt.dll
0x00007fffae480000 - 0x00007fffae61d000 	C:\Windows\System32\USER32.dll
0x00007fffacef0000 - 0x00007fffacf12000 	C:\Windows\System32\win32u.dll
0x00007fffadf50000 - 0x00007fffadf7b000 	C:\Windows\System32\GDI32.dll
0x00007fffacf20000 - 0x00007fffad037000 	C:\Windows\System32\gdi32full.dll
0x00007fffad1a0000 - 0x00007fffad23d000 	C:\Windows\System32\msvcp_win.dll
0x00007fffa1bc0000 - 0x00007fffa1e5a000 	C:\Windows\WinSxS\amd64_microsoft.windows.common-controls_6595b64144ccf1df_6.0.19041.4355_none_60b8b9eb71f62e16\COMCTL32.dll
0x00007fffa5f00000 - 0x00007fffa5f0a000 	C:\Windows\SYSTEM32\VERSION.dll
0x00007fffae680000 - 0x00007fffae6af000 	C:\Windows\System32\IMM32.DLL
0x00007fffa1430000 - 0x00007fffa143c000 	C:\Program Files\Java\jdk-21\bin\vcruntime140_1.dll
0x00007fff81df0000 - 0x00007fff81e7e000 	C:\Program Files\Java\jdk-21\bin\msvcp140.dll
0x00007fff64790000 - 0x00007fff6549d000 	C:\Program Files\Java\jdk-21\bin\server\jvm.dll
0x00007fffaec70000 - 0x00007fffaecdb000 	C:\Windows\System32\WS2_32.dll
0x00007fffaccb0000 - 0x00007fffaccfb000 	C:\Windows\SYSTEM32\POWRPROF.dll
0x00007fffa4630000 - 0x00007fffa4657000 	C:\Windows\SYSTEM32\WINMM.dll
0x00007fffacbe0000 - 0x00007fffacbf2000 	C:\Windows\SYSTEM32\UMPDC.dll
0x00007fffaace0000 - 0x00007fffaacf2000 	C:\Windows\SYSTEM32\kernel.appcore.dll
0x00007fff9f180000 - 0x00007fff9f18a000 	C:\Program Files\Java\jdk-21\bin\jimage.dll
0x00007fff9dba0000 - 0x00007fff9dd84000 	C:\Windows\SYSTEM32\DBGHELP.DLL
0x00007fff9d920000 - 0x00007fff9d954000 	C:\Windows\SYSTEM32\dbgcore.DLL
0x00007ffface60000 - 0x00007fffacee2000 	C:\Windows\System32\bcryptPrimitives.dll
0x00007fff96510000 - 0x00007fff9651f000 	C:\Program Files\Java\jdk-21\bin\instrument.dll
0x00007fff91090000 - 0x00007fff910af000 	C:\Program Files\Java\jdk-21\bin\java.dll
0x00007fffaee00000 - 0x00007fffaf56f000 	C:\Windows\System32\SHELL32.dll
0x00007fffaaee0000 - 0x00007fffab67f000 	C:\Windows\SYSTEM32\windows.storage.dll
0x00007fffae120000 - 0x00007fffae473000 	C:\Windows\System32\combase.dll
0x00007fffac7b0000 - 0x00007fffac7de000 	C:\Windows\SYSTEM32\Wldp.dll
0x00007fffaf570000 - 0x00007fffaf63d000 	C:\Windows\System32\OLEAUT32.dll
0x00007fffade00000 - 0x00007fffadead000 	C:\Windows\System32\SHCORE.dll
0x00007fffad930000 - 0x00007fffad985000 	C:\Windows\System32\shlwapi.dll
0x00007fffacd90000 - 0x00007fffacdb4000 	C:\Windows\SYSTEM32\profapi.dll
0x00007fff7c820000 - 0x00007fff7c8f7000 	C:\Program Files\Java\jdk-21\bin\jsvml.dll
0x00007fff910b0000 - 0x00007fff910c8000 	C:\Program Files\Java\jdk-21\bin\zip.dll
0x00007fff94db0000 - 0x00007fff94dc0000 	C:\Program Files\Java\jdk-21\bin\net.dll
0x00007fffa6b00000 - 0x00007fffa6c0d000 	C:\Windows\SYSTEM32\WINHTTP.dll
0x00007fffac510000 - 0x00007fffac57a000 	C:\Windows\system32\mswsock.dll
0x00007fff90ed0000 - 0x00007fff90ee6000 	C:\Program Files\Java\jdk-21\bin\nio.dll
0x00007fff8d440000 - 0x00007fff8d45a000 	C:\Program Files\JetBrains\IntelliJ IDEA Community Edition 2024.1.2\bin\breakgen64.dll
0x00007fff91790000 - 0x00007fff91799000 	C:\Program Files\Java\jdk-21\bin\extnet.dll
0x00007fff91610000 - 0x00007fff9161a000 	C:\Program Files\Java\jdk-21\bin\management.dll
0x00007fff90960000 - 0x00007fff9096b000 	C:\Program Files\Java\jdk-21\bin\management_ext.dll
0x00007fffaeb30000 - 0x00007fffaeb38000 	C:\Windows\System32\PSAPI.DLL
0x00007fff8f770000 - 0x00007fff8f77e000 	C:\Program Files\Java\jdk-21\bin\sunmscapi.dll
0x00007fffad040000 - 0x00007fffad19e000 	C:\Windows\System32\CRYPT32.dll
0x00007fffac820000 - 0x00007fffac849000 	C:\Windows\SYSTEM32\ncrypt.dll
0x00007fffac7e0000 - 0x00007fffac81b000 	C:\Windows\SYSTEM32\NTASN1.dll
0x00007fffac700000 - 0x00007fffac718000 	C:\Windows\SYSTEM32\CRYPTSP.dll
0x00007fffabe30000 - 0x00007fffabe64000 	C:\Windows\system32\rsaenh.dll
0x00007fffacd40000 - 0x00007fffacd6e000 	C:\Windows\SYSTEM32\USERENV.dll
0x00007fffac720000 - 0x00007fffac72c000 	C:\Windows\SYSTEM32\CRYPTBASE.dll
0x00007fffac1f0000 - 0x00007fffac22b000 	C:\Windows\SYSTEM32\IPHLPAPI.DLL
0x00007fffae770000 - 0x00007fffae778000 	C:\Windows\System32\NSI.dll
0x00007fff91140000 - 0x00007fff91150000 	C:\Program Files\Java\jdk-21\bin\verify.dll
0x00007fffac230000 - 0x00007fffac2fa000 	C:\Windows\SYSTEM32\DNSAPI.dll
0x00007fffa1790000 - 0x00007fffa179a000 	C:\Windows\System32\rasadhlp.dll
0x00007fffa1930000 - 0x00007fffa19b0000 	C:\Windows\System32\fwpuclnt.dll

dbghelp: loaded successfully - version: 4.0.5 - missing functions: none
symbol engine: initialized successfully - sym options: 0x614 - pdb path: .;C:\Program Files\Java\jdk-21\bin;C:\Windows\SYSTEM32;C:\Windows\WinSxS\amd64_microsoft.windows.common-controls_6595b64144ccf1df_6.0.19041.4355_none_60b8b9eb71f62e16;C:\Program Files\Java\jdk-21\bin\server;C:\Program Files\JetBrains\IntelliJ IDEA Community Edition 2024.1.2\bin

VM Arguments:
jvm_args: -javaagent:C:\Program Files\JetBrains\IntelliJ IDEA Community Edition 2024.1.2\lib\idea_rt.jar=60654:C:\Program Files\JetBrains\IntelliJ IDEA Community Edition 2024.1.2\bin -Dfile.encoding=UTF-8 -Dsun.stdout.encoding=UTF-8 -Dsun.stderr.encoding=UTF-8 
java_command: com.storehousemgm.StoreHouseManagementSystemApplication
java_class_path (initial): C:\a.AAzadFiles\a. programming\java\Intelije_Ide\StoreHouseManagementSystem\target\classes;C:\Users\Bablesh AAzad\.m2\repository\org\springframework\boot\spring-boot-starter-data-jpa\3.3.0\spring-boot-starter-data-jpa-3.3.0.jar;C:\Users\Bablesh AAzad\.m2\repository\org\springframework\boot\spring-boot-starter-aop\3.3.0\spring-boot-starter-aop-3.3.0.jar;C:\Users\Bablesh AAzad\.m2\repository\org\aspectj\aspectjweaver\1.9.22\aspectjweaver-1.9.22.jar;C:\Users\Bablesh AAzad\.m2\repository\org\springframework\boot\spring-boot-starter-jdbc\3.3.0\spring-boot-starter-jdbc-3.3.0.jar;C:\Users\Bablesh AAzad\.m2\repository\com\zaxxer\HikariCP\5.1.0\HikariCP-5.1.0.jar;C:\Users\Bablesh AAzad\.m2\repository\org\springframework\spring-jdbc\6.1.8\spring-jdbc-6.1.8.jar;C:\Users\Bablesh AAzad\.m2\repository\org\hibernate\orm\hibernate-core\6.5.2.Final\hibernate-core-6.5.2.Final.jar;C:\Users\Bablesh AAzad\.m2\repository\jakarta\persistence\jakarta.persistence-api\3.1.0\jakarta.persistence-api-3.1.0.jar;C:\Users\Bablesh AAzad\.m2\repository\jakarta\transaction\jakarta.transaction-api\2.0.1\jakarta.transaction-api-2.0.1.jar;C:\Users\Bablesh AAzad\.m2\repository\org\jboss\logging\jboss-logging\3.5.3.Final\jboss-logging-3.5.3.Final.jar;C:\Users\Bablesh AAzad\.m2\repository\org\hibernate\common\hibernate-commons-annotations\6.0.6.Final\hibernate-commons-annotations-6.0.6.Final.jar;C:\Users\Bablesh AAzad\.m2\repository\io\smallrye\jandex\3.1.2\jandex-3.1.2.jar;C:\Users\Bablesh AAzad\.m2\repository\com\fasterxml\classmate\1.7.0\classmate-1.7.0.jar;C:\Users\Bablesh AAzad\.m2\repository\net\bytebuddy\byte-buddy\1.14.16\byte-buddy-1.14.16.jar;C:\Users\Bablesh AAzad\.m2\repository\org\glassfish\jaxb\jaxb-runtime\4.0.5\jaxb-runtime-4.0.5.jar;C:\Users\Bablesh AAzad\.m2\repository\org\glassfish\jaxb\jaxb-core\4.0.5\jaxb-core-4.0.5.jar;C:\Users\Bablesh AAzad\.m2\repository\org\eclipse\angus\angus-activation\2.0.2\angus-activation-2.0.2.jar;C:\Users\Bablesh AAzad\.m2\repository\org\glassfish\jaxb\txw2\4.0.5\txw2-4.0.5.jar;C:\Users\Bablesh AAzad\.m2\repository\com\sun\istack\istack-commons-runtime\4.1.2\istack-commons-runtime-4.1.2.jar;C:\Users\Bablesh AAzad\.m2\repository\jakarta\inject\jakarta.inject-api\2.0.1\jakarta.inject-api-2.0.1.jar;C:\Users\Bablesh AAzad\.m2\repository\org\antlr\antlr4-runtime\4.13.0\antlr4-runtime-4.13.0.jar;C:\Users\Bablesh AAzad\.m2\repository\org\springframework\data\spring-data-jpa\3.3.0\spring-data-jpa-3.3.0.jar;C:\Users\Bablesh AAzad\.m2\repository\org\springframework\data\spring-data-commons\3.3.0\spring-data-commons-3.3.0.jar;C:\Users\Bablesh AAzad\.m2\repository\org\springframework\spring-orm\6.1.8\spring-orm-6.1.8.jar;C:\Users\Bablesh AAzad\.m2\repository\org\springframework\spring-context\6.1.8\spring-context-6.1.8.jar;C:\Users\Bablesh AAzad\.m2\repository\org\springframework\spring-tx\6.1.8\spring-tx-6.1.8.jar;C:\Users\Bablesh AAzad\.m2\repository\org\springframework\spring-beans\6.1.8\spring-beans-6.1.8.jar;C:\Users\Bablesh AAzad\.m2\repository\jakarta\annotation\jakarta.annotation-api\2.1.1\jakarta.annotation-api-2.1.1.jar;C:\Users\Bablesh AAzad\.m2\repository\org\slf4j\slf4j-api\2.0.13\slf4j-api-2.0.13.jar;C:\Users\Bablesh AAzad\.m2\repository\org\springframework\spring-aspects\6.1.8\spring-aspects-6.1.8.jar;C:\Users\Bablesh AAzad\.m2\repository\org\springframework\boot\spring-boot-starter-security\3.3.0\spring-boot-starter-security-3.3.0.jar;C:\Users\Bablesh AAzad\.m2\repository\org\springframework\boot\spring-boot-starter\3.3.0\spring-boot-starter-3.3.0.jar;C:\Users\Bablesh AAzad\.m2\repository\org\springframework\boot\spring-boot-starter-logging\3.3.0\spring-boot-starter-logging-3.3.0.jar;C:\Users\Bablesh AAzad\.m2\repository\ch\qos\logback\logback-classic\1.5.6\logback-classic-1.5.6.jar;C:\Users\Bablesh AAzad\.m2\repository\ch\qos\logback\logback-core\1.5.6\logback-core-1.5.6.jar;C:\Users\Bablesh AAzad\.m2\repository\org\apache\logging\log4j\log4j-to-slf4j\2.23.1\log4j-to-slf4j-2.23.1.jar;C:\Users\Bablesh AAzad\.m2\repository\org\apache\logging\log4j\log4j-api\2.23.1\log4j-api-2.23.1.jar;C:\Users\Bablesh AAzad\.m2\repository\org\slf4j\jul-to-slf4j\2.0.13\jul-to-slf4j-2.0.13.jar;C:\Users\Bablesh AAzad\.m2\repository\org\yaml\snakeyaml\2.2\snakeyaml-2.2.jar;C:\Users\Bablesh AAzad\.m2\repository\org\springframework\spring-aop\6.1.8\spring-aop-6.1.8.jar;C:\Users\Bablesh AAzad\.m2\repository\org\springframework\security\spring-security-config\6.3.0\spring-security-config-6.3.0.jar;C:\Users\Bablesh AAzad\.m2\repository\org\springframework\security\spring-security-web\6.3.0\spring-security-web-6.3.0.jar;C:\Users\Bablesh AAzad\.m2\repository\org\springframework\spring-expression\6.1.8\spring-expression-6.1.8.jar;C:\Users\Bablesh AAzad\.m2\repository\org\springframework\boot\spring-boot-starter-oauth2-client\3.3.0\spring-boot-starter-oauth2-client-3.3.0.jar;C:\Users\Bablesh AAzad\.m2\repository\org\springframework\security\spring-security-core\6.3.0\spring-security-core-6.3.0.jar;C:\Users\Bablesh AAzad\.m2\repository\org\springframework\security\spring-security-crypto\6.3.0\spring-security-crypto-6.3.0.jar;C:\Users\Bablesh AAzad\.m2\repository\io\micrometer\micrometer-observation\1.13.0\micrometer-observation-1.13.0.jar;C:\Users\Bablesh AAzad\.m2\repository\io\micrometer\micrometer-commons\1.13.0\micrometer-commons-1.13.0.jar;C:\Users\Bablesh AAzad\.m2\repository\org\springframework\security\spring-security-oauth2-client\6.3.0\spring-security-oauth2-client-6.3.0.jar;C:\Users\Bablesh AAzad\.m2\repository\org\springframework\security\spring-security-oauth2-core\6.3.0\spring-security-oauth2-core-6.3.0.jar;C:\Users\Bablesh AAzad\.m2\repository\com\nimbusds\oauth2-oidc-sdk\9.43.4\oauth2-oidc-sdk-9.43.4.jar;C:\Users\Bablesh AAzad\.m2\repository\com\github\stephenc\jcip\jcip-annotations\1.0-1\jcip-annotations-1.0-1.jar;C:\Users\Bablesh AAzad\.m2\repository\com\nimbusds\content-type\2.2\content-type-2.2.jar;C:\Users\Bablesh AAzad\.m2\repository\com\nimbusds\lang-tag\1.7\lang-tag-1.7.jar;C:\Users\Bablesh AAzad\.m2\repository\org\springframework\security\spring-security-oauth2-jose\6.3.0\spring-security-oauth2-jose-6.3.0.jar;C:\Users\Bablesh AAzad\.m2\repository\com\nimbusds\nimbus-jose-jwt\9.37.3\nimbus-jose-jwt-9.37.3.jar;C:\Users\Bablesh AAzad\.m2\repository\org\springframework\boot\spring-boot-starter-validation\3.3.0\spring-boot-starter-validation-3.3.0.jar;C:\Users\Bablesh AAzad\.m2\repository\org\apache\tomcat\embed\tomcat-embed-el\10.1.24\tomcat-embed-el-10.1.24.jar;C:\Users\Bablesh AAzad\.m2\repository\org\hibernate\validator\hibernate-validator\8.0.1.Final\hibernate-validator-8.0.1.Final.jar;C:\Users\Bablesh AAzad\.m2\repository\jakarta\validation\jakarta.validation-api\3.0.2\jakarta.validation-api-3.0.2.jar;C:\Users\Bablesh AAzad\.m2\repository\org\springframework\boot\spring-boot-starter-web\3.3.0\spring-boot-starter-web-3.3.0.jar;C:\Users\Bablesh AAzad\.m2\repository\org\springframework\boot\spring-boot-starter-json\3.3.0\spring-boot-starter-json-3.3.0.jar;C:\Users\Bablesh AAzad\.m2\repository\com\fasterxml\jackson\core\jackson-databind\2.17.1\jackson-databind-2.17.1.jar;C:\Users\Bablesh AAzad\.m2\repository\com\fasterxml\jackson\core\jackson-annotations\2.17.1\jackson-annotations-2.17.1.jar;C:\Users\Bablesh AAzad\.m2\repository\com\fasterxml\jackson\core\jackson-core\2.17.1\jackson-core-2.17.1.jar;C:\Users\Bablesh AAzad\.m2\repository\com\fasterxml\jackson\datatype\jackson-datatype-jdk8\2.17.1\jackson-datatype-jdk8-2.17.1.jar;C:\Users\Bablesh AAzad\.m2\repository\com\fasterxml\jackson\datatype\jackson-datatype-jsr310\2.17.1\jackson-datatype-jsr310-2.17.1.jar;C:\Users\Bablesh AAzad\.m2\repository\com\fasterxml\jackson\module\jackson-module-parameter-names\2.17.1\jackson-module-parameter-names-2.17.1.jar;C:\Users\Bablesh AAzad\.m2\repository\org\springframework\boot\spring-boot-starter-tomcat\3.3.0\spring-boot-starter-tomcat-3.3.0.jar;C:\Users\Bablesh AAzad\.m2\repository\org\apache\tomcat\embed\tomcat-embed-core\10.1.24\tomcat-embed-core-10.1.24.jar;C:\Users\Bablesh AAzad\.m2\repository\org\apache\tomcat\embed\tomcat-embed-websocket\10.1.24\tomcat-embed-websocket-10.1.24.jar;C:\Users\Bablesh AAzad\.m2\repository\org\springframework\spring-web\6.1.8\spring-web-6.1.8.jar;C:\Users\Bablesh AAzad\.m2\repository\org\springframework\spring-webmvc\6.1.8\spring-webmvc-6.1.8.jar;C:\Users\Bablesh AAzad\.m2\repository\org\springframework\boot\spring-boot-starter-hateoas\3.3.0\spring-boot-starter-hateoas-3.3.0.jar;C:\Users\Bablesh AAzad\.m2\repository\org\springframework\hateoas\spring-hateoas\2.3.0\spring-hateoas-2.3.0.jar;C:\Users\Bablesh AAzad\.m2\repository\org\springframework\plugin\spring-plugin-core\3.0.0\spring-plugin-core-3.0.0.jar;C:\Users\Bablesh AAzad\.m2\repository\com\github\librepdf\openpdf\2.0.2\openpdf-2.0.2.jar;C:\Users\Bablesh AAzad\.m2\repository\org\springframework\boot\spring-boot-devtools\3.3.0\spring-boot-devtools-3.3.0.jar;C:\Users\Bablesh AAzad\.m2\repository\org\springframework\boot\spring-boot\3.3.0\spring-boot-3.3.0.jar;C:\Users\Bablesh AAzad\.m2\repository\org\springframework\boot\spring-boot-autoconfigure\3.3.0\spring-boot-autoconfigure-3.3.0.jar;C:\Users\Bablesh AAzad\.m2\repository\com\mysql\mysql-connector-j\8.3.0\mysql-connector-j-8.3.0.jar;C:\Users\Bablesh AAzad\.m2\repository\org\projectlombok\lombok\1.18.32\lombok-1.18.32.jar;C:\Users\Bablesh AAzad\.m2\repository\com\jayway\jsonpath\json-path\2.9.0\json-path-2.9.0.jar;C:\Users\Bablesh AAzad\.m2\repository\jakarta\xml\bind\jakarta.xml.bind-api\4.0.2\jakarta.xml.bind-api-4.0.2.jar;C:\Users\Bablesh AAzad\.m2\repository\jakarta\activation\jakarta.activation-api\2.1.3\jakarta.activation-api-2.1.3.jar;C:\Users\Bablesh AAzad\.m2\repository\net\minidev\json-smart\2.5.1\json-smart-2.5.1.jar;C:\Users\Bablesh AAzad\.m2\repository\net\minidev\accessors-smart\2.5.1\accessors-smart-2.5.1.jar;C:\Users\Bablesh AAzad\.m2\repository\org\ow2\asm\asm\9.6\asm-9.6.jar;C:\Users\Bablesh AAzad\.m2\repository\org\springframework\spring-core\6.1.8\spring-core-6.1.8.jar;C:\Users\Bablesh AAzad\.m2\repository\org\springframework\spring-jcl\6.1.8\spring-jcl-6.1.8.jar;C:\Users\Bablesh AAzad\.m2\repository\org\springdoc\springdoc-openapi-starter-webmvc-ui\2.5.0\springdoc-openapi-starter-webmvc-ui-2.5.0.jar;C:\Users\Bablesh AAzad\.m2\repository\org\springdoc\springdoc-openapi-starter-webmvc-api\2.5.0\springdoc-openapi-starter-webmvc-api-2.5.0.jar;C:\Users\Bablesh AAzad\.m2\repository\org\springdoc\springdoc-openapi-starter-common\2.5.0\springdoc-openapi-starter-common-2.5.0.jar;C:\Users\Bablesh AAzad\.m2\repository\io\swagger\core\v3\swagger-core-jakarta\2.2.21\swagger-core-jakarta-2.2.21.jar;C:\Users\Bablesh AAzad\.m2\repository\org\apache\commons\commons-lang3\3.14.0\commons-lang3-3.14.0.jar;C:\Users\Bablesh AAzad\.m2\repository\io\swagger\core\v3\swagger-annotations-jakarta\2.2.21\swagger-annotations-jakarta-2.2.21.jar;C:\Users\Bablesh AAzad\.m2\repository\io\swagger\core\v3\swagger-models-jakarta\2.2.21\swagger-models-jakarta-2.2.21.jar;C:\Users\Bablesh AAzad\.m2\repository\com\fasterxml\jackson\dataformat\jackson-dataformat-yaml\2.17.1\jackson-dataformat-yaml-2.17.1.jar;C:\Users\Bablesh AAzad\.m2\repository\org\webjars\swagger-ui\5.13.0\swagger-ui-5.13.0.jar
Launcher Type: SUN_STANDARD

[Global flags]
     intx CICompilerCount                          = 3                                         {product} {ergonomic}
     uint ConcGCThreads                            = 1                                         {product} {ergonomic}
     uint G1ConcRefinementThreads                  = 4                                         {product} {ergonomic}
   size_t G1HeapRegionSize                         = 1048576                                   {product} {ergonomic}
    uintx GCDrainStackTargetSize                   = 64                                        {product} {ergonomic}
   size_t InitialHeapSize                          = 58720256                                  {product} {ergonomic}
   size_t MarkStackSize                            = 4194304                                   {product} {ergonomic}
   size_t MaxHeapSize                              = 931135488                                 {product} {ergonomic}
   size_t MaxNewSize                               = 557842432                                 {product} {ergonomic}
   size_t MinHeapDeltaBytes                        = 1048576                                   {product} {ergonomic}
   size_t MinHeapSize                              = 8388608                                   {product} {ergonomic}
    uintx NonNMethodCodeHeapSize                   = 5832780                                {pd product} {ergonomic}
    uintx NonProfiledCodeHeapSize                  = 122912730                              {pd product} {ergonomic}
    uintx ProfiledCodeHeapSize                     = 122912730                              {pd product} {ergonomic}
    uintx ReservedCodeCacheSize                    = 251658240                              {pd product} {ergonomic}
     bool SegmentedCodeCache                       = true                                      {product} {ergonomic}
   size_t SoftMaxHeapSize                          = 931135488                              {manageable} {ergonomic}
     bool UseCompressedOops                        = true                           {product lp64_product} {ergonomic}
     bool UseG1GC                                  = true                                      {product} {ergonomic}
     bool UseLargePagesIndividualAllocation        = false                                  {pd product} {ergonomic}

Logging:
Log output configuration:
 #0: stdout all=warning uptime,level,tags foldmultilines=false
 #1: stderr all=off uptime,level,tags foldmultilines=false

Environment Variables:
PATH=C:\Program Files\Common Files\Oracle\Java\javapath;C:\Windows\system32;C:\Windows;C:\Windows\System32\Wbem;C:\Windows\System32\WindowsPowerShell\v1.0\;C:\Windows\System32\OpenSSH\;C:\Program Files\nodejs\;C:\Program Files\Java\jdk-21\bin;C:\Program Files\Java\jdk-22\bin;C:\Program Files\Git\cmd;C:\Users\Bablesh AAzad\AppData\Local\Microsoft\WindowsApps;C:\Users\Bablesh AAzad\AppData\Roaming\npm;C:\Users\Bablesh AAzad\AppData\Local\Programs\Microsoft VS Code\bin;;C:\Program Files\JetBrains\IntelliJ IDEA Community Edition 2024.1.2\bin;
USERNAME=Bablesh AAzad
OS=Windows_NT
PROCESSOR_IDENTIFIER=AMD64 Family 22 Model 48 Stepping 1, AuthenticAMD
TMP=C:\Users\BABLES~1\AppData\Local\Temp
TEMP=C:\Users\BABLES~1\AppData\Local\Temp




Periodic native trim disabled

---------------  S Y S T E M  ---------------

OS:
 Windows 10 , 64 bit Build 19041 (10.0.19041.4717)
OS uptime: 4 days 0:44 hours

CPU: total 4 (initial active 4) (4 cores per cpu, 1 threads per core) family 22 model 48 stepping 1 microcode 0x0, cx8, cmov, fxsr, mmx, 3dnowpref, sse, sse2, sse3, ssse3, sse4a, sse4.1, sse4.2, popcnt, lzcnt, tsc, tscinvbit, avx, aes, clmul, bmi1, vzeroupper, clflush, rdtscp, f16c
Processor Information for all 4 processors :
  Max Mhz: 2200, Current Mhz: 2200, Mhz Limit: 2200

Memory: 4k page, system-wide physical 3546M (64M free)
TotalPageFile size 14298M (AvailPageFile size 4M)
current process WorkingSet (physical memory assigned to process): 180M, peak: 187M
current process commit charge ("private bytes"): 228M, peak: 229M

vm_info: Java HotSpot(TM) 64-Bit Server VM (21.0.3+7-LTS-152) for windows-amd64 JRE (21.0.3+7-LTS-152), built on 2024-03-11T17:42:26Z by "mach5one" with MS VC++ 17.6 (VS2022)

END.
