#
# There is insufficient memory for the Java Runtime Environment to continue.
# Native memory allocation (malloc) failed to allocate 32744 bytes for Chunk::new
# Possible reasons:
#   The system is out of physical RAM or swap space
#   The process is running with CompressedOops enabled, and the Java Heap may be blocking the growth of the native heap
# Possible solutions:
#   Reduce memory load on the system
#   Increase physical memory or swap space
#   Check if swap backing store is full
#   Decrease Java heap size (-Xmx/-Xms)
#   Decrease number of Java threads
#   Decrease Java thread stack sizes (-Xss)
#   Set larger code cache with -XX:ReservedCodeCacheSize=
#   JVM is running with Unscaled Compressed Oops mode in which the Java heap is
#     placed in the first 4GB address space. The Java Heap base address is the
#     maximum limit for the native heap growth. Please use -XX:HeapBaseMinAddress
#     to set the Java Heap base and to place the Java Heap above 4GB virtual address.
# This output file may be truncated or incomplete.
#
#  Out of Memory Error (arena.cpp:168), pid=8076, tid=1128
#
# JRE version: Java(TM) SE Runtime Environment (21.0.3+7) (build 21.0.3+7-LTS-152)
# Java VM: Java HotSpot(TM) 64-Bit Server VM (21.0.3+7-LTS-152, mixed mode, sharing, tiered, compressed oops, compressed class ptrs, g1 gc, windows-amd64)
# No core dump will be written. Minidumps are not enabled by default on client versions of Windows
#

---------------  S U M M A R Y ------------

Command Line: -javaagent:C:\Program Files\JetBrains\IntelliJ IDEA Community Edition 2024.1.2\lib\idea_rt.jar=57365:C:\Program Files\JetBrains\IntelliJ IDEA Community Edition 2024.1.2\bin -Dfile.encoding=UTF-8 -Dsun.stdout.encoding=UTF-8 -Dsun.stderr.encoding=UTF-8 com.storehousemgm.StoreHouseManagementSystemApplication

Host: AMD A8-7410 APU with AMD Radeon R5 Graphics    , 4 cores, 3G,  Windows 10 , 64 bit Build 19041 (10.0.19041.4717)
Time: Thu Aug  1 17:31:42 2024 India Standard Time elapsed time: 1821.542918 seconds (0d 0h 30m 21s)

---------------  T H R E A D  ---------------

Current thread (0x000002d77f762430):  JavaThread "C2 CompilerThread0" daemon [_thread_in_native, id=1128, stack(0x000000f27ce00000,0x000000f27cf00000) (1024K)]


Current CompileTask:
C2:1821543 10150       4       sun.security.ec.ECOperations::setSum (685 bytes)

Stack: [0x000000f27ce00000,0x000000f27cf00000]
Native frames: (J=compiled Java code, j=interpreted, Vv=VM code, C=native code)
V  [jvm.dll+0x6c63b9]
V  [jvm.dll+0x84fa11]
V  [jvm.dll+0x851f3e]
V  [jvm.dll+0x852613]
V  [jvm.dll+0x27cd46]
V  [jvm.dll+0xc4aad]
V  [jvm.dll+0xc4fe3]
V  [jvm.dll+0x6a1fcd]
V  [jvm.dll+0x38fa13]
V  [jvm.dll+0x3947d6]
V  [jvm.dll+0x3985a2]
V  [jvm.dll+0x1c96e3]
V  [jvm.dll+0x1ca74c]
V  [jvm.dll+0x1ca74c]
V  [jvm.dll+0x2eed0f]
V  [jvm.dll+0x6e0568]
V  [jvm.dll+0x6d8795]
V  [jvm.dll+0x6d7dde]
V  [jvm.dll+0x6d6004]
V  [jvm.dll+0x1c9bcc]
V  [jvm.dll+0x1ca74c]
V  [jvm.dll+0x2eed0f]
V  [jvm.dll+0x6e0568]
V  [jvm.dll+0x6d8795]
V  [jvm.dll+0x6d7dde]
V  [jvm.dll+0x6d6004]
V  [jvm.dll+0x1c9bcc]
V  [jvm.dll+0x1ca74c]
V  [jvm.dll+0x2eed0f]
V  [jvm.dll+0x6e0568]
V  [jvm.dll+0x6d8795]
V  [jvm.dll+0x6d7dde]
V  [jvm.dll+0x6d6004]
V  [jvm.dll+0x1c9bcc]
V  [jvm.dll+0x244c8e]
V  [jvm.dll+0x1c689e]
V  [jvm.dll+0x254609]
V  [jvm.dll+0x252b9a]
V  [jvm.dll+0x3eb056]
V  [jvm.dll+0x7f9ffb]
V  [jvm.dll+0x6c4a9d]
C  [ucrtbase.dll+0x21bb2]
C  [KERNEL32.DLL+0x17374]
C  [ntdll.dll+0x4cc91]


---------------  P R O C E S S  ---------------

Threads class SMR info:
_java_thread_list=0x000002d75015ae20, length=33, elements={
0x000002d77f74ef20, 0x000002d77f750790, 0x000002d77f754fe0, 0x000002d77f757c00,
0x000002d77f75b000, 0x000002d77f75fc20, 0x000002d77f762430, 0x000002d77f766cb0,
0x000002d764e8cdf0, 0x000002d7472322a0, 0x000002d747232910, 0x000002d747e64650,
0x000002d747e65a00, 0x000002d747e66090, 0x000002d747e66720, 0x000002d747e66db0,
0x000002d747e67440, 0x000002d748d05f10, 0x000002d748d065a0, 0x000002d748d037b0,
0x000002d748d06c30, 0x000002d748d0a0b0, 0x000002d748d044d0, 0x000002d748d0a740,
0x000002d748d072c0, 0x000002d748d04b60, 0x000002d748d03e40, 0x000002d748d07950,
0x000002d748d051f0, 0x000002d748d05880, 0x000002d748d08670, 0x000002d748d0add0,
0x000002d748d09390
}

Java Threads: ( => current thread )
  0x000002d77f74ef20 JavaThread "Reference Handler"          daemon [_thread_blocked, id=6516, stack(0x000000f27c800000,0x000000f27c900000) (1024K)]
  0x000002d77f750790 JavaThread "Finalizer"                  daemon [_thread_blocked, id=11616, stack(0x000000f27c900000,0x000000f27ca00000) (1024K)]
  0x000002d77f754fe0 JavaThread "Signal Dispatcher"          daemon [_thread_blocked, id=11796, stack(0x000000f27ca00000,0x000000f27cb00000) (1024K)]
  0x000002d77f757c00 JavaThread "Attach Listener"            daemon [_thread_blocked, id=7032, stack(0x000000f27cb00000,0x000000f27cc00000) (1024K)]
  0x000002d77f75b000 JavaThread "Service Thread"             daemon [_thread_blocked, id=13168, stack(0x000000f27cc00000,0x000000f27cd00000) (1024K)]
  0x000002d77f75fc20 JavaThread "Monitor Deflation Thread"   daemon [_thread_blocked, id=9368, stack(0x000000f27cd00000,0x000000f27ce00000) (1024K)]
=>0x000002d77f762430 JavaThread "C2 CompilerThread0"         daemon [_thread_in_native, id=1128, stack(0x000000f27ce00000,0x000000f27cf00000) (1024K)]
  0x000002d77f766cb0 JavaThread "C1 CompilerThread0"         daemon [_thread_blocked, id=11084, stack(0x000000f27cf00000,0x000000f27d000000) (1024K)]
  0x000002d764e8cdf0 JavaThread "Common-Cleaner"             daemon [_thread_blocked, id=4464, stack(0x000000f27d000000,0x000000f27d100000) (1024K)]
  0x000002d7472322a0 JavaThread "Monitor Ctrl-Break"         daemon [_thread_in_native, id=12308, stack(0x000000f27d100000,0x000000f27d200000) (1024K)]
  0x000002d747232910 JavaThread "Notification Thread"        daemon [_thread_blocked, id=8320, stack(0x000000f27d200000,0x000000f27d300000) (1024K)]
  0x000002d747e64650 JavaThread "Catalina-utility-1"                [_thread_blocked, id=11620, stack(0x000000f27d800000,0x000000f27d900000) (1024K)]
  0x000002d747e65a00 JavaThread "Catalina-utility-2"                [_thread_blocked, id=12728, stack(0x000000f27d900000,0x000000f27da00000) (1024K)]
  0x000002d747e66090 JavaThread "http-nio-8081-exec-1"       daemon [_thread_blocked, id=13016, stack(0x000000f27da00000,0x000000f27db00000) (1024K)]
  0x000002d747e66720 JavaThread "http-nio-8081-exec-2"       daemon [_thread_blocked, id=5740, stack(0x000000f27db00000,0x000000f27dc00000) (1024K)]
  0x000002d747e66db0 JavaThread "http-nio-8081-exec-3"       daemon [_thread_blocked, id=12792, stack(0x000000f27dc00000,0x000000f27dd00000) (1024K)]
  0x000002d747e67440 JavaThread "http-nio-8081-exec-4"       daemon [_thread_blocked, id=11380, stack(0x000000f27dd00000,0x000000f27de00000) (1024K)]
  0x000002d748d05f10 JavaThread "http-nio-8081-exec-5"       daemon [_thread_blocked, id=10880, stack(0x000000f27de00000,0x000000f27df00000) (1024K)]
  0x000002d748d065a0 JavaThread "http-nio-8081-exec-6"       daemon [_thread_blocked, id=12948, stack(0x000000f27df00000,0x000000f27e000000) (1024K)]
  0x000002d748d037b0 JavaThread "http-nio-8081-exec-7"       daemon [_thread_blocked, id=8780, stack(0x000000f27e000000,0x000000f27e100000) (1024K)]
  0x000002d748d06c30 JavaThread "http-nio-8081-exec-8"       daemon [_thread_blocked, id=6332, stack(0x000000f27e100000,0x000000f27e200000) (1024K)]
  0x000002d748d0a0b0 JavaThread "http-nio-8081-exec-9"       daemon [_thread_blocked, id=10748, stack(0x000000f27e200000,0x000000f27e300000) (1024K)]
  0x000002d748d044d0 JavaThread "http-nio-8081-exec-10"      daemon [_thread_blocked, id=12932, stack(0x000000f27e300000,0x000000f27e400000) (1024K)]
  0x000002d748d0a740 JavaThread "container-0"                       [_thread_blocked, id=6828, stack(0x000000f27e400000,0x000000f27e500000) (1024K)]
  0x000002d748d072c0 JavaThread "mysql-cj-abandoned-connection-cleanup" daemon [_thread_blocked, id=12196, stack(0x000000f27e500000,0x000000f27e600000) (1024K)]
  0x000002d748d04b60 JavaThread "HikariPool-1 housekeeper"   daemon [_thread_blocked, id=4780, stack(0x000000f27e700000,0x000000f27e800000) (1024K)]
  0x000002d748d03e40 JavaThread "File Watcher"               daemon [_thread_in_Java, id=5148, stack(0x000000f27e800000,0x000000f27e900000) (1024K)]
  0x000002d748d07950 JavaThread "Live Reload Server"         daemon [_thread_in_native, id=12048, stack(0x000000f27ea00000,0x000000f27eb00000) (1024K)]
  0x000002d748d051f0 JavaThread "http-nio-8081-Poller"       daemon [_thread_in_native, id=12488, stack(0x000000f27e900000,0x000000f27ea00000) (1024K)]
  0x000002d748d05880 JavaThread "http-nio-8081-Acceptor"     daemon [_thread_in_native, id=5540, stack(0x000000f27eb00000,0x000000f27ec00000) (1024K)]
  0x000002d748d08670 JavaThread "DestroyJavaVM"                     [_thread_blocked, id=4636, stack(0x000000f27c000000,0x000000f27c100000) (1024K)]
  0x000002d748d0add0 JavaThread "HikariPool-1 connection closer" daemon [_thread_blocked, id=8944, stack(0x000000f27bd00000,0x000000f27be00000) (1024K)]
  0x000002d748d09390 JavaThread "HikariPool-1 connection adder" daemon [_thread_in_Java, id=8516, stack(0x000000f27be00000,0x000000f27bf00000) (1024K)]
Total: 33

Other Threads:
  0x000002d764ea3e20 VMThread "VM Thread"                           [id=2708, stack(0x000000f27c700000,0x000000f27c800000) (1024K)]
  0x000002d77f73d2d0 WatcherThread "VM Periodic Task Thread"        [id=4484, stack(0x000000f27c600000,0x000000f27c700000) (1024K)]
  0x000002d764e1e970 WorkerThread "GC Thread#0"                     [id=12784, stack(0x000000f27c100000,0x000000f27c200000) (1024K)]
  0x000002d7475a1ad0 WorkerThread "GC Thread#1"                     [id=5572, stack(0x000000f27d300000,0x000000f27d400000) (1024K)]
  0x000002d7474a9d40 WorkerThread "GC Thread#2"                     [id=7092, stack(0x000000f27d400000,0x000000f27d500000) (1024K)]
  0x000002d7474af510 WorkerThread "GC Thread#3"                     [id=12472, stack(0x000000f27d500000,0x000000f27d600000) (1024K)]
  0x000002d764e29230 ConcurrentGCThread "G1 Main Marker"            [id=2460, stack(0x000000f27c200000,0x000000f27c300000) (1024K)]
  0x000002d764e2a4d0 WorkerThread "G1 Conc#0"                       [id=8636, stack(0x000000f27c300000,0x000000f27c400000) (1024K)]
  0x000002d764e7e080 ConcurrentGCThread "G1 Refine#0"               [id=9044, stack(0x000000f27c400000,0x000000f27c500000) (1024K)]
  0x000002d764e7ebf0 ConcurrentGCThread "G1 Service"                [id=7420, stack(0x000000f27c500000,0x000000f27c600000) (1024K)]
Total: 10

Threads with active compile tasks:
C2 CompilerThread0  1821686 10150       4       sun.security.ec.ECOperations::setSum (685 bytes)
Total: 1

VM state: not at safepoint (normal execution)

VM Mutex/Monitor currently owned by a thread: None

Heap address: 0x00000000c8800000, size: 888 MB, Compressed Oops mode: 32-bit

CDS archive(s) mapped at: [0x000002d702000000-0x000002d702c90000-0x000002d702c90000), size 13172736, SharedBaseAddress: 0x000002d702000000, ArchiveRelocationMode: 1.
Compressed class space mapped at: 0x000002d703000000-0x000002d743000000, reserved size: 1073741824
Narrow klass base: 0x000002d702000000, Narrow klass shift: 0, Narrow klass range: 0x100000000

GC Precious Log:
 CardTable entry size: 512
 Card Set container configuration: InlinePtr #cards 5 size 8 Array Of Cards #cards 12 size 40 Howl #buckets 4 coarsen threshold 1843 Howl Bitmap #cards 512 size 80 coarsen threshold 460 Card regions per heap region 1 cards per card region 2048
 CPUs: 4 total, 4 available
 Memory: 3546M
 Large Page Support: Disabled
 NUMA Support: Disabled
 Compressed Oops: Enabled (32-bit)
 Heap Region Size: 1M
 Heap Min Capacity: 8M
 Heap Initial Capacity: 56M
 Heap Max Capacity: 888M
 Pre-touch: Disabled
 Parallel Workers: 4
 Concurrent Workers: 1
 Concurrent Refinement Workers: 4
 Periodic GC: Disabled

Heap:
 garbage-first heap   total 73728K, used 65871K [0x00000000c8800000, 0x0000000100000000)
  region size 1024K, 29 young (29696K), 1 survivors (1024K)
 Metaspace       used 83543K, committed 84736K, reserved 1179648K
  class space    used 11053K, committed 11584K, reserved 1048576K

Heap Regions: E=young(eden), S=young(survivor), O=old, HS=humongous(starts), HC=humongous(continues), CS=collection set, F=free, TAMS=top-at-mark-start, PB=parsable bottom
|   0|0x00000000c8800000, 0x00000000c8900000, 0x00000000c8900000|100%|HS|  |TAMS 0x00000000c8800000| PB 0x00000000c8800000| Complete 
|   1|0x00000000c8900000, 0x00000000c8a00000, 0x00000000c8a00000|100%| O|  |TAMS 0x00000000c8900000| PB 0x00000000c8900000| Untracked 
|   2|0x00000000c8a00000, 0x00000000c8b00000, 0x00000000c8b00000|100%| O|  |TAMS 0x00000000c8a00000| PB 0x00000000c8a00000| Untracked 
|   3|0x00000000c8b00000, 0x00000000c8c00000, 0x00000000c8c00000|100%| O|  |TAMS 0x00000000c8b00000| PB 0x00000000c8b00000| Untracked 
|   4|0x00000000c8c00000, 0x00000000c8d00000, 0x00000000c8d00000|100%| O|  |TAMS 0x00000000c8c00000| PB 0x00000000c8c00000| Untracked 
|   5|0x00000000c8d00000, 0x00000000c8e00000, 0x00000000c8e00000|100%| O|  |TAMS 0x00000000c8d00000| PB 0x00000000c8d00000| Untracked 
|   6|0x00000000c8e00000, 0x00000000c8f00000, 0x00000000c8f00000|100%| O|  |TAMS 0x00000000c8e00000| PB 0x00000000c8e00000| Untracked 
|   7|0x00000000c8f00000, 0x00000000c9000000, 0x00000000c9000000|100%| O|  |TAMS 0x00000000c8f00000| PB 0x00000000c8f00000| Untracked 
|   8|0x00000000c9000000, 0x00000000c9100000, 0x00000000c9100000|100%| O|  |TAMS 0x00000000c9000000| PB 0x00000000c9000000| Untracked 
|   9|0x00000000c9100000, 0x00000000c9200000, 0x00000000c9200000|100%| O|  |TAMS 0x00000000c9100000| PB 0x00000000c9100000| Untracked 
|  10|0x00000000c9200000, 0x00000000c9300000, 0x00000000c9300000|100%| O|  |TAMS 0x00000000c9200000| PB 0x00000000c9200000| Untracked 
|  11|0x00000000c9300000, 0x00000000c9400000, 0x00000000c9400000|100%| O|  |TAMS 0x00000000c9300000| PB 0x00000000c9300000| Untracked 
|  12|0x00000000c9400000, 0x00000000c9500000, 0x00000000c9500000|100%| O|  |TAMS 0x00000000c9400000| PB 0x00000000c9400000| Untracked 
|  13|0x00000000c9500000, 0x00000000c9600000, 0x00000000c9600000|100%| O|  |TAMS 0x00000000c9500000| PB 0x00000000c9500000| Untracked 
|  14|0x00000000c9600000, 0x00000000c9700000, 0x00000000c9700000|100%| O|  |TAMS 0x00000000c9600000| PB 0x00000000c9600000| Untracked 
|  15|0x00000000c9700000, 0x00000000c9800000, 0x00000000c9800000|100%| O|  |TAMS 0x00000000c9700000| PB 0x00000000c9700000| Untracked 
|  16|0x00000000c9800000, 0x00000000c9900000, 0x00000000c9900000|100%| O|  |TAMS 0x00000000c9800000| PB 0x00000000c9800000| Untracked 
|  17|0x00000000c9900000, 0x00000000c9a00000, 0x00000000c9a00000|100%| O|  |TAMS 0x00000000c9900000| PB 0x00000000c9900000| Untracked 
|  18|0x00000000c9a00000, 0x00000000c9b00000, 0x00000000c9b00000|100%| O|  |TAMS 0x00000000c9a00000| PB 0x00000000c9a00000| Untracked 
|  19|0x00000000c9b00000, 0x00000000c9c00000, 0x00000000c9c00000|100%| O|  |TAMS 0x00000000c9b00000| PB 0x00000000c9b00000| Untracked 
|  20|0x00000000c9c00000, 0x00000000c9d00000, 0x00000000c9d00000|100%| O|  |TAMS 0x00000000c9c00000| PB 0x00000000c9c00000| Untracked 
|  21|0x00000000c9d00000, 0x00000000c9e00000, 0x00000000c9e00000|100%| O|  |TAMS 0x00000000c9d00000| PB 0x00000000c9d00000| Untracked 
|  22|0x00000000c9e00000, 0x00000000c9f00000, 0x00000000c9f00000|100%| O|  |TAMS 0x00000000c9e00000| PB 0x00000000c9e00000| Untracked 
|  23|0x00000000c9f00000, 0x00000000c9f00000, 0x00000000ca000000|  0%| F|  |TAMS 0x00000000c9f00000| PB 0x00000000c9f00000| Untracked 
|  24|0x00000000ca000000, 0x00000000ca100000, 0x00000000ca100000|100%| O|  |TAMS 0x00000000ca000000| PB 0x00000000ca000000| Untracked 
|  25|0x00000000ca100000, 0x00000000ca200000, 0x00000000ca200000|100%| O|  |TAMS 0x00000000ca100000| PB 0x00000000ca100000| Untracked 
|  26|0x00000000ca200000, 0x00000000ca300000, 0x00000000ca300000|100%| O|Cm|TAMS 0x00000000ca200000| PB 0x00000000ca200000| Complete 
|  27|0x00000000ca300000, 0x00000000ca400000, 0x00000000ca400000|100%| O|  |TAMS 0x00000000ca300000| PB 0x00000000ca300000| Untracked 
|  28|0x00000000ca400000, 0x00000000ca500000, 0x00000000ca500000|100%| O|  |TAMS 0x00000000ca400000| PB 0x00000000ca400000| Untracked 
|  29|0x00000000ca500000, 0x00000000ca600000, 0x00000000ca600000|100%| O|  |TAMS 0x00000000ca500000| PB 0x00000000ca500000| Untracked 
|  30|0x00000000ca600000, 0x00000000ca600000, 0x00000000ca700000|  0%| F|  |TAMS 0x00000000ca600000| PB 0x00000000ca600000| Untracked 
|  31|0x00000000ca700000, 0x00000000ca800000, 0x00000000ca800000|100%| O|  |TAMS 0x00000000ca700000| PB 0x00000000ca700000| Untracked 
|  32|0x00000000ca800000, 0x00000000ca900000, 0x00000000ca900000|100%| O|  |TAMS 0x00000000ca800000| PB 0x00000000ca800000| Untracked 
|  33|0x00000000ca900000, 0x00000000ca900000, 0x00000000caa00000|  0%| F|  |TAMS 0x00000000ca900000| PB 0x00000000ca900000| Untracked 
|  34|0x00000000caa00000, 0x00000000cab00000, 0x00000000cab00000|100%| O|  |TAMS 0x00000000caa00000| PB 0x00000000caa00000| Untracked 
|  35|0x00000000cab00000, 0x00000000cac00000, 0x00000000cac00000|100%| O|  |TAMS 0x00000000cab00000| PB 0x00000000cab00000| Untracked 
|  36|0x00000000cac00000, 0x00000000cad00000, 0x00000000cad00000|100%| O|  |TAMS 0x00000000cac00000| PB 0x00000000cac00000| Untracked 
|  37|0x00000000cad00000, 0x00000000cae00000, 0x00000000cae00000|100%| O|  |TAMS 0x00000000cad00000| PB 0x00000000cad00000| Untracked 
|  38|0x00000000cae00000, 0x00000000caf00000, 0x00000000caf00000|100%| O|  |TAMS 0x00000000cae00000| PB 0x00000000cae00000| Untracked 
|  39|0x00000000caf00000, 0x00000000caf00000, 0x00000000cb000000|  0%| F|  |TAMS 0x00000000caf00000| PB 0x00000000caf00000| Untracked 
|  40|0x00000000cb000000, 0x00000000cb100000, 0x00000000cb100000|100%| O|  |TAMS 0x00000000cb000000| PB 0x00000000cb000000| Untracked 
|  41|0x00000000cb100000, 0x00000000cb100000, 0x00000000cb200000|  0%| F|  |TAMS 0x00000000cb100000| PB 0x00000000cb100000| Untracked 
|  42|0x00000000cb200000, 0x00000000cb200000, 0x00000000cb300000|  0%| F|  |TAMS 0x00000000cb200000| PB 0x00000000cb200000| Untracked 
|  43|0x00000000cb300000, 0x00000000cb353f68, 0x00000000cb400000| 32%| S|CS|TAMS 0x00000000cb300000| PB 0x00000000cb300000| Complete 
|  44|0x00000000cb400000, 0x00000000cb424698, 0x00000000cb500000| 14%| E|  |TAMS 0x00000000cb400000| PB 0x00000000cb400000| Complete 
|  45|0x00000000cb500000, 0x00000000cb600000, 0x00000000cb600000|100%| E|CS|TAMS 0x00000000cb500000| PB 0x00000000cb500000| Complete 
|  46|0x00000000cb600000, 0x00000000cb700000, 0x00000000cb700000|100%| E|CS|TAMS 0x00000000cb600000| PB 0x00000000cb600000| Complete 
|  47|0x00000000cb700000, 0x00000000cb800000, 0x00000000cb800000|100%| E|CS|TAMS 0x00000000cb700000| PB 0x00000000cb700000| Complete 
|  48|0x00000000cb800000, 0x00000000cb900000, 0x00000000cb900000|100%| E|CS|TAMS 0x00000000cb800000| PB 0x00000000cb800000| Complete 
|  49|0x00000000cb900000, 0x00000000cba00000, 0x00000000cba00000|100%| E|CS|TAMS 0x00000000cb900000| PB 0x00000000cb900000| Complete 
|  50|0x00000000cba00000, 0x00000000cbb00000, 0x00000000cbb00000|100%| E|CS|TAMS 0x00000000cba00000| PB 0x00000000cba00000| Complete 
|  51|0x00000000cbb00000, 0x00000000cbc00000, 0x00000000cbc00000|100%| E|CS|TAMS 0x00000000cbb00000| PB 0x00000000cbb00000| Complete 
|  52|0x00000000cbc00000, 0x00000000cbd00000, 0x00000000cbd00000|100%| E|CS|TAMS 0x00000000cbc00000| PB 0x00000000cbc00000| Complete 
|  53|0x00000000cbd00000, 0x00000000cbe00000, 0x00000000cbe00000|100%| E|CS|TAMS 0x00000000cbd00000| PB 0x00000000cbd00000| Complete 
|  54|0x00000000cbe00000, 0x00000000cbf00000, 0x00000000cbf00000|100%| E|CS|TAMS 0x00000000cbe00000| PB 0x00000000cbe00000| Complete 
|  55|0x00000000cbf00000, 0x00000000cc000000, 0x00000000cc000000|100%| E|CS|TAMS 0x00000000cbf00000| PB 0x00000000cbf00000| Complete 
|  56|0x00000000cc000000, 0x00000000cc100000, 0x00000000cc100000|100%| E|CS|TAMS 0x00000000cc000000| PB 0x00000000cc000000| Complete 
|  57|0x00000000cc100000, 0x00000000cc200000, 0x00000000cc200000|100%| E|CS|TAMS 0x00000000cc100000| PB 0x00000000cc100000| Complete 
|  58|0x00000000cc200000, 0x00000000cc300000, 0x00000000cc300000|100%| E|CS|TAMS 0x00000000cc200000| PB 0x00000000cc200000| Complete 
|  59|0x00000000cc300000, 0x00000000cc400000, 0x00000000cc400000|100%| E|CS|TAMS 0x00000000cc300000| PB 0x00000000cc300000| Complete 
|  60|0x00000000cc400000, 0x00000000cc500000, 0x00000000cc500000|100%| E|CS|TAMS 0x00000000cc400000| PB 0x00000000cc400000| Complete 
|  61|0x00000000cc500000, 0x00000000cc600000, 0x00000000cc600000|100%| E|CS|TAMS 0x00000000cc500000| PB 0x00000000cc500000| Complete 
|  62|0x00000000cc600000, 0x00000000cc700000, 0x00000000cc700000|100%| E|CS|TAMS 0x00000000cc600000| PB 0x00000000cc600000| Complete 
|  63|0x00000000cc700000, 0x00000000cc800000, 0x00000000cc800000|100%| E|CS|TAMS 0x00000000cc700000| PB 0x00000000cc700000| Complete 
|  64|0x00000000cc800000, 0x00000000cc900000, 0x00000000cc900000|100%| E|CS|TAMS 0x00000000cc800000| PB 0x00000000cc800000| Complete 
|  65|0x00000000cc900000, 0x00000000cca00000, 0x00000000cca00000|100%| E|CS|TAMS 0x00000000cc900000| PB 0x00000000cc900000| Complete 
|  66|0x00000000cca00000, 0x00000000ccb00000, 0x00000000ccb00000|100%| E|CS|TAMS 0x00000000cca00000| PB 0x00000000cca00000| Complete 
|  67|0x00000000ccb00000, 0x00000000ccc00000, 0x00000000ccc00000|100%| E|CS|TAMS 0x00000000ccb00000| PB 0x00000000ccb00000| Complete 
|  68|0x00000000ccc00000, 0x00000000ccd00000, 0x00000000ccd00000|100%| E|CS|TAMS 0x00000000ccc00000| PB 0x00000000ccc00000| Complete 
|  69|0x00000000ccd00000, 0x00000000cce00000, 0x00000000cce00000|100%| E|CS|TAMS 0x00000000ccd00000| PB 0x00000000ccd00000| Complete 
|  70|0x00000000cce00000, 0x00000000ccf00000, 0x00000000ccf00000|100%| E|CS|TAMS 0x00000000cce00000| PB 0x00000000cce00000| Complete 
|  71|0x00000000ccf00000, 0x00000000cd000000, 0x00000000cd000000|100%| E|CS|TAMS 0x00000000ccf00000| PB 0x00000000ccf00000| Complete 

Card table byte_map: [0x000002d77e220000,0x000002d77e3e0000] _byte_map_base: 0x000002d77dbdc000

Marking Bits: (CMBitMap*) 0x000002d764e1f880
 Bits: [0x000002d77e3e0000, 0x000002d77f1c0000)

Polling page: 0x000002d764eb0000

Metaspace:

Usage:
  Non-class:     70.79 MB used.
      Class:     10.79 MB used.
       Both:     81.59 MB used.

Virtual space:
  Non-class space:      128.00 MB reserved,      71.44 MB ( 56%) committed,  2 nodes.
      Class space:        1.00 GB reserved,      11.31 MB (  1%) committed,  1 nodes.
             Both:        1.12 GB reserved,      82.75 MB (  7%) committed. 

Chunk freelists:
   Non-Class:  8.31 MB
       Class:  4.83 MB
        Both:  13.14 MB

MaxMetaspaceSize: unlimited
CompressedClassSpaceSize: 1.00 GB
Initial GC threshold: 21.00 MB
Current GC threshold: 137.75 MB
CDS: on
 - commit_granule_bytes: 65536.
 - commit_granule_words: 8192.
 - virtual_space_node_default_size: 8388608.
 - enlarge_chunks_in_place: 1.
 - use_allocation_guard: 0.


Internal statistics:

num_allocs_failed_limit: 12.
num_arena_births: 1252.
num_arena_deaths: 484.
num_vsnodes_births: 3.
num_vsnodes_deaths: 0.
num_space_committed: 1324.
num_space_uncommitted: 0.
num_chunks_returned_to_freelist: 566.
num_chunks_taken_from_freelist: 4346.
num_chunk_merges: 139.
num_chunk_splits: 3046.
num_chunks_enlarged: 2316.
num_inconsistent_stats: 0.

CodeHeap 'non-profiled nmethods': size=120000Kb used=3681Kb max_used=3989Kb free=116319Kb
 bounds [0x000002d776500000, 0x000002d7768f0000, 0x000002d77da30000]
CodeHeap 'profiled nmethods': size=120000Kb used=11228Kb max_used=13453Kb free=108771Kb
 bounds [0x000002d76ea30000, 0x000002d76f760000, 0x000002d775f60000]
CodeHeap 'non-nmethods': size=5760Kb used=1767Kb max_used=1803Kb free=3992Kb
 bounds [0x000002d775f60000, 0x000002d7761d0000, 0x000002d776500000]
 total_blobs=7059 nmethods=6284 adapters=679
 compilation: enabled
              stopped_count=0, restarted_count=0
 full_count=0

Compilation events (20 events):
Event: 1821.425 Thread 0x000002d77f766cb0 nmethod 10146 0x000002d76f32f290 code [0x000002d76f32f460, 0x000002d76f32f7b0]
Event: 1821.428 Thread 0x000002d77f766cb0 10147       3       sun.security.ssl.HandshakeOutStream::putBytes16 (27 bytes)
Event: 1821.428 Thread 0x000002d77f766cb0 nmethod 10147 0x000002d76f32ea90 code [0x000002d76f32ecc0, 0x000002d76f32f0f0]
Event: 1821.449 Thread 0x000002d77f762430 10148 %     4       java.util.LinkedList::indexOf @ 43 (73 bytes)
Event: 1821.450 Thread 0x000002d77f766cb0 10149       3       java.math.BigInteger::compareTo (75 bytes)
Event: 1821.451 Thread 0x000002d77f766cb0 nmethod 10149 0x000002d76f0a4590 code [0x000002d76f0a4760, 0x000002d76f0a4a58]
Event: 1821.455 Thread 0x000002d77f762430 nmethod 10148% 0x000002d776697d90 code [0x000002d776697f20, 0x000002d7766980d0]
Event: 1821.455 Thread 0x000002d77f762430 10150       4       sun.security.ec.ECOperations::setSum (685 bytes)
Event: 1821.456 Thread 0x000002d77f766cb0 10152       3       sun.security.util.math.intpoly.IntegerPolynomial::getElement (10 bytes)
Event: 1821.457 Thread 0x000002d77f766cb0 nmethod 10152 0x000002d76f0a3b10 code [0x000002d76f0a3d00, 0x000002d76f0a4348]
Event: 1821.457 Thread 0x000002d77f766cb0 10153       3       sun.security.util.math.intpoly.IntegerPolynomial$ImmutableElement::<init> (7 bytes)
Event: 1821.457 Thread 0x000002d77f766cb0 nmethod 10153 0x000002d76ef2bc10 code [0x000002d76ef2be00, 0x000002d76ef2c388]
Event: 1821.457 Thread 0x000002d77f766cb0 10154       3       sun.security.util.math.intpoly.IntegerPolynomial$Element::<init> (25 bytes)
Event: 1821.458 Thread 0x000002d77f766cb0 nmethod 10154 0x000002d76ef2b310 code [0x000002d76ef2b500, 0x000002d76ef2ba20]
Event: 1821.458 Thread 0x000002d77f766cb0 10155       3       sun.security.util.math.intpoly.IntegerPolynomial$Element::setValue (18 bytes)
Event: 1821.459 Thread 0x000002d77f766cb0 nmethod 10155 0x000002d76f0a3390 code [0x000002d76f0a3560, 0x000002d76f0a3870]
Event: 1821.459 Thread 0x000002d77f766cb0 10156       3       sun.security.util.math.intpoly.IntegerPolynomial::setLimbsValue (12 bytes)
Event: 1821.459 Thread 0x000002d77f766cb0 nmethod 10156 0x000002d76ef2ad10 code [0x000002d76ef2aec0, 0x000002d76ef2b158]
Event: 1821.459 Thread 0x000002d77f766cb0 10151       3       sun.security.util.math.intpoly.IntegerPolynomial::getElement (6 bytes)
Event: 1821.463 Thread 0x000002d77f766cb0 nmethod 10151 0x000002d76f267410 code [0x000002d76f267600, 0x000002d76f267d28]

GC Heap History (20 events):
Event: 1012.605 GC heap before
{Heap before GC invocations=39 (full 0):
 garbage-first heap   total 73728K, used 66574K [0x00000000c8800000, 0x0000000100000000)
  region size 1024K, 26 young (26624K), 1 survivors (1024K)
 Metaspace       used 83359K, committed 84288K, reserved 1179648K
  class space    used 11158K, committed 11584K, reserved 1048576K
}
Event: 1012.760 GC heap after
{Heap after GC invocations=40 (full 0):
 garbage-first heap   total 73728K, used 41017K [0x00000000c8800000, 0x0000000100000000)
  region size 1024K, 1 young (1024K), 1 survivors (1024K)
 Metaspace       used 83359K, committed 84288K, reserved 1179648K
  class space    used 11158K, committed 11584K, reserved 1048576K
}
Event: 1157.373 GC heap before
{Heap before GC invocations=40 (full 0):
 garbage-first heap   total 73728K, used 66617K [0x00000000c8800000, 0x0000000100000000)
  region size 1024K, 26 young (26624K), 1 survivors (1024K)
 Metaspace       used 83361K, committed 84288K, reserved 1179648K
  class space    used 11158K, committed 11584K, reserved 1048576K
}
Event: 1157.525 GC heap after
{Heap after GC invocations=41 (full 0):
 garbage-first heap   total 73728K, used 40844K [0x00000000c8800000, 0x0000000100000000)
  region size 1024K, 1 young (1024K), 1 survivors (1024K)
 Metaspace       used 83361K, committed 84288K, reserved 1179648K
  class space    used 11158K, committed 11584K, reserved 1048576K
}
Event: 1312.833 GC heap before
{Heap before GC invocations=41 (full 0):
 garbage-first heap   total 73728K, used 66444K [0x00000000c8800000, 0x0000000100000000)
  region size 1024K, 26 young (26624K), 1 survivors (1024K)
 Metaspace       used 83363K, committed 84288K, reserved 1179648K
  class space    used 11158K, committed 11584K, reserved 1048576K
}
Event: 1313.174 GC heap after
{Heap after GC invocations=42 (full 0):
 garbage-first heap   total 73728K, used 40736K [0x00000000c8800000, 0x0000000100000000)
  region size 1024K, 1 young (1024K), 1 survivors (1024K)
 Metaspace       used 83363K, committed 84288K, reserved 1179648K
  class space    used 11158K, committed 11584K, reserved 1048576K
}
Event: 1467.888 GC heap before
{Heap before GC invocations=42 (full 0):
 garbage-first heap   total 73728K, used 66336K [0x00000000c8800000, 0x0000000100000000)
  region size 1024K, 26 young (26624K), 1 survivors (1024K)
 Metaspace       used 83631K, committed 84480K, reserved 1179648K
  class space    used 11159K, committed 11584K, reserved 1048576K
}
Event: 1468.074 GC heap after
{Heap after GC invocations=43 (full 0):
 garbage-first heap   total 73728K, used 41006K [0x00000000c8800000, 0x0000000100000000)
  region size 1024K, 1 young (1024K), 1 survivors (1024K)
 Metaspace       used 83631K, committed 84480K, reserved 1179648K
  class space    used 11159K, committed 11584K, reserved 1048576K
}
Event: 1478.331 GC heap before
{Heap before GC invocations=44 (full 0):
 garbage-first heap   total 73728K, used 43054K [0x00000000c8800000, 0x0000000100000000)
  region size 1024K, 3 young (3072K), 1 survivors (1024K)
 Metaspace       used 83265K, committed 84608K, reserved 1179648K
  class space    used 11047K, committed 11584K, reserved 1048576K
}
Event: 1478.534 GC heap after
{Heap after GC invocations=45 (full 0):
 garbage-first heap   total 73728K, used 40995K [0x00000000c8800000, 0x0000000100000000)
  region size 1024K, 1 young (1024K), 1 survivors (1024K)
 Metaspace       used 83265K, committed 84608K, reserved 1179648K
  class space    used 11047K, committed 11584K, reserved 1048576K
}
Event: 1488.924 GC heap before
{Heap before GC invocations=45 (full 0):
 garbage-first heap   total 73728K, used 43043K [0x00000000c8800000, 0x0000000100000000)
  region size 1024K, 3 young (3072K), 1 survivors (1024K)
 Metaspace       used 83265K, committed 84608K, reserved 1179648K
  class space    used 11047K, committed 11584K, reserved 1048576K
}
Event: 1488.957 GC heap after
{Heap after GC invocations=46 (full 0):
 garbage-first heap   total 73728K, used 40160K [0x00000000c8800000, 0x0000000100000000)
  region size 1024K, 1 young (1024K), 1 survivors (1024K)
 Metaspace       used 83265K, committed 84608K, reserved 1179648K
  class space    used 11047K, committed 11584K, reserved 1048576K
}
Event: 1499.844 GC heap before
{Heap before GC invocations=46 (full 0):
 garbage-first heap   total 73728K, used 42208K [0x00000000c8800000, 0x0000000100000000)
  region size 1024K, 3 young (3072K), 1 survivors (1024K)
 Metaspace       used 83265K, committed 84608K, reserved 1179648K
  class space    used 11047K, committed 11584K, reserved 1048576K
}
Event: 1499.867 GC heap after
{Heap after GC invocations=47 (full 0):
 garbage-first heap   total 73728K, used 39415K [0x00000000c8800000, 0x0000000100000000)
  region size 1024K, 1 young (1024K), 1 survivors (1024K)
 Metaspace       used 83265K, committed 84608K, reserved 1179648K
  class space    used 11047K, committed 11584K, reserved 1048576K
}
Event: 1510.849 GC heap before
{Heap before GC invocations=47 (full 0):
 garbage-first heap   total 73728K, used 41463K [0x00000000c8800000, 0x0000000100000000)
  region size 1024K, 3 young (3072K), 1 survivors (1024K)
 Metaspace       used 83265K, committed 84608K, reserved 1179648K
  class space    used 11047K, committed 11584K, reserved 1048576K
}
Event: 1510.867 GC heap after
{Heap after GC invocations=48 (full 0):
 garbage-first heap   total 73728K, used 39069K [0x00000000c8800000, 0x0000000100000000)
  region size 1024K, 1 young (1024K), 1 survivors (1024K)
 Metaspace       used 83265K, committed 84608K, reserved 1179648K
  class space    used 11047K, committed 11584K, reserved 1048576K
}
Event: 1521.205 GC heap before
{Heap before GC invocations=48 (full 0):
 garbage-first heap   total 73728K, used 41117K [0x00000000c8800000, 0x0000000100000000)
  region size 1024K, 3 young (3072K), 1 survivors (1024K)
 Metaspace       used 83265K, committed 84608K, reserved 1179648K
  class space    used 11047K, committed 11584K, reserved 1048576K
}
Event: 1521.224 GC heap after
{Heap after GC invocations=49 (full 0):
 garbage-first heap   total 73728K, used 38723K [0x00000000c8800000, 0x0000000100000000)
  region size 1024K, 1 young (1024K), 1 survivors (1024K)
 Metaspace       used 83265K, committed 84608K, reserved 1179648K
  class space    used 11047K, committed 11584K, reserved 1048576K
}
Event: 1674.501 GC heap before
{Heap before GC invocations=49 (full 0):
 garbage-first heap   total 73728K, used 66371K [0x00000000c8800000, 0x0000000100000000)
  region size 1024K, 28 young (28672K), 1 survivors (1024K)
 Metaspace       used 83314K, committed 84608K, reserved 1179648K
  class space    used 11047K, committed 11584K, reserved 1048576K
}
Event: 1674.631 GC heap after
{Heap after GC invocations=50 (full 0):
 garbage-first heap   total 73728K, used 38223K [0x00000000c8800000, 0x0000000100000000)
  region size 1024K, 1 young (1024K), 1 survivors (1024K)
 Metaspace       used 83314K, committed 84608K, reserved 1179648K
  class space    used 11047K, committed 11584K, reserved 1048576K
}

Dll operation events (14 events):
Event: 0.033 Loaded shared library C:\Program Files\Java\jdk-21\bin\java.dll
Event: 0.122 Loaded shared library C:\Program Files\Java\jdk-21\bin\jsvml.dll
Event: 0.516 Loaded shared library C:\Program Files\Java\jdk-21\bin\zip.dll
Event: 0.529 Loaded shared library C:\Program Files\Java\jdk-21\bin\instrument.dll
Event: 0.544 Loaded shared library C:\Program Files\Java\jdk-21\bin\net.dll
Event: 0.549 Loaded shared library C:\Program Files\Java\jdk-21\bin\nio.dll
Event: 0.559 Loaded shared library C:\Program Files\Java\jdk-21\bin\zip.dll
Event: 1.190 Loaded shared library C:\Program Files\JetBrains\IntelliJ IDEA Community Edition 2024.1.2\bin\breakgen64.dll
Event: 1.245 Loaded shared library C:\Program Files\Java\jdk-21\bin\extnet.dll
Event: 1.366 Loaded shared library C:\Program Files\Java\jdk-21\bin\jimage.dll
Event: 2.479 Loaded shared library C:\Program Files\Java\jdk-21\bin\management.dll
Event: 2.486 Loaded shared library C:\Program Files\Java\jdk-21\bin\management_ext.dll
Event: 7.121 Loaded shared library C:\Program Files\Java\jdk-21\bin\sunmscapi.dll
Event: 19.911 Loaded shared library C:\Program Files\Java\jdk-21\bin\verify.dll

Deoptimization events (20 events):
Event: 1663.583 Thread 0x000002d748d037b0 DEOPT PACKING pc=0x000002d77681e448 sp=0x000000f27e0fb7a0
Event: 1663.585 Thread 0x000002d748d037b0 DEOPT UNPACKING pc=0x000002d775fb46a2 sp=0x000000f27e0fb668 mode 2
Event: 1663.597 Thread 0x000002d748d037b0 Uncommon trap: trap_request=0xffffff54 fr.pc=0x000002d776830614 relative=0x00000000000004d4
Event: 1663.597 Thread 0x000002d748d037b0 Uncommon trap: reason=speculate_null_assert action=make_not_entrant pc=0x000002d776830614 method=org.springframework.util.ConcurrentReferenceHashMap$Segment.restructureIfNecessary(Z)V @ 41 c2
Event: 1663.597 Thread 0x000002d748d037b0 DEOPT PACKING pc=0x000002d776830614 sp=0x000000f27e0fb6a0
Event: 1663.599 Thread 0x000002d748d037b0 DEOPT UNPACKING pc=0x000002d775fb46a2 sp=0x000000f27e0fb478 mode 2
Event: 1785.736 Thread 0x000002d747e65370 Uncommon trap: trap_request=0xfffffff4 fr.pc=0x000002d7765b370c relative=0x000000000000014c
Event: 1785.737 Thread 0x000002d747e65370 Uncommon trap: reason=null_check action=make_not_entrant pc=0x000002d7765b370c method=java.lang.Class.reflectionData()Ljava/lang/Class$ReflectionData; @ 18 c2
Event: 1785.737 Thread 0x000002d747e65370 DEOPT PACKING pc=0x000002d7765b370c sp=0x000000f27befe9d0
Event: 1785.738 Thread 0x000002d747e65370 DEOPT UNPACKING pc=0x000002d775fb46a2 sp=0x000000f27befe980 mode 2
Event: 1787.101 Thread 0x000002d747e65370 Uncommon trap: trap_request=0xffffff45 fr.pc=0x000002d7765dab00 relative=0x00000000000001e0
Event: 1787.101 Thread 0x000002d747e65370 Uncommon trap: reason=unstable_if action=reinterpret pc=0x000002d7765dab00 method=java.lang.StringCoding.implEncodeAsciiArray([CI[BII)I @ 23 c2
Event: 1787.102 Thread 0x000002d747e65370 DEOPT PACKING pc=0x000002d7765dab00 sp=0x000000f27befe8f0
Event: 1787.103 Thread 0x000002d747e65370 DEOPT UNPACKING pc=0x000002d775fb46a2 sp=0x000000f27befe888 mode 2
Event: 1800.750 Thread 0x000002d747e65370 DEOPT PACKING pc=0x000002d76eb00b4d sp=0x000000f27befd9e0
Event: 1800.750 Thread 0x000002d747e65370 DEOPT UNPACKING pc=0x000002d775fb4e42 sp=0x000000f27befce58 mode 0
Event: 1807.217 Thread 0x000002d747e65370 DEOPT PACKING pc=0x000002d76eb00b4d sp=0x000000f27befdb70
Event: 1807.217 Thread 0x000002d747e65370 DEOPT UNPACKING pc=0x000002d775fb4e42 sp=0x000000f27befcfe8 mode 0
Event: 1819.540 Thread 0x000002d748d09390 DEOPT PACKING pc=0x000002d76f0caf0c sp=0x000000f27befd6c0
Event: 1819.540 Thread 0x000002d748d09390 DEOPT UNPACKING pc=0x000002d775fb4e42 sp=0x000000f27befcb40 mode 0

Classes loaded (20 events):
Event: 168.065 Loading class java/time/format/DateTimeFormatterBuilder$ReducedPrinterParser
Event: 168.068 Loading class java/time/format/DateTimeFormatterBuilder$ReducedPrinterParser done
Event: 168.424 Loading class java/util/stream/LongStream
Event: 168.428 Loading class java/util/stream/LongStream done
Event: 168.428 Loading class java/util/stream/DoubleStream
Event: 168.429 Loading class java/util/stream/DoubleStream done
Event: 168.542 Loading class org/w3c/dom/Node
Event: 168.543 Loading class org/w3c/dom/Node done
Event: 168.543 Loading class org/w3c/dom/Document
Event: 168.543 Loading class org/w3c/dom/Document done
Event: 1314.794 Loading class java/util/concurrent/locks/ReentrantReadWriteLock$Sync$HoldCounter
Event: 1314.916 Loading class java/util/concurrent/locks/ReentrantReadWriteLock$Sync$HoldCounter done
Event: 1784.698 Loading class sun/security/ssl/Alert
Event: 1785.067 Loading class sun/security/ssl/Alert done
Event: 1785.097 Loading class sun/security/ssl/Alert$AlertConsumer
Event: 1785.253 Loading class sun/security/ssl/Alert$AlertConsumer done
Event: 1785.254 Loading class sun/security/ssl/Alert$Level
Event: 1785.270 Loading class sun/security/ssl/Alert$Level done
Event: 1785.319 Loading class sun/net/ConnectionResetException
Event: 1785.333 Loading class sun/net/ConnectionResetException done

Classes unloaded (20 events):
Event: 1469.582 Thread 0x000002d764ea3e20 Unloading class 0x000002d70311c400 'java/lang/invoke/LambdaForm$MH+0x000002d70311c400'
Event: 1469.582 Thread 0x000002d764ea3e20 Unloading class 0x000002d70311c000 'java/lang/invoke/LambdaForm$MH+0x000002d70311c000'
Event: 1469.583 Thread 0x000002d764ea3e20 Unloading class 0x000002d703110400 'java/lang/invoke/LambdaForm$MH+0x000002d703110400'
Event: 1469.583 Thread 0x000002d764ea3e20 Unloading class 0x000002d703110000 'java/lang/invoke/LambdaForm$MH+0x000002d703110000'
Event: 1469.583 Thread 0x000002d764ea3e20 Unloading class 0x000002d703092400 'java/lang/invoke/LambdaForm$MH+0x000002d703092400'
Event: 1469.583 Thread 0x000002d764ea3e20 Unloading class 0x000002d703092000 'java/lang/invoke/LambdaForm$MH+0x000002d703092000'
Event: 1469.583 Thread 0x000002d764ea3e20 Unloading class 0x000002d70308c400 'java/lang/invoke/LambdaForm$MH+0x000002d70308c400'
Event: 1469.584 Thread 0x000002d764ea3e20 Unloading class 0x000002d70303e800 'java/lang/invoke/LambdaForm$MH+0x000002d70303e800'
Event: 1469.584 Thread 0x000002d764ea3e20 Unloading class 0x000002d70303dc00 'java/lang/invoke/LambdaForm$MH+0x000002d70303dc00'
Event: 1469.584 Thread 0x000002d764ea3e20 Unloading class 0x000002d70303d800 'java/lang/invoke/LambdaForm$MH+0x000002d70303d800'
Event: 1469.584 Thread 0x000002d764ea3e20 Unloading class 0x000002d70303d400 'java/lang/invoke/LambdaForm$MH+0x000002d70303d400'
Event: 1469.584 Thread 0x000002d764ea3e20 Unloading class 0x000002d70303cc00 'java/lang/invoke/LambdaForm$MH+0x000002d70303cc00'
Event: 1469.584 Thread 0x000002d764ea3e20 Unloading class 0x000002d70303c400 'java/lang/invoke/LambdaForm$MH+0x000002d70303c400'
Event: 1469.585 Thread 0x000002d764ea3e20 Unloading class 0x000002d70301b800 'java/lang/invoke/LambdaForm$MH+0x000002d70301b800'
Event: 1469.585 Thread 0x000002d764ea3e20 Unloading class 0x000002d70301b000 'java/lang/invoke/LambdaForm$MH+0x000002d70301b000'
Event: 1469.587 Thread 0x000002d764ea3e20 Unloading class 0x000002d70301a800 'java/lang/invoke/LambdaForm$MH+0x000002d70301a800'
Event: 1469.587 Thread 0x000002d764ea3e20 Unloading class 0x000002d70301a400 'java/lang/invoke/LambdaForm$MH+0x000002d70301a400'
Event: 1469.587 Thread 0x000002d764ea3e20 Unloading class 0x000002d703017c00 'java/lang/invoke/LambdaForm$MH+0x000002d703017c00'
Event: 1469.587 Thread 0x000002d764ea3e20 Unloading class 0x000002d703015800 'java/lang/invoke/LambdaForm$MH+0x000002d703015800'
Event: 1469.587 Thread 0x000002d764ea3e20 Unloading class 0x000002d703014000 'java/lang/invoke/LambdaForm$MH+0x000002d703014000'

Classes redefined (0 events):
No events

Internal exceptions (20 events):
Event: 41.424 Thread 0x000002d74787ca20 Exception <a 'java/lang/NoSuchMethodError'{0x00000000cc157eb0}: 'java.lang.Object java.lang.invoke.DirectMethodHandle$Holder.invokeSpecial(java.lang.Object, java.lang.Object, int, java.lang.Object, int, java.lang.Object)'> (0x00000000cc157eb0) 
thrown [s\open\src\hotspot\share\interpreter\linkResolver.cpp, line 773]
Event: 41.426 Thread 0x000002d74787ca20 Exception <a 'java/lang/NoSuchMethodError'{0x00000000cc15ef10}: 'java.lang.Object java.lang.invoke.DirectMethodHandle$Holder.newInvokeSpecial(java.lang.Object, java.lang.Object, int, java.lang.Object, int)'> (0x00000000cc15ef10) 
thrown [s\open\src\hotspot\share\interpreter\linkResolver.cpp, line 773]
Event: 41.427 Thread 0x000002d74787ca20 Exception <a 'java/lang/NoSuchMethodError'{0x00000000cc162d38}: 'java.lang.Object java.lang.invoke.DirectMethodHandle$Holder.invokeSpecial(java.lang.Object, java.lang.Object, java.lang.Object, int, java.lang.Object, int)'> (0x00000000cc162d38) 
thrown [s\open\src\hotspot\share\interpreter\linkResolver.cpp, line 773]
Event: 156.094 Thread 0x000002d747e66090 Exception <a 'java/lang/NoSuchMethodError'{0x00000000cc6aa790}: 'java.lang.Object java.lang.invoke.DirectMethodHandle$Holder.invokeSpecial(java.lang.Object, java.lang.Object, java.lang.Object, java.lang.Object, java.lang.Object, long)'> (0x00000000cc6aa790) 
thrown [s\open\src\hotspot\share\interpreter\linkResolver.cpp, line 773]
Event: 156.110 Thread 0x000002d747e66090 Exception <a 'java/lang/NoSuchMethodError'{0x00000000cc6adf08}: 'java.lang.Object java.lang.invoke.Invokers$Holder.linkToTargetMethod(java.lang.Object, java.lang.Object, java.lang.Object, long, java.lang.Object)'> (0x00000000cc6adf08) 
thrown [s\open\src\hotspot\share\interpreter\linkResolver.cpp, line 773]
Event: 162.592 Thread 0x000002d747e66090 Exception <a 'java/lang/NoSuchMethodError'{0x00000000cc2f9270}: 'java.lang.Object java.lang.invoke.DirectMethodHandle$Holder.invokeVirtual(java.lang.Object, java.lang.Object, int, int)'> (0x00000000cc2f9270) 
thrown [s\open\src\hotspot\share\interpreter\linkResolver.cpp, line 773]
Event: 162.598 Thread 0x000002d747e66090 Exception <a 'java/lang/NoSuchMethodError'{0x00000000cc2fdab0}: 'java.lang.Object java.lang.invoke.DirectMethodHandle$Holder.invokeSpecial(java.lang.Object, java.lang.Object, java.lang.Object, int, int)'> (0x00000000cc2fdab0) 
thrown [s\open\src\hotspot\share\interpreter\linkResolver.cpp, line 773]
Event: 164.927 Thread 0x000002d747e66090 Exception <a 'java/lang/IncompatibleClassChangeError'{0x00000000ccd29c60}: Found class java.lang.Object, but interface was expected> (0x00000000ccd29c60) 
thrown [s\open\src\hotspot\share\interpreter\linkResolver.cpp, line 840]
Event: 166.345 Thread 0x000002d747e66090 Exception <a 'java/lang/NoSuchMethodError'{0x00000000cc90f940}: 'void java.lang.invoke.DirectMethodHandle$Holder.invokeSpecialIFC(java.lang.Object, java.lang.Object, int, java.lang.Object, java.lang.Object, java.lang.Object, java.lang.Object)'> (0x00000000cc90f940) 
thrown [s\open\src\hotspot\share\interpreter\linkResolver.cpp, line 773]
Event: 166.457 Thread 0x000002d747e66090 Exception <a 'java/lang/NoSuchMethodError'{0x00000000cc939e98}: 'long java.lang.invoke.DelegatingMethodHandle$Holder.reinvoke_L(java.lang.Object, java.lang.Object)'> (0x00000000cc939e98) 
thrown [s\open\src\hotspot\share\interpreter\linkResolver.cpp, line 773]
Event: 166.478 Thread 0x000002d747e66090 Exception <a 'java/lang/NoSuchMethodError'{0x00000000cc944d68}: 'void java.lang.invoke.DelegatingMethodHandle$Holder.reinvoke_L(java.lang.Object, java.lang.Object, long)'> (0x00000000cc944d68) 
thrown [s\open\src\hotspot\share\interpreter\linkResolver.cpp, line 773]
Event: 166.822 Thread 0x000002d747e66090 Exception <a 'java/lang/NoSuchMethodError'{0x00000000cc9c07c0}: 'long java.lang.invoke.Invokers$Holder.invokeExact_MT(java.lang.Object, java.lang.Object)'> (0x00000000cc9c07c0) 
thrown [s\open\src\hotspot\share\interpreter\linkResolver.cpp, line 773]
Event: 167.088 Thread 0x000002d747e66090 Exception <a 'java/lang/NoSuchMethodError'{0x00000000cc9e3c20}: 'double java.lang.invoke.DelegatingMethodHandle$Holder.reinvoke_L(java.lang.Object, java.lang.Object)'> (0x00000000cc9e3c20) 
thrown [s\open\src\hotspot\share\interpreter\linkResolver.cpp, line 773]
Event: 167.100 Thread 0x000002d747e66090 Exception <a 'java/lang/NoSuchMethodError'{0x00000000cc9ee620}: 'void java.lang.invoke.DelegatingMethodHandle$Holder.reinvoke_L(java.lang.Object, java.lang.Object, double)'> (0x00000000cc9ee620) 
thrown [s\open\src\hotspot\share\interpreter\linkResolver.cpp, line 773]
Event: 167.150 Thread 0x000002d747e66090 Exception <a 'java/lang/IncompatibleClassChangeError'{0x00000000cc810f60}: Found class java.lang.Object, but interface was expected> (0x00000000cc810f60) 
thrown [s\open\src\hotspot\share\interpreter\linkResolver.cpp, line 840]
Event: 167.807 Thread 0x000002d747e66090 Exception <a 'java/lang/NoSuchMethodError'{0x00000000cc8d7610}: 'void java.lang.invoke.Invokers$Holder.invokeExact_MT(java.lang.Object, java.lang.Object, int, java.lang.Object)'> (0x00000000cc8d7610) 
thrown [s\open\src\hotspot\share\interpreter\linkResolver.cpp, line 773]
Event: 169.260 Thread 0x000002d747e66090 Exception <a 'java/lang/NoSuchMethodError'{0x00000000cc40f6e0}: 'double java.lang.invoke.DirectMethodHandle$Holder.invokeVirtual(java.lang.Object, java.lang.Object)'> (0x00000000cc40f6e0) 
thrown [s\open\src\hotspot\share\interpreter\linkResolver.cpp, line 773]
Event: 1785.287 Thread 0x000002d747e64ce0 Exception <a 'java/io/IOException'{0x00000000cbd86fb8}> (0x00000000cbd86fb8) 
thrown [s\open\src\hotspot\share\prims\jni.cpp, line 520]
Event: 1785.314 Thread 0x000002d747e64ce0 Exception <a 'java/io/IOException'{0x00000000cbd88410}> (0x00000000cbd88410) 
thrown [s\open\src\hotspot\share\prims\jni.cpp, line 520]
Event: 1785.735 Thread 0x000002d747e65370 Implicit null exception at 0x000002d7765b3611 to 0x000002d7765b36f4

ZGC Phase Switch (0 events):
No events

VM Operations (20 events):
Event: 1794.712 Executing VM operation: Cleanup
Event: 1794.712 Executing VM operation: Cleanup done
Event: 1795.714 Executing VM operation: Cleanup
Event: 1795.714 Executing VM operation: Cleanup done
Event: 1799.735 Executing VM operation: Cleanup
Event: 1799.735 Executing VM operation: Cleanup done
Event: 1800.738 Executing VM operation: Cleanup
Event: 1800.738 Executing VM operation: Cleanup done
Event: 1803.745 Executing VM operation: Cleanup
Event: 1803.745 Executing VM operation: Cleanup done
Event: 1804.275 Executing VM operation: HandshakeAllThreads (HandshakeForDeflation)
Event: 1804.275 Executing VM operation: HandshakeAllThreads (HandshakeForDeflation) done
Event: 1804.275 Executing VM operation: RendezvousGCThreads
Event: 1804.275 Executing VM operation: RendezvousGCThreads done
Event: 1807.306 Executing VM operation: Cleanup
Event: 1807.306 Executing VM operation: Cleanup done
Event: 1820.402 Executing VM operation: Cleanup
Event: 1820.419 Executing VM operation: Cleanup done
Event: 1821.424 Executing VM operation: Cleanup
Event: 1821.424 Executing VM operation: Cleanup done

Events (20 events):
Event: 1470.772 Thread 0x000002d764ea3e20 flushing nmethod 0x000002d76efa3010
Event: 1470.773 Thread 0x000002d764ea3e20 flushing nmethod 0x000002d76efa2910
Event: 1470.773 Thread 0x000002d764ea3e20 flushing nmethod 0x000002d76ed4f590
Event: 1470.777 Thread 0x000002d764ea3e20 flushing nmethod 0x000002d76edad210
Event: 1470.778 Thread 0x000002d764ea3e20 flushing nmethod 0x000002d76ebb6710
Event: 1470.778 Thread 0x000002d764ea3e20 flushing nmethod 0x000002d76eaef010
Event: 1784.477 Thread 0x000002d747e64ce0 Thread added: 0x000002d747e64ce0
Event: 1785.418 Thread 0x000002d747e65370 Thread added: 0x000002d747e65370
Event: 1790.475 Thread 0x000002d747e64ce0 Thread exited: 0x000002d747e64ce0
Event: 1792.264 Thread 0x000002d747e65370 Thread exited: 0x000002d747e65370
Event: 1792.331 Thread 0x000002d747e64ce0 Thread added: 0x000002d747e64ce0
Event: 1792.804 Thread 0x000002d747e65370 Thread added: 0x000002d747e65370
Event: 1799.673 Thread 0x000002d747e64ce0 Thread exited: 0x000002d747e64ce0
Event: 1799.868 Thread 0x000002d747e65370 Thread exited: 0x000002d747e65370
Event: 1800.175 Thread 0x000002d747e64ce0 Thread added: 0x000002d747e64ce0
Event: 1800.393 Thread 0x000002d747e65370 Thread added: 0x000002d747e65370
Event: 1812.224 Thread 0x000002d747e64ce0 Thread exited: 0x000002d747e64ce0
Event: 1812.439 Thread 0x000002d747e65370 Thread exited: 0x000002d747e65370
Event: 1819.225 Thread 0x000002d748d0add0 Thread added: 0x000002d748d0add0
Event: 1819.418 Thread 0x000002d748d09390 Thread added: 0x000002d748d09390


Dynamic libraries:
0x00007ff78dd60000 - 0x00007ff78dd70000 	C:\Program Files\Java\jdk-21\bin\java.exe
0x00007ff9a3130000 - 0x00007ff9a3328000 	C:\Windows\SYSTEM32\ntdll.dll
0x00007ff9a2450000 - 0x00007ff9a2511000 	C:\Windows\System32\KERNEL32.DLL
0x00007ff9a0cc0000 - 0x00007ff9a0fbd000 	C:\Windows\System32\KERNELBASE.dll
0x00007ff9a09b0000 - 0x00007ff9a0ab0000 	C:\Windows\System32\ucrtbase.dll
0x00007ff999030000 - 0x00007ff99904b000 	C:\Program Files\Java\jdk-21\bin\VCRUNTIME140.dll
0x00007ff999010000 - 0x00007ff999029000 	C:\Program Files\Java\jdk-21\bin\jli.dll
0x00007ff9a18d0000 - 0x00007ff9a1980000 	C:\Windows\System32\ADVAPI32.dll
0x00007ff9a2ad0000 - 0x00007ff9a2b6e000 	C:\Windows\System32\msvcrt.dll
0x00007ff9a1b50000 - 0x00007ff9a1bf0000 	C:\Windows\System32\sechost.dll
0x00007ff9a2c40000 - 0x00007ff9a2d63000 	C:\Windows\System32\RPCRT4.dll
0x00007ff9a10e0000 - 0x00007ff9a1107000 	C:\Windows\System32\bcrypt.dll
0x00007ff9a2640000 - 0x00007ff9a27dd000 	C:\Windows\System32\USER32.dll
0x00007ff9951b0000 - 0x00007ff99544a000 	C:\Windows\WinSxS\amd64_microsoft.windows.common-controls_6595b64144ccf1df_6.0.19041.4355_none_60b8b9eb71f62e16\COMCTL32.dll
0x00007ff9a07e0000 - 0x00007ff9a0802000 	C:\Windows\System32\win32u.dll
0x00007ff9a27e0000 - 0x00007ff9a280b000 	C:\Windows\System32\GDI32.dll
0x00007ff9a0fc0000 - 0x00007ff9a10d7000 	C:\Windows\System32\gdi32full.dll
0x00007ff9a0910000 - 0x00007ff9a09ad000 	C:\Windows\System32\msvcp_win.dll
0x00007ff998380000 - 0x00007ff99838a000 	C:\Windows\SYSTEM32\VERSION.dll
0x00007ff9a2e30000 - 0x00007ff9a2e5f000 	C:\Windows\System32\IMM32.DLL
0x00007ff992620000 - 0x00007ff99262c000 	C:\Program Files\Java\jdk-21\bin\vcruntime140_1.dll
0x00007ff9821f0000 - 0x00007ff98227e000 	C:\Program Files\Java\jdk-21\bin\msvcp140.dll
0x00007ff944df0000 - 0x00007ff945afd000 	C:\Program Files\Java\jdk-21\bin\server\jvm.dll
0x00007ff9a2e60000 - 0x00007ff9a2ecb000 	C:\Windows\System32\WS2_32.dll
0x00007ff998350000 - 0x00007ff998377000 	C:\Windows\SYSTEM32\WINMM.dll
0x00007ff9a0630000 - 0x00007ff9a067b000 	C:\Windows\SYSTEM32\POWRPROF.dll
0x00007ff9a0610000 - 0x00007ff9a0622000 	C:\Windows\SYSTEM32\UMPDC.dll
0x00007ff99e660000 - 0x00007ff99e672000 	C:\Windows\SYSTEM32\kernel.appcore.dll
0x00007ff992610000 - 0x00007ff99261a000 	C:\Program Files\Java\jdk-21\bin\jimage.dll
0x00007ff991060000 - 0x00007ff991244000 	C:\Windows\SYSTEM32\DBGHELP.DLL
0x00007ff9903d0000 - 0x00007ff990404000 	C:\Windows\SYSTEM32\dbgcore.DLL
0x00007ff9a0810000 - 0x00007ff9a0892000 	C:\Windows\System32\bcryptPrimitives.dll
0x00007ff992590000 - 0x00007ff99259f000 	C:\Program Files\Java\jdk-21\bin\instrument.dll
0x00007ff988b70000 - 0x00007ff988b8f000 	C:\Program Files\Java\jdk-21\bin\java.dll
0x00007ff9a1160000 - 0x00007ff9a18cf000 	C:\Windows\System32\SHELL32.dll
0x00007ff99e860000 - 0x00007ff99efff000 	C:\Windows\SYSTEM32\windows.storage.dll
0x00007ff9a20e0000 - 0x00007ff9a2433000 	C:\Windows\System32\combase.dll
0x00007ff9a0130000 - 0x00007ff9a015e000 	C:\Windows\SYSTEM32\Wldp.dll
0x00007ff9a2ed0000 - 0x00007ff9a2f9d000 	C:\Windows\System32\OLEAUT32.dll
0x00007ff9a2b70000 - 0x00007ff9a2c1d000 	C:\Windows\System32\SHCORE.dll
0x00007ff9a2d70000 - 0x00007ff9a2dc5000 	C:\Windows\System32\shlwapi.dll
0x00007ff9a0710000 - 0x00007ff9a0734000 	C:\Windows\SYSTEM32\profapi.dll
0x00007ff97b1b0000 - 0x00007ff97b287000 	C:\Program Files\Java\jdk-21\bin\jsvml.dll
0x00007ff988b30000 - 0x00007ff988b48000 	C:\Program Files\Java\jdk-21\bin\zip.dll
0x00007ff992600000 - 0x00007ff992610000 	C:\Program Files\Java\jdk-21\bin\net.dll
0x00007ff99a180000 - 0x00007ff99a28d000 	C:\Windows\SYSTEM32\WINHTTP.dll
0x00007ff99fe90000 - 0x00007ff99fefa000 	C:\Windows\system32\mswsock.dll
0x00007ff988b50000 - 0x00007ff988b66000 	C:\Program Files\Java\jdk-21\bin\nio.dll
0x00007ff984530000 - 0x00007ff98454a000 	C:\Program Files\JetBrains\IntelliJ IDEA Community Edition 2024.1.2\bin\breakgen64.dll
0x00007ff9889a0000 - 0x00007ff9889a9000 	C:\Program Files\Java\jdk-21\bin\extnet.dll
0x00007ff987d40000 - 0x00007ff987d4a000 	C:\Program Files\Java\jdk-21\bin\management.dll
0x00007ff984500000 - 0x00007ff98450b000 	C:\Program Files\Java\jdk-21\bin\management_ext.dll
0x00007ff9a1b40000 - 0x00007ff9a1b48000 	C:\Windows\System32\PSAPI.DLL
0x00007ff988290000 - 0x00007ff98829e000 	C:\Program Files\Java\jdk-21\bin\sunmscapi.dll
0x00007ff9a0b60000 - 0x00007ff9a0cbe000 	C:\Windows\System32\CRYPT32.dll
0x00007ff9a01a0000 - 0x00007ff9a01c9000 	C:\Windows\SYSTEM32\ncrypt.dll
0x00007ff9a0160000 - 0x00007ff9a019b000 	C:\Windows\SYSTEM32\NTASN1.dll
0x00007ff9a0080000 - 0x00007ff9a0098000 	C:\Windows\SYSTEM32\CRYPTSP.dll
0x00007ff99f7b0000 - 0x00007ff99f7e4000 	C:\Windows\system32\rsaenh.dll
0x00007ff9a06c0000 - 0x00007ff9a06ee000 	C:\Windows\SYSTEM32\USERENV.dll
0x00007ff9a00a0000 - 0x00007ff9a00ac000 	C:\Windows\SYSTEM32\CRYPTBASE.dll
0x00007ff99fb70000 - 0x00007ff99fbab000 	C:\Windows\SYSTEM32\IPHLPAPI.DLL
0x00007ff9a1b30000 - 0x00007ff9a1b38000 	C:\Windows\System32\NSI.dll
0x00007ff9882c0000 - 0x00007ff9882d0000 	C:\Program Files\Java\jdk-21\bin\verify.dll
0x00007ff99fbb0000 - 0x00007ff99fc7a000 	C:\Windows\SYSTEM32\DNSAPI.dll
0x00007ff994bc0000 - 0x00007ff994bca000 	C:\Windows\System32\rasadhlp.dll
0x00007ff994f20000 - 0x00007ff994fa0000 	C:\Windows\System32\fwpuclnt.dll
0x00007ff9985e0000 - 0x00007ff9985e7000 	C:\Windows\system32\wshunix.dll

dbghelp: loaded successfully - version: 4.0.5 - missing functions: none
symbol engine: initialized successfully - sym options: 0x614 - pdb path: .;C:\Program Files\Java\jdk-21\bin;C:\Windows\SYSTEM32;C:\Windows\WinSxS\amd64_microsoft.windows.common-controls_6595b64144ccf1df_6.0.19041.4355_none_60b8b9eb71f62e16;C:\Program Files\Java\jdk-21\bin\server;C:\Program Files\JetBrains\IntelliJ IDEA Community Edition 2024.1.2\bin

VM Arguments:
jvm_args: -javaagent:C:\Program Files\JetBrains\IntelliJ IDEA Community Edition 2024.1.2\lib\idea_rt.jar=57365:C:\Program Files\JetBrains\IntelliJ IDEA Community Edition 2024.1.2\bin -Dfile.encoding=UTF-8 -Dsun.stdout.encoding=UTF-8 -Dsun.stderr.encoding=UTF-8 
java_command: com.storehousemgm.StoreHouseManagementSystemApplication
java_class_path (initial): C:\a.AAzadFiles\a. programming\java\Intelije_Ide\StoreHouseManagementSystem\target\classes;C:\Users\Bablesh AAzad\.m2\repository\org\springframework\boot\spring-boot-starter-data-jpa\3.3.0\spring-boot-starter-data-jpa-3.3.0.jar;C:\Users\Bablesh AAzad\.m2\repository\org\springframework\boot\spring-boot-starter-aop\3.3.0\spring-boot-starter-aop-3.3.0.jar;C:\Users\Bablesh AAzad\.m2\repository\org\aspectj\aspectjweaver\1.9.22\aspectjweaver-1.9.22.jar;C:\Users\Bablesh AAzad\.m2\repository\org\springframework\boot\spring-boot-starter-jdbc\3.3.0\spring-boot-starter-jdbc-3.3.0.jar;C:\Users\Bablesh AAzad\.m2\repository\com\zaxxer\HikariCP\5.1.0\HikariCP-5.1.0.jar;C:\Users\Bablesh AAzad\.m2\repository\org\springframework\spring-jdbc\6.1.8\spring-jdbc-6.1.8.jar;C:\Users\Bablesh AAzad\.m2\repository\org\hibernate\orm\hibernate-core\6.5.2.Final\hibernate-core-6.5.2.Final.jar;C:\Users\Bablesh AAzad\.m2\repository\jakarta\persistence\jakarta.persistence-api\3.1.0\jakarta.persistence-api-3.1.0.jar;C:\Users\Bablesh AAzad\.m2\repository\jakarta\transaction\jakarta.transaction-api\2.0.1\jakarta.transaction-api-2.0.1.jar;C:\Users\Bablesh AAzad\.m2\repository\org\jboss\logging\jboss-logging\3.5.3.Final\jboss-logging-3.5.3.Final.jar;C:\Users\Bablesh AAzad\.m2\repository\org\hibernate\common\hibernate-commons-annotations\6.0.6.Final\hibernate-commons-annotations-6.0.6.Final.jar;C:\Users\Bablesh AAzad\.m2\repository\io\smallrye\jandex\3.1.2\jandex-3.1.2.jar;C:\Users\Bablesh AAzad\.m2\repository\com\fasterxml\classmate\1.7.0\classmate-1.7.0.jar;C:\Users\Bablesh AAzad\.m2\repository\net\bytebuddy\byte-buddy\1.14.16\byte-buddy-1.14.16.jar;C:\Users\Bablesh AAzad\.m2\repository\org\glassfish\jaxb\jaxb-runtime\4.0.5\jaxb-runtime-4.0.5.jar;C:\Users\Bablesh AAzad\.m2\repository\org\glassfish\jaxb\jaxb-core\4.0.5\jaxb-core-4.0.5.jar;C:\Users\Bablesh AAzad\.m2\repository\org\eclipse\angus\angus-activation\2.0.2\angus-activation-2.0.2.jar;C:\Users\Bablesh AAzad\.m2\repository\org\glassfish\jaxb\txw2\4.0.5\txw2-4.0.5.jar;C:\Users\Bablesh AAzad\.m2\repository\com\sun\istack\istack-commons-runtime\4.1.2\istack-commons-runtime-4.1.2.jar;C:\Users\Bablesh AAzad\.m2\repository\jakarta\inject\jakarta.inject-api\2.0.1\jakarta.inject-api-2.0.1.jar;C:\Users\Bablesh AAzad\.m2\repository\org\antlr\antlr4-runtime\4.13.0\antlr4-runtime-4.13.0.jar;C:\Users\Bablesh AAzad\.m2\repository\org\springframework\data\spring-data-jpa\3.3.0\spring-data-jpa-3.3.0.jar;C:\Users\Bablesh AAzad\.m2\repository\org\springframework\data\spring-data-commons\3.3.0\spring-data-commons-3.3.0.jar;C:\Users\Bablesh AAzad\.m2\repository\org\springframework\spring-orm\6.1.8\spring-orm-6.1.8.jar;C:\Users\Bablesh AAzad\.m2\repository\org\springframework\spring-context\6.1.8\spring-context-6.1.8.jar;C:\Users\Bablesh AAzad\.m2\repository\org\springframework\spring-tx\6.1.8\spring-tx-6.1.8.jar;C:\Users\Bablesh AAzad\.m2\repository\org\springframework\spring-beans\6.1.8\spring-beans-6.1.8.jar;C:\Users\Bablesh AAzad\.m2\repository\jakarta\annotation\jakarta.annotation-api\2.1.1\jakarta.annotation-api-2.1.1.jar;C:\Users\Bablesh AAzad\.m2\repository\org\slf4j\slf4j-api\2.0.13\slf4j-api-2.0.13.jar;C:\Users\Bablesh AAzad\.m2\repository\org\springframework\spring-aspects\6.1.8\spring-aspects-6.1.8.jar;C:\Users\Bablesh AAzad\.m2\repository\org\springframework\boot\spring-boot-starter-security\3.3.0\spring-boot-starter-security-3.3.0.jar;C:\Users\Bablesh AAzad\.m2\repository\org\springframework\boot\spring-boot-starter\3.3.0\spring-boot-starter-3.3.0.jar;C:\Users\Bablesh AAzad\.m2\repository\org\springframework\boot\spring-boot-starter-logging\3.3.0\spring-boot-starter-logging-3.3.0.jar;C:\Users\Bablesh AAzad\.m2\repository\ch\qos\logback\logback-classic\1.5.6\logback-classic-1.5.6.jar;C:\Users\Bablesh AAzad\.m2\repository\ch\qos\logback\logback-core\1.5.6\logback-core-1.5.6.jar;C:\Users\Bablesh AAzad\.m2\repository\org\apache\logging\log4j\log4j-to-slf4j\2.23.1\log4j-to-slf4j-2.23.1.jar;C:\Users\Bablesh AAzad\.m2\repository\org\apache\logging\log4j\log4j-api\2.23.1\log4j-api-2.23.1.jar;C:\Users\Bablesh AAzad\.m2\repository\org\slf4j\jul-to-slf4j\2.0.13\jul-to-slf4j-2.0.13.jar;C:\Users\Bablesh AAzad\.m2\repository\org\yaml\snakeyaml\2.2\snakeyaml-2.2.jar;C:\Users\Bablesh AAzad\.m2\repository\org\springframework\spring-aop\6.1.8\spring-aop-6.1.8.jar;C:\Users\Bablesh AAzad\.m2\repository\org\springframework\security\spring-security-config\6.3.0\spring-security-config-6.3.0.jar;C:\Users\Bablesh AAzad\.m2\repository\org\springframework\security\spring-security-web\6.3.0\spring-security-web-6.3.0.jar;C:\Users\Bablesh AAzad\.m2\repository\org\springframework\spring-expression\6.1.8\spring-expression-6.1.8.jar;C:\Users\Bablesh AAzad\.m2\repository\org\springframework\boot\spring-boot-starter-oauth2-client\3.3.0\spring-boot-starter-oauth2-client-3.3.0.jar;C:\Users\Bablesh AAzad\.m2\repository\org\springframework\security\spring-security-core\6.3.0\spring-security-core-6.3.0.jar;C:\Users\Bablesh AAzad\.m2\repository\org\springframework\security\spring-security-crypto\6.3.0\spring-security-crypto-6.3.0.jar;C:\Users\Bablesh AAzad\.m2\repository\io\micrometer\micrometer-observation\1.13.0\micrometer-observation-1.13.0.jar;C:\Users\Bablesh AAzad\.m2\repository\io\micrometer\micrometer-commons\1.13.0\micrometer-commons-1.13.0.jar;C:\Users\Bablesh AAzad\.m2\repository\org\springframework\security\spring-security-oauth2-client\6.3.0\spring-security-oauth2-client-6.3.0.jar;C:\Users\Bablesh AAzad\.m2\repository\org\springframework\security\spring-security-oauth2-core\6.3.0\spring-security-oauth2-core-6.3.0.jar;C:\Users\Bablesh AAzad\.m2\repository\com\nimbusds\oauth2-oidc-sdk\9.43.4\oauth2-oidc-sdk-9.43.4.jar;C:\Users\Bablesh AAzad\.m2\repository\com\github\stephenc\jcip\jcip-annotations\1.0-1\jcip-annotations-1.0-1.jar;C:\Users\Bablesh AAzad\.m2\repository\com\nimbusds\content-type\2.2\content-type-2.2.jar;C:\Users\Bablesh AAzad\.m2\repository\com\nimbusds\lang-tag\1.7\lang-tag-1.7.jar;C:\Users\Bablesh AAzad\.m2\repository\org\springframework\security\spring-security-oauth2-jose\6.3.0\spring-security-oauth2-jose-6.3.0.jar;C:\Users\Bablesh AAzad\.m2\repository\com\nimbusds\nimbus-jose-jwt\9.37.3\nimbus-jose-jwt-9.37.3.jar;C:\Users\Bablesh AAzad\.m2\repository\org\springframework\boot\spring-boot-starter-validation\3.3.0\spring-boot-starter-validation-3.3.0.jar;C:\Users\Bablesh AAzad\.m2\repository\org\apache\tomcat\embed\tomcat-embed-el\10.1.24\tomcat-embed-el-10.1.24.jar;C:\Users\Bablesh AAzad\.m2\repository\org\hibernate\validator\hibernate-validator\8.0.1.Final\hibernate-validator-8.0.1.Final.jar;C:\Users\Bablesh AAzad\.m2\repository\jakarta\validation\jakarta.validation-api\3.0.2\jakarta.validation-api-3.0.2.jar;C:\Users\Bablesh AAzad\.m2\repository\org\springframework\boot\spring-boot-starter-web\3.3.0\spring-boot-starter-web-3.3.0.jar;C:\Users\Bablesh AAzad\.m2\repository\org\springframework\boot\spring-boot-starter-json\3.3.0\spring-boot-starter-json-3.3.0.jar;C:\Users\Bablesh AAzad\.m2\repository\com\fasterxml\jackson\core\jackson-databind\2.17.1\jackson-databind-2.17.1.jar;C:\Users\Bablesh AAzad\.m2\repository\com\fasterxml\jackson\core\jackson-annotations\2.17.1\jackson-annotations-2.17.1.jar;C:\Users\Bablesh AAzad\.m2\repository\com\fasterxml\jackson\core\jackson-core\2.17.1\jackson-core-2.17.1.jar;C:\Users\Bablesh AAzad\.m2\repository\com\fasterxml\jackson\datatype\jackson-datatype-jdk8\2.17.1\jackson-datatype-jdk8-2.17.1.jar;C:\Users\Bablesh AAzad\.m2\repository\com\fasterxml\jackson\datatype\jackson-datatype-jsr310\2.17.1\jackson-datatype-jsr310-2.17.1.jar;C:\Users\Bablesh AAzad\.m2\repository\com\fasterxml\jackson\module\jackson-module-parameter-names\2.17.1\jackson-module-parameter-names-2.17.1.jar;C:\Users\Bablesh AAzad\.m2\repository\org\springframework\boot\spring-boot-starter-tomcat\3.3.0\spring-boot-starter-tomcat-3.3.0.jar;C:\Users\Bablesh AAzad\.m2\repository\org\apache\tomcat\embed\tomcat-embed-core\10.1.24\tomcat-embed-core-10.1.24.jar;C:\Users\Bablesh AAzad\.m2\repository\org\apache\tomcat\embed\tomcat-embed-websocket\10.1.24\tomcat-embed-websocket-10.1.24.jar;C:\Users\Bablesh AAzad\.m2\repository\org\springframework\spring-web\6.1.8\spring-web-6.1.8.jar;C:\Users\Bablesh AAzad\.m2\repository\org\springframework\spring-webmvc\6.1.8\spring-webmvc-6.1.8.jar;C:\Users\Bablesh AAzad\.m2\repository\org\springframework\boot\spring-boot-starter-hateoas\3.3.0\spring-boot-starter-hateoas-3.3.0.jar;C:\Users\Bablesh AAzad\.m2\repository\org\springframework\hateoas\spring-hateoas\2.3.0\spring-hateoas-2.3.0.jar;C:\Users\Bablesh AAzad\.m2\repository\org\springframework\plugin\spring-plugin-core\3.0.0\spring-plugin-core-3.0.0.jar;C:\Users\Bablesh AAzad\.m2\repository\com\github\librepdf\openpdf\2.0.2\openpdf-2.0.2.jar;C:\Users\Bablesh AAzad\.m2\repository\org\springframework\boot\spring-boot-devtools\3.3.0\spring-boot-devtools-3.3.0.jar;C:\Users\Bablesh AAzad\.m2\repository\org\springframework\boot\spring-boot\3.3.0\spring-boot-3.3.0.jar;C:\Users\Bablesh AAzad\.m2\repository\org\springframework\boot\spring-boot-autoconfigure\3.3.0\spring-boot-autoconfigure-3.3.0.jar;C:\Users\Bablesh AAzad\.m2\repository\com\mysql\mysql-connector-j\8.3.0\mysql-connector-j-8.3.0.jar;C:\Users\Bablesh AAzad\.m2\repository\org\projectlombok\lombok\1.18.32\lombok-1.18.32.jar;C:\Users\Bablesh AAzad\.m2\repository\com\jayway\jsonpath\json-path\2.9.0\json-path-2.9.0.jar;C:\Users\Bablesh AAzad\.m2\repository\jakarta\xml\bind\jakarta.xml.bind-api\4.0.2\jakarta.xml.bind-api-4.0.2.jar;C:\Users\Bablesh AAzad\.m2\repository\jakarta\activation\jakarta.activation-api\2.1.3\jakarta.activation-api-2.1.3.jar;C:\Users\Bablesh AAzad\.m2\repository\net\minidev\json-smart\2.5.1\json-smart-2.5.1.jar;C:\Users\Bablesh AAzad\.m2\repository\net\minidev\accessors-smart\2.5.1\accessors-smart-2.5.1.jar;C:\Users\Bablesh AAzad\.m2\repository\org\ow2\asm\asm\9.6\asm-9.6.jar;C:\Users\Bablesh AAzad\.m2\repository\org\springframework\spring-core\6.1.8\spring-core-6.1.8.jar;C:\Users\Bablesh AAzad\.m2\repository\org\springframework\spring-jcl\6.1.8\spring-jcl-6.1.8.jar;C:\Users\Bablesh AAzad\.m2\repository\org\springdoc\springdoc-openapi-starter-webmvc-ui\2.5.0\springdoc-openapi-starter-webmvc-ui-2.5.0.jar;C:\Users\Bablesh AAzad\.m2\repository\org\springdoc\springdoc-openapi-starter-webmvc-api\2.5.0\springdoc-openapi-starter-webmvc-api-2.5.0.jar;C:\Users\Bablesh AAzad\.m2\repository\org\springdoc\springdoc-openapi-starter-common\2.5.0\springdoc-openapi-starter-common-2.5.0.jar;C:\Users\Bablesh AAzad\.m2\repository\io\swagger\core\v3\swagger-core-jakarta\2.2.21\swagger-core-jakarta-2.2.21.jar;C:\Users\Bablesh AAzad\.m2\repository\org\apache\commons\commons-lang3\3.14.0\commons-lang3-3.14.0.jar;C:\Users\Bablesh AAzad\.m2\repository\io\swagger\core\v3\swagger-annotations-jakarta\2.2.21\swagger-annotations-jakarta-2.2.21.jar;C:\Users\Bablesh AAzad\.m2\repository\io\swagger\core\v3\swagger-models-jakarta\2.2.21\swagger-models-jakarta-2.2.21.jar;C:\Users\Bablesh AAzad\.m2\repository\com\fasterxml\jackson\dataformat\jackson-dataformat-yaml\2.17.1\jackson-dataformat-yaml-2.17.1.jar;C:\Users\Bablesh AAzad\.m2\repository\org\webjars\swagger-ui\5.13.0\swagger-ui-5.13.0.jar
Launcher Type: SUN_STANDARD

[Global flags]
     intx CICompilerCount                          = 3                                         {product} {ergonomic}
     uint ConcGCThreads                            = 1                                         {product} {ergonomic}
     uint G1ConcRefinementThreads                  = 4                                         {product} {ergonomic}
   size_t G1HeapRegionSize                         = 1048576                                   {product} {ergonomic}
    uintx GCDrainStackTargetSize                   = 64                                        {product} {ergonomic}
   size_t InitialHeapSize                          = 58720256                                  {product} {ergonomic}
   size_t MarkStackSize                            = 4194304                                   {product} {ergonomic}
   size_t MaxHeapSize                              = 931135488                                 {product} {ergonomic}
   size_t MaxNewSize                               = 557842432                                 {product} {ergonomic}
   size_t MinHeapDeltaBytes                        = 1048576                                   {product} {ergonomic}
   size_t MinHeapSize                              = 8388608                                   {product} {ergonomic}
    uintx NonNMethodCodeHeapSize                   = 5832780                                {pd product} {ergonomic}
    uintx NonProfiledCodeHeapSize                  = 122912730                              {pd product} {ergonomic}
    uintx ProfiledCodeHeapSize                     = 122912730                              {pd product} {ergonomic}
    uintx ReservedCodeCacheSize                    = 251658240                              {pd product} {ergonomic}
     bool SegmentedCodeCache                       = true                                      {product} {ergonomic}
   size_t SoftMaxHeapSize                          = 931135488                              {manageable} {ergonomic}
     bool UseCompressedOops                        = true                           {product lp64_product} {ergonomic}
     bool UseG1GC                                  = true                                      {product} {ergonomic}
     bool UseLargePagesIndividualAllocation        = false                                  {pd product} {ergonomic}

Logging:
Log output configuration:
 #0: stdout all=warning uptime,level,tags foldmultilines=false
 #1: stderr all=off uptime,level,tags foldmultilines=false

Environment Variables:
PATH=C:\Program Files\Common Files\Oracle\Java\javapath;C:\Windows\system32;C:\Windows;C:\Windows\System32\Wbem;C:\Windows\System32\WindowsPowerShell\v1.0\;C:\Windows\System32\OpenSSH\;C:\Program Files\nodejs\;C:\Program Files\Java\jdk-21\bin;C:\Program Files\Java\jdk-22\bin;C:\Program Files\Git\cmd;C:\Users\Bablesh AAzad\AppData\Local\Microsoft\WindowsApps;C:\Users\Bablesh AAzad\AppData\Roaming\npm;C:\Users\Bablesh AAzad\AppData\Local\Programs\Microsoft VS Code\bin;;C:\Program Files\JetBrains\IntelliJ IDEA Community Edition 2024.1.2\bin;
USERNAME=Bablesh AAzad
OS=Windows_NT
PROCESSOR_IDENTIFIER=AMD64 Family 22 Model 48 Stepping 1, AuthenticAMD
TMP=C:\Users\BABLES~1\AppData\Local\Temp
TEMP=C:\Users\BABLES~1\AppData\Local\Temp




Periodic native trim disabled

---------------  S Y S T E M  ---------------

OS:
 Windows 10 , 64 bit Build 19041 (10.0.19041.4717)
OS uptime: 0 days 2:54 hours

CPU: total 4 (initial active 4) (4 cores per cpu, 1 threads per core) family 22 model 48 stepping 1 microcode 0x0, cx8, cmov, fxsr, mmx, 3dnowpref, sse, sse2, sse3, ssse3, sse4a, sse4.1, sse4.2, popcnt, lzcnt, tsc, tscinvbit, avx, aes, clmul, bmi1, vzeroupper, clflush, rdtscp, f16c
Processor Information for all 4 processors :
  Max Mhz: 2200, Current Mhz: 2200, Mhz Limit: 2200

Memory: 4k page, system-wide physical 3546M (45M free)
TotalPageFile size 14298M (AvailPageFile size 2M)
current process WorkingSet (physical memory assigned to process): 103M, peak: 238M
current process commit charge ("private bytes"): 307M, peak: 315M

vm_info: Java HotSpot(TM) 64-Bit Server VM (21.0.3+7-LTS-152) for windows-amd64 JRE (21.0.3+7-LTS-152), built on 2024-03-11T17:42:26Z by "mach5one" with MS VC++ 17.6 (VS2022)

END.
