#
# There is insufficient memory for the Java Runtime Environment to continue.
# Native memory allocation (malloc) failed to allocate 247136 bytes for Chunk::new
# Possible reasons:
#   The system is out of physical RAM or swap space
#   The process is running with CompressedOops enabled, and the Java Heap may be blocking the growth of the native heap
# Possible solutions:
#   Reduce memory load on the system
#   Increase physical memory or swap space
#   Check if swap backing store is full
#   Decrease Java heap size (-Xmx/-Xms)
#   Decrease number of Java threads
#   Decrease Java thread stack sizes (-Xss)
#   Set larger code cache with -XX:ReservedCodeCacheSize=
#   JVM is running with Unscaled Compressed Oops mode in which the Java heap is
#     placed in the first 4GB address space. The Java Heap base address is the
#     maximum limit for the native heap growth. Please use -XX:HeapBaseMinAddress
#     to set the Java Heap base and to place the Java Heap above 4GB virtual address.
# This output file may be truncated or incomplete.
#
#  Out of Memory Error (arena.cpp:168), pid=3432, tid=8152
#
# JRE version: Java(TM) SE Runtime Environment (21.0.3+7) (build 21.0.3+7-LTS-152)
# Java VM: Java HotSpot(TM) 64-Bit Server VM (21.0.3+7-LTS-152, mixed mode, sharing, tiered, compressed oops, compressed class ptrs, g1 gc, windows-amd64)
# No core dump will be written. Minidumps are not enabled by default on client versions of Windows
#

---------------  S U M M A R Y ------------

Command Line: -javaagent:C:\Program Files\JetBrains\IntelliJ IDEA Community Edition 2024.1.2\lib\idea_rt.jar=60702:C:\Program Files\JetBrains\IntelliJ IDEA Community Edition 2024.1.2\bin -Dfile.encoding=UTF-8 -Dsun.stdout.encoding=UTF-8 -Dsun.stderr.encoding=UTF-8 com.storehousemgm.StoreHouseManagementSystemApplication

Host: AMD A8-7410 APU with AMD Radeon R5 Graphics    , 4 cores, 3G,  Windows 10 , 64 bit Build 19041 (10.0.19041.4717)
Time: Sat Aug 10 22:41:49 2024 India Standard Time elapsed time: 37.255995 seconds (0d 0h 0m 37s)

---------------  T H R E A D  ---------------

Current thread (0x000002d219826770):  JavaThread "C2 CompilerThread0" daemon [_thread_in_native, id=8152, stack(0x000000f120900000,0x000000f120a00000) (1024K)]


Current CompileTask:
C2:  37256 6908       4       java.lang.Class::descriptorString (170 bytes)

Stack: [0x000000f120900000,0x000000f120a00000]
Native frames: (J=compiled Java code, j=interpreted, Vv=VM code, C=native code)
V  [jvm.dll+0x6c63b9]
V  [jvm.dll+0x84fa11]
V  [jvm.dll+0x851f3e]
V  [jvm.dll+0x852613]
V  [jvm.dll+0x27cd46]
V  [jvm.dll+0xc4aad]
V  [jvm.dll+0xc4fe3]
V  [jvm.dll+0x2efaff]
V  [jvm.dll+0x5f150a]
V  [jvm.dll+0x24e99f]
V  [jvm.dll+0x24ed7f]
V  [jvm.dll+0x247984]
V  [jvm.dll+0x245014]
V  [jvm.dll+0x1c689e]
V  [jvm.dll+0x254609]
V  [jvm.dll+0x252b9a]
V  [jvm.dll+0x3eb056]
V  [jvm.dll+0x7f9ffb]
V  [jvm.dll+0x6c4a9d]
C  [ucrtbase.dll+0x21bb2]
C  [KERNEL32.DLL+0x17374]
C  [ntdll.dll+0x4cc91]


---------------  P R O C E S S  ---------------

Threads class SMR info:
_java_thread_list=0x000002d261613910, length=29, elements={
0x000002d27ce190b0, 0x000002d219811400, 0x000002d2198131d0, 0x000002d2198161a0,
0x000002d219818c10, 0x000002d219819670, 0x000002d2198220e0, 0x000002d219826770,
0x000002d219827210, 0x000002d219a4c710, 0x000002d25f188490, 0x000002d25f273640,
0x000002d25f869230, 0x000002d25f881fd0, 0x000002d26031adb0, 0x000002d2613849d0,
0x000002d2616b3050, 0x000002d260f02360, 0x000002d260aef500, 0x000002d260aeee70,
0x000002d260aee150, 0x000002d260aee7e0, 0x000002d260aec080, 0x000002d260aec710,
0x000002d260aecda0, 0x000002d260aed430, 0x000002d260aedac0, 0x000002d261e05450,
0x000002d261e06e90
}

Java Threads: ( => current thread )
  0x000002d27ce190b0 JavaThread "main"                              [_thread_blocked, id=10704, stack(0x000000f11fb00000,0x000000f11fc00000) (1024K)]
  0x000002d219811400 JavaThread "Reference Handler"          daemon [_thread_blocked, id=12324, stack(0x000000f120300000,0x000000f120400000) (1024K)]
  0x000002d2198131d0 JavaThread "Finalizer"                  daemon [_thread_blocked, id=1336, stack(0x000000f120400000,0x000000f120500000) (1024K)]
  0x000002d2198161a0 JavaThread "Signal Dispatcher"          daemon [_thread_blocked, id=5600, stack(0x000000f120500000,0x000000f120600000) (1024K)]
  0x000002d219818c10 JavaThread "Attach Listener"            daemon [_thread_blocked, id=11564, stack(0x000000f120600000,0x000000f120700000) (1024K)]
  0x000002d219819670 JavaThread "Service Thread"             daemon [_thread_blocked, id=11576, stack(0x000000f120700000,0x000000f120800000) (1024K)]
  0x000002d2198220e0 JavaThread "Monitor Deflation Thread"   daemon [_thread_blocked, id=1908, stack(0x000000f120800000,0x000000f120900000) (1024K)]
=>0x000002d219826770 JavaThread "C2 CompilerThread0"         daemon [_thread_in_native, id=8152, stack(0x000000f120900000,0x000000f120a00000) (1024K)]
  0x000002d219827210 JavaThread "C1 CompilerThread0"         daemon [_thread_blocked, id=9548, stack(0x000000f120a00000,0x000000f120b00000) (1024K)]
  0x000002d219a4c710 JavaThread "Common-Cleaner"             daemon [_thread_blocked, id=10760, stack(0x000000f120b00000,0x000000f120c00000) (1024K)]
  0x000002d25f188490 JavaThread "Monitor Ctrl-Break"         daemon [_thread_in_native, id=5772, stack(0x000000f120c00000,0x000000f120d00000) (1024K)]
  0x000002d25f273640 JavaThread "Notification Thread"        daemon [_thread_blocked, id=4032, stack(0x000000f120d00000,0x000000f120e00000) (1024K)]
  0x000002d25f869230 JavaThread "Thread-0"                          [_thread_blocked, id=10744, stack(0x000000f121100000,0x000000f121200000) (1024K)]
  0x000002d25f881fd0 JavaThread "restartedMain"                     [_thread_in_vm, id=3248, stack(0x000000f121200000,0x000000f121300000) (1024K)]
  0x000002d26031adb0 JavaThread "Catalina-utility-1"                [_thread_blocked, id=6972, stack(0x000000f121300000,0x000000f121400000) (1024K)]
  0x000002d2613849d0 JavaThread "Catalina-utility-2"                [_thread_blocked, id=12248, stack(0x000000f121400000,0x000000f121500000) (1024K)]
  0x000002d2616b3050 JavaThread "http-nio-8081-exec-1"       daemon [_thread_blocked, id=11668, stack(0x000000f121500000,0x000000f121600000) (1024K)]
  0x000002d260f02360 JavaThread "http-nio-8081-exec-2"       daemon [_thread_blocked, id=5420, stack(0x000000f121600000,0x000000f121700000) (1024K)]
  0x000002d260aef500 JavaThread "http-nio-8081-exec-3"       daemon [_thread_blocked, id=6452, stack(0x000000f121700000,0x000000f121800000) (1024K)]
  0x000002d260aeee70 JavaThread "http-nio-8081-exec-4"       daemon [_thread_blocked, id=6464, stack(0x000000f121800000,0x000000f121900000) (1024K)]
  0x000002d260aee150 JavaThread "http-nio-8081-exec-5"       daemon [_thread_blocked, id=14664, stack(0x000000f121900000,0x000000f121a00000) (1024K)]
  0x000002d260aee7e0 JavaThread "http-nio-8081-exec-6"       daemon [_thread_blocked, id=7040, stack(0x000000f121a00000,0x000000f121b00000) (1024K)]
  0x000002d260aec080 JavaThread "http-nio-8081-exec-7"       daemon [_thread_blocked, id=5720, stack(0x000000f121b00000,0x000000f121c00000) (1024K)]
  0x000002d260aec710 JavaThread "http-nio-8081-exec-8"       daemon [_thread_blocked, id=32, stack(0x000000f121c00000,0x000000f121d00000) (1024K)]
  0x000002d260aecda0 JavaThread "http-nio-8081-exec-9"       daemon [_thread_blocked, id=2632, stack(0x000000f121d00000,0x000000f121e00000) (1024K)]
  0x000002d260aed430 JavaThread "http-nio-8081-exec-10"      daemon [_thread_blocked, id=11704, stack(0x000000f121e00000,0x000000f121f00000) (1024K)]
  0x000002d260aedac0 JavaThread "container-0"                       [_thread_blocked, id=10080, stack(0x000000f121f00000,0x000000f122000000) (1024K)]
  0x000002d261e05450 JavaThread "mysql-cj-abandoned-connection-cleanup" daemon [_thread_blocked, id=9252, stack(0x000000f122000000,0x000000f122100000) (1024K)]
  0x000002d261e06e90 JavaThread "HikariPool-1 housekeeper"   daemon [_thread_blocked, id=6532, stack(0x000000f122200000,0x000000f122300000) (1024K)]
Total: 29

Other Threads:
  0x000002d27ced4ce0 VMThread "VM Thread"                           [id=2572, stack(0x000000f120200000,0x000000f120300000) (1024K)]
  0x000002d27cec0c50 WatcherThread "VM Periodic Task Thread"        [id=14944, stack(0x000000f120100000,0x000000f120200000) (1024K)]
  0x000002d27ce51310 WorkerThread "GC Thread#0"                     [id=11540, stack(0x000000f11fc00000,0x000000f11fd00000) (1024K)]
  0x000002d25f484770 WorkerThread "GC Thread#1"                     [id=5764, stack(0x000000f120e00000,0x000000f120f00000) (1024K)]
  0x000002d25f41d700 WorkerThread "GC Thread#2"                     [id=9904, stack(0x000000f120f00000,0x000000f121000000) (1024K)]
  0x000002d25f4955a0 WorkerThread "GC Thread#3"                     [id=14508, stack(0x000000f121000000,0x000000f121100000) (1024K)]
  0x000002d27ce5b120 ConcurrentGCThread "G1 Main Marker"            [id=11444, stack(0x000000f11fd00000,0x000000f11fe00000) (1024K)]
  0x000002d27ce5bce0 WorkerThread "G1 Conc#0"                       [id=4884, stack(0x000000f11fe00000,0x000000f11ff00000) (1024K)]
  0x000002d27ceb0600 ConcurrentGCThread "G1 Refine#0"               [id=8008, stack(0x000000f11ff00000,0x000000f120000000) (1024K)]
  0x000002d27ceb1080 ConcurrentGCThread "G1 Service"                [id=7908, stack(0x000000f120000000,0x000000f120100000) (1024K)]
Total: 10

Threads with active compile tasks:
C2 CompilerThread0    37323 6908       4       java.lang.Class::descriptorString (170 bytes)
Total: 1

VM state: not at safepoint (normal execution)

VM Mutex/Monitor currently owned by a thread:  ([mutex/lock_event])
[0x00007fff653c0d28] Metaspace_lock - owner thread: 0x000002d25f881fd0

Heap address: 0x00000000c8800000, size: 888 MB, Compressed Oops mode: 32-bit

CDS archive(s) mapped at: [0x000002d21a000000-0x000002d21ac90000-0x000002d21ac90000), size 13172736, SharedBaseAddress: 0x000002d21a000000, ArchiveRelocationMode: 1.
Compressed class space mapped at: 0x000002d21b000000-0x000002d25b000000, reserved size: 1073741824
Narrow klass base: 0x000002d21a000000, Narrow klass shift: 0, Narrow klass range: 0x100000000

GC Precious Log:
 CardTable entry size: 512
 Card Set container configuration: InlinePtr #cards 5 size 8 Array Of Cards #cards 12 size 40 Howl #buckets 4 coarsen threshold 1843 Howl Bitmap #cards 512 size 80 coarsen threshold 460 Card regions per heap region 1 cards per card region 2048
 CPUs: 4 total, 4 available
 Memory: 3546M
 Large Page Support: Disabled
 NUMA Support: Disabled
 Compressed Oops: Enabled (32-bit)
 Heap Region Size: 1M
 Heap Min Capacity: 8M
 Heap Initial Capacity: 56M
 Heap Max Capacity: 888M
 Pre-touch: Disabled
 Parallel Workers: 4
 Concurrent Workers: 1
 Concurrent Refinement Workers: 4
 Periodic GC: Disabled

Heap:
 garbage-first heap   total 57344K, used 34968K [0x00000000c8800000, 0x0000000100000000)
  region size 1024K, 10 young (10240K), 3 survivors (3072K)
 Metaspace       used 64677K, committed 65344K, reserved 1114112K
  class space    used 8655K, committed 8960K, reserved 1048576K

Heap Regions: E=young(eden), S=young(survivor), O=old, HS=humongous(starts), HC=humongous(continues), CS=collection set, F=free, TAMS=top-at-mark-start, PB=parsable bottom
|   0|0x00000000c8800000, 0x00000000c8900000, 0x00000000c8900000|100%|HS|  |TAMS 0x00000000c8800000| PB 0x00000000c8800000| Complete 
|   1|0x00000000c8900000, 0x00000000c8a00000, 0x00000000c8a00000|100%| O|  |TAMS 0x00000000c8900000| PB 0x00000000c8900000| Untracked 
|   2|0x00000000c8a00000, 0x00000000c8b00000, 0x00000000c8b00000|100%| O|  |TAMS 0x00000000c8a00000| PB 0x00000000c8a00000| Untracked 
|   3|0x00000000c8b00000, 0x00000000c8c00000, 0x00000000c8c00000|100%| O|  |TAMS 0x00000000c8b00000| PB 0x00000000c8b00000| Untracked 
|   4|0x00000000c8c00000, 0x00000000c8d00000, 0x00000000c8d00000|100%| O|  |TAMS 0x00000000c8c00000| PB 0x00000000c8c00000| Untracked 
|   5|0x00000000c8d00000, 0x00000000c8e00000, 0x00000000c8e00000|100%| O|  |TAMS 0x00000000c8d00000| PB 0x00000000c8d00000| Untracked 
|   6|0x00000000c8e00000, 0x00000000c8f00000, 0x00000000c8f00000|100%| O|  |TAMS 0x00000000c8e00000| PB 0x00000000c8e00000| Untracked 
|   7|0x00000000c8f00000, 0x00000000c9000000, 0x00000000c9000000|100%| O|  |TAMS 0x00000000c8f00000| PB 0x00000000c8f00000| Untracked 
|   8|0x00000000c9000000, 0x00000000c9100000, 0x00000000c9100000|100%| O|  |TAMS 0x00000000c9000000| PB 0x00000000c9000000| Untracked 
|   9|0x00000000c9100000, 0x00000000c9200000, 0x00000000c9200000|100%| O|  |TAMS 0x00000000c9100000| PB 0x00000000c9100000| Untracked 
|  10|0x00000000c9200000, 0x00000000c9300000, 0x00000000c9300000|100%| O|  |TAMS 0x00000000c9200000| PB 0x00000000c9200000| Untracked 
|  11|0x00000000c9300000, 0x00000000c9400000, 0x00000000c9400000|100%| O|  |TAMS 0x00000000c9300000| PB 0x00000000c9300000| Untracked 
|  12|0x00000000c9400000, 0x00000000c9500000, 0x00000000c9500000|100%| O|  |TAMS 0x00000000c9400000| PB 0x00000000c9400000| Untracked 
|  13|0x00000000c9500000, 0x00000000c9600000, 0x00000000c9600000|100%| O|  |TAMS 0x00000000c9500000| PB 0x00000000c9500000| Untracked 
|  14|0x00000000c9600000, 0x00000000c9700000, 0x00000000c9700000|100%| O|  |TAMS 0x00000000c9600000| PB 0x00000000c9600000| Untracked 
|  15|0x00000000c9700000, 0x00000000c9800000, 0x00000000c9800000|100%| O|  |TAMS 0x00000000c9700000| PB 0x00000000c9700000| Untracked 
|  16|0x00000000c9800000, 0x00000000c9900000, 0x00000000c9900000|100%| O|  |TAMS 0x00000000c9800000| PB 0x00000000c9800000| Untracked 
|  17|0x00000000c9900000, 0x00000000c9a00000, 0x00000000c9a00000|100%| O|Cm|TAMS 0x00000000c9900000| PB 0x00000000c9900000| Complete 
|  18|0x00000000c9a00000, 0x00000000c9b00000, 0x00000000c9b00000|100%| O|  |TAMS 0x00000000c9a00000| PB 0x00000000c9a00000| Untracked 
|  19|0x00000000c9b00000, 0x00000000c9c00000, 0x00000000c9c00000|100%| O|  |TAMS 0x00000000c9b00000| PB 0x00000000c9b00000| Untracked 
|  20|0x00000000c9c00000, 0x00000000c9d00000, 0x00000000c9d00000|100%| O|  |TAMS 0x00000000c9c00000| PB 0x00000000c9c00000| Untracked 
|  21|0x00000000c9d00000, 0x00000000c9e00000, 0x00000000c9e00000|100%| O|  |TAMS 0x00000000c9d00000| PB 0x00000000c9d00000| Untracked 
|  22|0x00000000c9e00000, 0x00000000c9f00000, 0x00000000c9f00000|100%| O|  |TAMS 0x00000000c9e00000| PB 0x00000000c9e00000| Untracked 
|  23|0x00000000c9f00000, 0x00000000ca000000, 0x00000000ca000000|100%| O|  |TAMS 0x00000000c9f00000| PB 0x00000000c9f00000| Untracked 
|  24|0x00000000ca000000, 0x00000000ca100000, 0x00000000ca100000|100%| O|  |TAMS 0x00000000ca000000| PB 0x00000000ca000000| Untracked 
|  25|0x00000000ca100000, 0x00000000ca200000, 0x00000000ca200000|100%| O|  |TAMS 0x00000000ca100000| PB 0x00000000ca100000| Untracked 
|  26|0x00000000ca200000, 0x00000000ca300000, 0x00000000ca300000|100%| O|  |TAMS 0x00000000ca200000| PB 0x00000000ca200000| Untracked 
|  27|0x00000000ca300000, 0x00000000ca300000, 0x00000000ca400000|  0%| F|  |TAMS 0x00000000ca300000| PB 0x00000000ca300000| Untracked 
|  28|0x00000000ca400000, 0x00000000ca400000, 0x00000000ca500000|  0%| F|  |TAMS 0x00000000ca400000| PB 0x00000000ca400000| Untracked 
|  29|0x00000000ca500000, 0x00000000ca500000, 0x00000000ca600000|  0%| F|  |TAMS 0x00000000ca500000| PB 0x00000000ca500000| Untracked 
|  30|0x00000000ca600000, 0x00000000ca6261e0, 0x00000000ca700000| 14%| S|CS|TAMS 0x00000000ca600000| PB 0x00000000ca600000| Complete 
|  31|0x00000000ca700000, 0x00000000ca800000, 0x00000000ca800000|100%| S|CS|TAMS 0x00000000ca700000| PB 0x00000000ca700000| Complete 
|  32|0x00000000ca800000, 0x00000000ca900000, 0x00000000ca900000|100%| S|CS|TAMS 0x00000000ca800000| PB 0x00000000ca800000| Complete 
|  33|0x00000000ca900000, 0x00000000ca900000, 0x00000000caa00000|  0%| F|  |TAMS 0x00000000ca900000| PB 0x00000000ca900000| Untracked 
|  34|0x00000000caa00000, 0x00000000caa00000, 0x00000000cab00000|  0%| F|  |TAMS 0x00000000caa00000| PB 0x00000000caa00000| Untracked 
|  35|0x00000000cab00000, 0x00000000cab00000, 0x00000000cac00000|  0%| F|  |TAMS 0x00000000cab00000| PB 0x00000000cab00000| Untracked 
|  36|0x00000000cac00000, 0x00000000cac00000, 0x00000000cad00000|  0%| F|  |TAMS 0x00000000cac00000| PB 0x00000000cac00000| Untracked 
|  37|0x00000000cad00000, 0x00000000cad00000, 0x00000000cae00000|  0%| F|  |TAMS 0x00000000cad00000| PB 0x00000000cad00000| Untracked 
|  38|0x00000000cae00000, 0x00000000cae00000, 0x00000000caf00000|  0%| F|  |TAMS 0x00000000cae00000| PB 0x00000000cae00000| Untracked 
|  39|0x00000000caf00000, 0x00000000caf00000, 0x00000000cb000000|  0%| F|  |TAMS 0x00000000caf00000| PB 0x00000000caf00000| Untracked 
|  40|0x00000000cb000000, 0x00000000cb000000, 0x00000000cb100000|  0%| F|  |TAMS 0x00000000cb000000| PB 0x00000000cb000000| Untracked 
|  41|0x00000000cb100000, 0x00000000cb100000, 0x00000000cb200000|  0%| F|  |TAMS 0x00000000cb100000| PB 0x00000000cb100000| Untracked 
|  42|0x00000000cb200000, 0x00000000cb200000, 0x00000000cb300000|  0%| F|  |TAMS 0x00000000cb200000| PB 0x00000000cb200000| Untracked 
|  43|0x00000000cb300000, 0x00000000cb300000, 0x00000000cb400000|  0%| F|  |TAMS 0x00000000cb300000| PB 0x00000000cb300000| Untracked 
|  44|0x00000000cb400000, 0x00000000cb400000, 0x00000000cb500000|  0%| F|  |TAMS 0x00000000cb400000| PB 0x00000000cb400000| Untracked 
|  45|0x00000000cb500000, 0x00000000cb500000, 0x00000000cb600000|  0%| F|  |TAMS 0x00000000cb500000| PB 0x00000000cb500000| Untracked 
|  46|0x00000000cb600000, 0x00000000cb600000, 0x00000000cb700000|  0%| F|  |TAMS 0x00000000cb600000| PB 0x00000000cb600000| Untracked 
|  47|0x00000000cb700000, 0x00000000cb700000, 0x00000000cb800000|  0%| F|  |TAMS 0x00000000cb700000| PB 0x00000000cb700000| Untracked 
|  48|0x00000000cb800000, 0x00000000cb800000, 0x00000000cb900000|  0%| F|  |TAMS 0x00000000cb800000| PB 0x00000000cb800000| Untracked 
|  49|0x00000000cb900000, 0x00000000cb962140, 0x00000000cba00000| 38%| E|  |TAMS 0x00000000cb900000| PB 0x00000000cb900000| Complete 
|  50|0x00000000cba00000, 0x00000000cbb00000, 0x00000000cbb00000|100%| E|CS|TAMS 0x00000000cba00000| PB 0x00000000cba00000| Complete 
|  51|0x00000000cbb00000, 0x00000000cbc00000, 0x00000000cbc00000|100%| E|CS|TAMS 0x00000000cbb00000| PB 0x00000000cbb00000| Complete 
|  52|0x00000000cbc00000, 0x00000000cbd00000, 0x00000000cbd00000|100%| E|CS|TAMS 0x00000000cbc00000| PB 0x00000000cbc00000| Complete 
|  53|0x00000000cbd00000, 0x00000000cbe00000, 0x00000000cbe00000|100%| E|  |TAMS 0x00000000cbd00000| PB 0x00000000cbd00000| Complete 
|  54|0x00000000cbe00000, 0x00000000cbf00000, 0x00000000cbf00000|100%| E|CS|TAMS 0x00000000cbe00000| PB 0x00000000cbe00000| Complete 
|  55|0x00000000cbf00000, 0x00000000cc000000, 0x00000000cc000000|100%| E|CS|TAMS 0x00000000cbf00000| PB 0x00000000cbf00000| Complete 

Card table byte_map: [0x000002d27eed0000,0x000002d27f090000] _byte_map_base: 0x000002d27e88c000

Marking Bits: (CMBitMap*) 0x000002d27ce52930
 Bits: [0x000002d27f090000, 0x000002d27fe70000)

Polling page: 0x000002d27cee0000

Metaspace:

Usage:
  Non-class:     54.71 MB used.
      Class:      8.45 MB used.
       Both:     63.16 MB used.

Virtual space:
  Non-class space:       64.00 MB reserved,      55.06 MB ( 86%) committed,  1 nodes.
      Class space:        1.00 GB reserved,       8.75 MB ( <1%) committed,  1 nodes.
             Both:        1.06 GB reserved,      63.81 MB (  6%) committed. 

Chunk freelists:
   Non-Class:  8.19 MB
       Class:  7.26 MB
        Both:  15.45 MB

MaxMetaspaceSize: unlimited
CompressedClassSpaceSize: 1.00 GB
Initial GC threshold: 21.00 MB
Current GC threshold: 98.88 MB
CDS: on
 - commit_granule_bytes: 65536.
 - commit_granule_words: 8192.
 - virtual_space_node_default_size: 8388608.
 - enlarge_chunks_in_place: 1.
 - use_allocation_guard: 0.


Internal statistics:

num_allocs_failed_limit: 12.
num_arena_births: 876.
num_arena_deaths: 0.
num_vsnodes_births: 2.
num_vsnodes_deaths: 0.
num_space_committed: 1021.
num_space_uncommitted: 0.
num_chunks_returned_to_freelist: 12.
num_chunks_taken_from_freelist: 3099.
num_chunk_merges: 12.
num_chunk_splits: 2235.
num_chunks_enlarged: 1735.
num_inconsistent_stats: 0.

CodeHeap 'non-profiled nmethods': size=120000Kb used=3133Kb max_used=3133Kb free=116866Kb
 bounds [0x000002d20fe80000, 0x000002d210190000, 0x000002d2173b0000]
CodeHeap 'profiled nmethods': size=120000Kb used=11803Kb max_used=11803Kb free=108196Kb
 bounds [0x000002d2083b0000, 0x000002d208f40000, 0x000002d20f8e0000]
CodeHeap 'non-nmethods': size=5760Kb used=1703Kb max_used=1705Kb free=4056Kb
 bounds [0x000002d20f8e0000, 0x000002d20fb50000, 0x000002d20fe80000]
 total_blobs=6937 nmethods=6208 adapters=633
 compilation: enabled
              stopped_count=0, restarted_count=0
 full_count=0

Compilation events (20 events):
Event: 37.111 Thread 0x000002d219827210 nmethod 6894 0x000002d208f37910 code [0x000002d208f37ac0, 0x000002d208f37cf0]
Event: 37.111 Thread 0x000002d219827210 6895       1       org.hibernate.tuple.entity.EntityMetamodel::getOptimisticLockStyle (5 bytes)
Event: 37.111 Thread 0x000002d219827210 nmethod 6895 0x000002d21018c710 code [0x000002d21018c8a0, 0x000002d21018c970]
Event: 37.111 Thread 0x000002d219827210 6896       3       org.hibernate.metamodel.mapping.SelectablePath::<init> (23 bytes)
Event: 37.111 Thread 0x000002d219827210 nmethod 6896 0x000002d208f37e10 code [0x000002d208f37fc0, 0x000002d208f38200]
Event: 37.111 Thread 0x000002d219827210 6897       1       org.hibernate.sql.model.ast.ColumnValueBinding::getColumnReference (5 bytes)
Event: 37.111 Thread 0x000002d219827210 nmethod 6897 0x000002d21018ca10 code [0x000002d21018cba0, 0x000002d21018cc68]
Event: 37.112 Thread 0x000002d219827210 6898       1       org.hibernate.sql.model.ast.ColumnWriteFragment::getFragment (5 bytes)
Event: 37.112 Thread 0x000002d219827210 nmethod 6898 0x000002d21018cd10 code [0x000002d21018cea0, 0x000002d21018cf68]
Event: 37.112 Thread 0x000002d219827210 6899       1       org.hibernate.jdbc.Expectation::getNumberOfParametersUsed (2 bytes)
Event: 37.112 Thread 0x000002d219827210 nmethod 6899 0x000002d21018d010 code [0x000002d21018d1a0, 0x000002d21018d268]
Event: 37.112 Thread 0x000002d219827210 6900       1       org.hibernate.tuple.entity.EntityMetamodel::getPropertyUpdateability (5 bytes)
Event: 37.112 Thread 0x000002d219827210 nmethod 6900 0x000002d21018d310 code [0x000002d21018d4a0, 0x000002d21018d568]
Event: 37.151 Thread 0x000002d219826770 6901       4       java.util.jar.Manifest::getTrustedAttributes (57 bytes)
Event: 37.163 Thread 0x000002d219826770 nmethod 6901 0x000002d21018d610 code [0x000002d21018d800, 0x000002d21018dc48]
Event: 37.223 Thread 0x000002d219827210 6905       3       java.lang.invoke.MethodType::invokerType (9 bytes)
Event: 37.223 Thread 0x000002d219827210 nmethod 6905 0x000002d208f38310 code [0x000002d208f384c0, 0x000002d208f38610]
Event: 37.226 Thread 0x000002d219826770 6908       4       java.lang.Class::descriptorString (170 bytes)
Event: 37.245 Thread 0x000002d219827210 6909       1       org.hibernate.type.BasicType::getValueConverter (2 bytes)
Event: 37.245 Thread 0x000002d219827210 nmethod 6909 0x000002d21018ef90 code [0x000002d21018f120, 0x000002d21018f1f0]

GC Heap History (20 events):
Event: 12.961 GC heap before
{Heap before GC invocations=6 (full 0):
 garbage-first heap   total 57344K, used 43643K [0x00000000c8800000, 0x0000000100000000)
  region size 1024K, 31 young (31744K), 3 survivors (3072K)
 Metaspace       used 23775K, committed 24064K, reserved 1114112K
  class space    used 2964K, committed 3072K, reserved 1048576K
}
Event: 12.973 GC heap after
{Heap after GC invocations=7 (full 0):
 garbage-first heap   total 57344K, used 17463K [0x00000000c8800000, 0x0000000100000000)
  region size 1024K, 3 young (3072K), 3 survivors (3072K)
 Metaspace       used 23775K, committed 24064K, reserved 1114112K
  class space    used 2964K, committed 3072K, reserved 1048576K
}
Event: 15.581 GC heap before
{Heap before GC invocations=7 (full 0):
 garbage-first heap   total 57344K, used 46135K [0x00000000c8800000, 0x0000000100000000)
  region size 1024K, 31 young (31744K), 3 survivors (3072K)
 Metaspace       used 27455K, committed 27776K, reserved 1114112K
  class space    used 3441K, committed 3584K, reserved 1048576K
}
Event: 15.600 GC heap after
{Heap after GC invocations=8 (full 0):
 garbage-first heap   total 57344K, used 19189K [0x00000000c8800000, 0x0000000100000000)
  region size 1024K, 2 young (2048K), 2 survivors (2048K)
 Metaspace       used 27455K, committed 27776K, reserved 1114112K
  class space    used 3441K, committed 3584K, reserved 1048576K
}
Event: 18.806 GC heap before
{Heap before GC invocations=8 (full 0):
 garbage-first heap   total 57344K, used 46837K [0x00000000c8800000, 0x0000000100000000)
  region size 1024K, 30 young (30720K), 2 survivors (2048K)
 Metaspace       used 31963K, committed 32448K, reserved 1114112K
  class space    used 4133K, committed 4352K, reserved 1048576K
}
Event: 18.819 GC heap after
{Heap after GC invocations=9 (full 0):
 garbage-first heap   total 57344K, used 21886K [0x00000000c8800000, 0x0000000100000000)
  region size 1024K, 4 young (4096K), 4 survivors (4096K)
 Metaspace       used 31963K, committed 32448K, reserved 1114112K
  class space    used 4133K, committed 4352K, reserved 1048576K
}
Event: 21.676 GC heap before
{Heap before GC invocations=9 (full 0):
 garbage-first heap   total 57344K, used 46462K [0x00000000c8800000, 0x0000000100000000)
  region size 1024K, 29 young (29696K), 4 survivors (4096K)
 Metaspace       used 35109K, committed 35648K, reserved 1114112K
  class space    used 4497K, committed 4736K, reserved 1048576K
}
Event: 21.690 GC heap after
{Heap after GC invocations=10 (full 0):
 garbage-first heap   total 57344K, used 23994K [0x00000000c8800000, 0x0000000100000000)
  region size 1024K, 2 young (2048K), 2 survivors (2048K)
 Metaspace       used 35109K, committed 35648K, reserved 1114112K
  class space    used 4497K, committed 4736K, reserved 1048576K
}
Event: 21.927 GC heap before
{Heap before GC invocations=10 (full 0):
 garbage-first heap   total 57344K, used 27066K [0x00000000c8800000, 0x0000000100000000)
  region size 1024K, 6 young (6144K), 2 survivors (2048K)
 Metaspace       used 35465K, committed 35968K, reserved 1114112K
  class space    used 4566K, committed 4800K, reserved 1048576K
}
Event: 21.932 GC heap after
{Heap after GC invocations=11 (full 0):
 garbage-first heap   total 57344K, used 23903K [0x00000000c8800000, 0x0000000100000000)
  region size 1024K, 2 young (2048K), 2 survivors (2048K)
 Metaspace       used 35465K, committed 35968K, reserved 1114112K
  class space    used 4566K, committed 4800K, reserved 1048576K
}
Event: 24.839 GC heap before
{Heap before GC invocations=12 (full 0):
 garbage-first heap   total 57344K, used 48479K [0x00000000c8800000, 0x0000000100000000)
  region size 1024K, 27 young (27648K), 2 survivors (2048K)
 Metaspace       used 42753K, committed 43392K, reserved 1114112K
  class space    used 5646K, committed 5952K, reserved 1048576K
}
Event: 24.848 GC heap after
{Heap after GC invocations=13 (full 0):
 garbage-first heap   total 57344K, used 25759K [0x00000000c8800000, 0x0000000100000000)
  region size 1024K, 4 young (4096K), 4 survivors (4096K)
 Metaspace       used 42753K, committed 43392K, reserved 1114112K
  class space    used 5646K, committed 5952K, reserved 1048576K
}
Event: 31.102 GC heap before
{Heap before GC invocations=13 (full 0):
 garbage-first heap   total 57344K, used 47263K [0x00000000c8800000, 0x0000000100000000)
  region size 1024K, 26 young (26624K), 4 survivors (4096K)
 Metaspace       used 52148K, committed 52736K, reserved 1114112K
  class space    used 6788K, committed 7040K, reserved 1048576K
}
Event: 31.114 GC heap after
{Heap after GC invocations=14 (full 0):
 garbage-first heap   total 57344K, used 27499K [0x00000000c8800000, 0x0000000100000000)
  region size 1024K, 4 young (4096K), 4 survivors (4096K)
 Metaspace       used 52148K, committed 52736K, reserved 1114112K
  class space    used 6788K, committed 7040K, reserved 1048576K
}
Event: 33.773 GC heap before
{Heap before GC invocations=14 (full 0):
 garbage-first heap   total 57344K, used 47979K [0x00000000c8800000, 0x0000000100000000)
  region size 1024K, 25 young (25600K), 4 survivors (4096K)
 Metaspace       used 57042K, committed 57664K, reserved 1114112K
  class space    used 7378K, committed 7680K, reserved 1048576K
}
Event: 33.785 GC heap after
{Heap after GC invocations=15 (full 0):
 garbage-first heap   total 57344K, used 29205K [0x00000000c8800000, 0x0000000100000000)
  region size 1024K, 2 young (2048K), 2 survivors (2048K)
 Metaspace       used 57042K, committed 57664K, reserved 1114112K
  class space    used 7378K, committed 7680K, reserved 1048576K
}
Event: 34.844 GC heap before
{Heap before GC invocations=15 (full 0):
 garbage-first heap   total 57344K, used 35349K [0x00000000c8800000, 0x0000000100000000)
  region size 1024K, 9 young (9216K), 2 survivors (2048K)
 Metaspace       used 59999K, committed 60608K, reserved 1114112K
  class space    used 7872K, committed 8192K, reserved 1048576K
}
Event: 34.850 GC heap after
{Heap after GC invocations=16 (full 0):
 garbage-first heap   total 57344K, used 29302K [0x00000000c8800000, 0x0000000100000000)
  region size 1024K, 2 young (2048K), 2 survivors (2048K)
 Metaspace       used 59999K, committed 60608K, reserved 1114112K
  class space    used 7872K, committed 8192K, reserved 1048576K
}
Event: 36.754 GC heap before
{Heap before GC invocations=17 (full 0):
 garbage-first heap   total 57344K, used 50806K [0x00000000c8800000, 0x0000000100000000)
  region size 1024K, 23 young (23552K), 2 survivors (2048K)
 Metaspace       used 62903K, committed 63552K, reserved 1114112K
  class space    used 8388K, committed 8704K, reserved 1048576K
}
Event: 36.760 GC heap after
{Heap after GC invocations=18 (full 0):
 garbage-first heap   total 57344K, used 29848K [0x00000000c8800000, 0x0000000100000000)
  region size 1024K, 3 young (3072K), 3 survivors (3072K)
 Metaspace       used 62903K, committed 63552K, reserved 1114112K
  class space    used 8388K, committed 8704K, reserved 1048576K
}

Dll operation events (14 events):
Event: 0.049 Loaded shared library C:\Program Files\Java\jdk-21\bin\java.dll
Event: 0.159 Loaded shared library C:\Program Files\Java\jdk-21\bin\jsvml.dll
Event: 0.559 Loaded shared library C:\Program Files\Java\jdk-21\bin\zip.dll
Event: 0.573 Loaded shared library C:\Program Files\Java\jdk-21\bin\instrument.dll
Event: 0.594 Loaded shared library C:\Program Files\Java\jdk-21\bin\net.dll
Event: 0.600 Loaded shared library C:\Program Files\Java\jdk-21\bin\nio.dll
Event: 0.613 Loaded shared library C:\Program Files\Java\jdk-21\bin\zip.dll
Event: 1.435 Loaded shared library C:\Program Files\JetBrains\IntelliJ IDEA Community Edition 2024.1.2\bin\breakgen64.dll
Event: 1.485 Loaded shared library C:\Program Files\Java\jdk-21\bin\extnet.dll
Event: 1.656 Loaded shared library C:\Program Files\Java\jdk-21\bin\jimage.dll
Event: 2.963 Loaded shared library C:\Program Files\Java\jdk-21\bin\management.dll
Event: 2.972 Loaded shared library C:\Program Files\Java\jdk-21\bin\management_ext.dll
Event: 9.239 Loaded shared library C:\Program Files\Java\jdk-21\bin\sunmscapi.dll
Event: 23.405 Loaded shared library C:\Program Files\Java\jdk-21\bin\verify.dll

Deoptimization events (20 events):
Event: 33.547 Thread 0x000002d25f881fd0 Uncommon trap: trap_request=0xffffff45 fr.pc=0x000002d2100dca84 relative=0x0000000000000244
Event: 33.547 Thread 0x000002d25f881fd0 Uncommon trap: reason=unstable_if action=reinterpret pc=0x000002d2100dca84 method=java.util.regex.Matcher.reset()Ljava/util/regex/Matcher; @ 71 c2
Event: 33.547 Thread 0x000002d25f881fd0 DEOPT PACKING pc=0x000002d2100dca84 sp=0x000000f1212fda60
Event: 33.547 Thread 0x000002d25f881fd0 DEOPT UNPACKING pc=0x000002d20f9346a2 sp=0x000000f1212fd9e8 mode 2
Event: 35.586 Thread 0x000002d25f881fd0 Uncommon trap: trap_request=0xffffff45 fr.pc=0x000002d2100276b0 relative=0x0000000000000730
Event: 35.587 Thread 0x000002d25f881fd0 Uncommon trap: reason=unstable_if action=reinterpret pc=0x000002d2100276b0 method=java.util.HashMap$HashIterator.<init>(Ljava/util/HashMap;)V @ 45 c2
Event: 35.587 Thread 0x000002d25f881fd0 DEOPT PACKING pc=0x000002d2100276b0 sp=0x000000f1212fc940
Event: 35.587 Thread 0x000002d25f881fd0 DEOPT UNPACKING pc=0x000002d20f9346a2 sp=0x000000f1212fc7d0 mode 2
Event: 35.742 Thread 0x000002d25f881fd0 Uncommon trap: trap_request=0xffffff45 fr.pc=0x000002d20ff5d024 relative=0x0000000000000d04
Event: 35.742 Thread 0x000002d25f881fd0 Uncommon trap: reason=unstable_if action=reinterpret pc=0x000002d20ff5d024 method=jdk.internal.org.objectweb.asm.Frame.getAbstractTypeFromDescriptor(Ljdk/internal/org/objectweb/asm/SymbolTable;Ljava/lang/String;I)I @ 189 c2
Event: 35.742 Thread 0x000002d25f881fd0 DEOPT PACKING pc=0x000002d20ff5d024 sp=0x000000f1212fb690
Event: 35.742 Thread 0x000002d25f881fd0 DEOPT UNPACKING pc=0x000002d20f9346a2 sp=0x000000f1212fb660 mode 2
Event: 36.091 Thread 0x000002d25f881fd0 Uncommon trap: trap_request=0xffffffc6 fr.pc=0x000002d20ff524ac relative=0x000000000000058c
Event: 36.091 Thread 0x000002d25f881fd0 Uncommon trap: reason=bimorphic_or_optimized_type_check action=maybe_recompile pc=0x000002d20ff524ac method=net.bytebuddy.description.type.TypeDescription$AbstractBase.equals(Ljava/lang/Object;)Z @ 34 c2
Event: 36.091 Thread 0x000002d25f881fd0 DEOPT PACKING pc=0x000002d20ff524ac sp=0x000000f1212fc450
Event: 36.091 Thread 0x000002d25f881fd0 DEOPT UNPACKING pc=0x000002d20f9346a2 sp=0x000000f1212fc3e8 mode 2
Event: 36.092 Thread 0x000002d25f881fd0 Uncommon trap: trap_request=0xffffffc6 fr.pc=0x000002d20ff524c4 relative=0x00000000000005a4
Event: 36.092 Thread 0x000002d25f881fd0 Uncommon trap: reason=bimorphic_or_optimized_type_check action=maybe_recompile pc=0x000002d20ff524c4 method=net.bytebuddy.description.type.TypeDescription$AbstractBase.equals(Ljava/lang/Object;)Z @ 43 c2
Event: 36.092 Thread 0x000002d25f881fd0 DEOPT PACKING pc=0x000002d20ff524c4 sp=0x000000f1212fc7d0
Event: 36.092 Thread 0x000002d25f881fd0 DEOPT UNPACKING pc=0x000002d20f9346a2 sp=0x000000f1212fc760 mode 2

Classes loaded (20 events):
Event: 32.692 Loading class java/util/concurrent/CompletableFuture
Event: 32.699 Loading class java/util/concurrent/CompletableFuture done
Event: 32.700 Loading class java/util/concurrent/CompletableFuture$AltResult
Event: 32.702 Loading class java/util/concurrent/CompletableFuture$AltResult done
Event: 32.703 Loading class java/util/concurrent/CompletableFuture$Completion
Event: 32.705 Loading class java/util/concurrent/CompletableFuture$AsynchronousCompletionTask
Event: 32.709 Loading class java/util/concurrent/CompletableFuture$AsynchronousCompletionTask done
Event: 32.709 Loading class java/util/concurrent/CompletableFuture$Completion done
Event: 32.986 Loading class sun/reflect/annotation/AnnotatedTypeFactory$AnnotatedArrayTypeImpl
Event: 32.990 Loading class sun/reflect/annotation/AnnotatedTypeFactory$AnnotatedArrayTypeImpl done
Event: 33.216 Loading class java/util/concurrent/CancellationException
Event: 33.216 Loading class java/util/concurrent/CancellationException done
Event: 34.897 Loading class java/util/ArrayList$ListItr
Event: 34.901 Loading class java/util/ArrayList$ListItr done
Event: 35.359 Loading class java/util/AbstractList$SubList
Event: 35.361 Loading class java/util/AbstractList$SubList done
Event: 35.736 Loading class java/lang/foreign/ValueLayout
Event: 35.737 Loading class java/lang/foreign/MemoryLayout
Event: 35.738 Loading class java/lang/foreign/MemoryLayout done
Event: 35.738 Loading class java/lang/foreign/ValueLayout done

Classes unloaded (0 events):
No events

Classes redefined (0 events):
No events

Internal exceptions (20 events):
Event: 29.171 Thread 0x000002d25f881fd0 Exception <a 'java/lang/NoSuchMethodError'{0x00000000cb067638}: 'int java.lang.invoke.Invokers$Holder.invokeExact_MT(java.lang.Object, java.lang.Object)'> (0x00000000cb067638) 
thrown [s\open\src\hotspot\share\interpreter\linkResolver.cpp, line 773]
Event: 33.273 Thread 0x000002d25f881fd0 Exception <a 'java/lang/IncompatibleClassChangeError'{0x00000000cae73718}: Found class java.lang.Object, but interface was expected> (0x00000000cae73718) 
thrown [s\open\src\hotspot\share\interpreter\linkResolver.cpp, line 840]
Event: 33.385 Thread 0x000002d25f881fd0 Exception <a 'java/lang/NoSuchMethodError'{0x00000000cad25b30}: 'java.lang.Object java.lang.invoke.DirectMethodHandle$Holder.invokeStatic(java.lang.Object, java.lang.Object, int, java.lang.Object)'> (0x00000000cad25b30) 
thrown [s\open\src\hotspot\share\interpreter\linkResolver.cpp, line 773]
Event: 33.386 Thread 0x000002d25f881fd0 Exception <a 'java/lang/NoSuchMethodError'{0x00000000cad29328}: 'java.lang.Object java.lang.invoke.DirectMethodHandle$Holder.invokeStaticInit(java.lang.Object, java.lang.Object, int, java.lang.Object)'> (0x00000000cad29328) 
thrown [s\open\src\hotspot\share\interpreter\linkResolver.cpp, line 773]
Event: 36.618 Thread 0x000002d25f881fd0 Exception <a 'java/lang/NoSuchMethodError'{0x00000000caa9fe00}: 'void java.lang.invoke.DirectMethodHandle$Holder.invokeStaticInit(java.lang.Object, int, java.lang.Object, java.lang.Object, java.lang.Object, java.lang.Object)'> (0x00000000caa9fe00) 
thrown [s\open\src\hotspot\share\interpreter\linkResolver.cpp, line 773]
Event: 36.765 Thread 0x000002d25f881fd0 Exception <a 'java/lang/NoSuchMethodError'{0x00000000cbf105f0}: 'java.lang.Object java.lang.invoke.DirectMethodHandle$Holder.newInvokeSpecial(java.lang.Object, java.lang.Object, java.lang.Object, java.lang.Object, java.lang.Object, java.lang.Object)'> (0x00000000cbf105f0) 
thrown [s\open\src\hotspot\share\interpreter\linkResolver.cpp, line 773]
Event: 36.772 Thread 0x000002d25f881fd0 Exception <a 'java/lang/NoSuchMethodError'{0x00000000cbf1e4c8}: 'int java.lang.invoke.DirectMethodHandle$Holder.invokeStatic(java.lang.Object, java.lang.Object, java.lang.Object, java.lang.Object, java.lang.Object)'> (0x00000000cbf1e4c8) 
thrown [s\open\src\hotspot\share\interpreter\linkResolver.cpp, line 773]
Event: 36.832 Thread 0x000002d25f881fd0 Exception <a 'java/lang/NoSuchMethodError'{0x00000000cbfcd2c8}: 'void java.lang.invoke.DirectMethodHandle$Holder.invokeInterface(java.lang.Object, java.lang.Object, int, java.lang.Object)'> (0x00000000cbfcd2c8) 
thrown [s\open\src\hotspot\share\interpreter\linkResolver.cpp, line 773]
Event: 36.845 Thread 0x000002d25f881fd0 Exception <a 'java/lang/NoSuchMethodError'{0x00000000cbfefdf8}: 'java.lang.Object java.lang.invoke.DirectMethodHandle$Holder.newInvokeSpecial(java.lang.Object, java.lang.Object, int, java.lang.Object)'> (0x00000000cbfefdf8) 
thrown [s\open\src\hotspot\share\interpreter\linkResolver.cpp, line 773]
Event: 36.846 Thread 0x000002d25f881fd0 Exception <a 'java/lang/NoSuchMethodError'{0x00000000cbff3758}: 'java.lang.Object java.lang.invoke.Invokers$Holder.linkToTargetMethod(java.lang.Object, int, java.lang.Object, java.lang.Object)'> (0x00000000cbff3758) 
thrown [s\open\src\hotspot\share\interpreter\linkResolver.cpp, line 773]
Event: 36.914 Thread 0x000002d25f881fd0 Exception <a 'java/lang/NoSuchMethodError'{0x00000000cbeb9938}: 'void java.lang.invoke.DirectMethodHandle$Holder.invokeSpecial(java.lang.Object, java.lang.Object, java.lang.Object, java.lang.Object, java.lang.Object, java.lang.Object, java.lang.Object, java.lang.Object)'> (0x00000000cbeb9938) 
thrown [s\open\src\hotspot\share\interpreter\linkResolver.cpp, line 773]
Event: 36.932 Thread 0x000002d25f881fd0 Exception <a 'java/lang/NoSuchMethodError'{0x00000000cbef2820}: 'void java.lang.invoke.DirectMethodHandle$Holder.invokeSpecial(java.lang.Object, java.lang.Object, int, java.lang.Object)'> (0x00000000cbef2820) 
thrown [s\open\src\hotspot\share\interpreter\linkResolver.cpp, line 773]
Event: 36.933 Thread 0x000002d25f881fd0 Exception <a 'java/lang/NoSuchMethodError'{0x00000000cbef8b48}: 'java.lang.Object java.lang.invoke.DirectMethodHandle$Holder.newInvokeSpecial(java.lang.Object, java.lang.Object, int)'> (0x00000000cbef8b48) 
thrown [s\open\src\hotspot\share\interpreter\linkResolver.cpp, line 773]
Event: 37.023 Thread 0x000002d25f881fd0 Exception <a 'java/lang/NoSuchMethodError'{0x00000000cbc45d28}: 'int java.lang.invoke.DirectMethodHandle$Holder.invokeStatic(java.lang.Object, int, java.lang.Object)'> (0x00000000cbc45d28) 
thrown [s\open\src\hotspot\share\interpreter\linkResolver.cpp, line 773]
Event: 37.030 Thread 0x000002d25f881fd0 Exception <a 'java/lang/NoSuchMethodError'{0x00000000cbc5edb8}: 'java.lang.Object java.lang.invoke.DirectMethodHandle$Holder.newInvokeSpecial(java.lang.Object, java.lang.Object, java.lang.Object, java.lang.Object, java.lang.Object, int, java.lang.Object)'> (0x00000000cbc5edb8) 
thrown [s\open\src\hotspot\share\interpreter\linkResolver.cpp, line 773]
Event: 37.048 Thread 0x000002d25f881fd0 Exception <a 'java/lang/NoSuchMethodError'{0x00000000cbc8c2a0}: 'java.lang.Object java.lang.invoke.DirectMethodHandle$Holder.newInvokeSpecial(java.lang.Object, java.lang.Object, java.lang.Object, java.lang.Object, java.lang.Object, java.lang.Object, java.lang.Object, java.lang.Object, java.lang.Object, java.lang.Object, java.lang.Object, java.lang.Object)'> (0x00000000cbc8c2a0) 
thrown [s\open\src\hotspot\share\interpreter\linkResolver.cpp, line 773]
Event: 37.049 Thread 0x000002d25f881fd0 Exception <a 'java/lang/NoSuchMethodError'{0x00000000cbc90b38}: 'java.lang.Object java.lang.invoke.DirectMethodHandle$Holder.invokeSpecial(java.lang.Object, java.lang.Object, java.lang.Object, java.lang.Object, java.lang.Object, java.lang.Object, java.lang.Object, java.lang.Object, java.lang.Object, java.lang.Object, java.lang.Object, java.lang.Object, java.lang.Object)'> (0x00000000cbc90b38) 
thrown [s\open\src\hotspot\share\interpreter\linkResolver.cpp, line 773]
Event: 37.050 Thread 0x000002d25f881fd0 Exception <a 'java/lang/NoSuchMethodError'{0x00000000cbc95010}: 'java.lang.Object java.lang.invoke.Invokers$Holder.linkToTargetMethod(java.lang.Object, java.lang.Object, java.lang.Object, java.lang.Object, java.lang.Object, java.lang.Object, java.lang.Object, java.lang.Object, java.lang.Object, java.lang.Object, java.lang.Object, java.lang.Object)'> (0x00000000cbc95010) 
thrown [s\open\src\hotspot\share\interpreter\linkResolver.cpp, line 773]
Event: 37.095 Thread 0x000002d25f881fd0 Exception <a 'java/lang/IncompatibleClassChangeError'{0x00000000cbb26fe0}: Found class java.lang.Object, but interface was expected> (0x00000000cbb26fe0) 
thrown [s\open\src\hotspot\share\interpreter\linkResolver.cpp, line 840]
Event: 37.223 Thread 0x000002d25f881fd0 Exception <a 'java/lang/NoSuchMethodError'{0x00000000cbaad2b0}: 'java.lang.Object java.lang.invoke.DirectMethodHandle$Holder.newInvokeSpecial(java.lang.Object, java.lang.Object, int, java.lang.Object, int, java.lang.Object, java.lang.Object)'> (0x00000000cbaad2b0) 
thrown [s\open\src\hotspot\share\interpreter\linkResolver.cpp, line 773]

ZGC Phase Switch (0 events):
No events

VM Operations (20 events):
Event: 33.773 Executing VM operation: G1CollectForAllocation (G1 Evacuation Pause)
Event: 33.785 Executing VM operation: G1CollectForAllocation (G1 Evacuation Pause) done
Event: 34.789 Executing VM operation: Cleanup
Event: 34.789 Executing VM operation: Cleanup done
Event: 34.844 Executing VM operation: CollectForMetadataAllocation (Metadata GC Threshold)
Event: 34.850 Executing VM operation: CollectForMetadataAllocation (Metadata GC Threshold) done
Event: 34.855 Executing VM operation: HandshakeAllThreads (Deoptimize)
Event: 34.855 Executing VM operation: HandshakeAllThreads (Deoptimize) done
Event: 34.903 Executing VM operation: HandshakeAllThreads (Deoptimize)
Event: 34.904 Executing VM operation: HandshakeAllThreads (Deoptimize) done
Event: 34.953 Executing VM operation: G1PauseRemark
Event: 34.965 Executing VM operation: G1PauseRemark done
Event: 35.006 Executing VM operation: G1PauseCleanup
Event: 35.040 Executing VM operation: G1PauseCleanup done
Event: 35.934 Executing VM operation: ICBufferFull
Event: 35.934 Executing VM operation: ICBufferFull done
Event: 36.283 Executing VM operation: ICBufferFull
Event: 36.284 Executing VM operation: ICBufferFull done
Event: 36.754 Executing VM operation: G1CollectForAllocation (G1 Evacuation Pause)
Event: 36.760 Executing VM operation: G1CollectForAllocation (G1 Evacuation Pause) done

Events (20 events):
Event: 34.962 Thread 0x000002d27ced4ce0 flushing nmethod 0x000002d20fff8610
Event: 34.962 Thread 0x000002d27ced4ce0 flushing nmethod 0x000002d210013490
Event: 34.962 Thread 0x000002d27ced4ce0 flushing nmethod 0x000002d20ffe4f10
Event: 34.962 Thread 0x000002d27ced4ce0 flushing nmethod 0x000002d20ffad610
Event: 34.962 Thread 0x000002d27ced4ce0 flushing nmethod 0x000002d20ffc1790
Event: 34.962 Thread 0x000002d27ced4ce0 flushing nmethod 0x000002d20ffb7710
Event: 34.962 Thread 0x000002d27ced4ce0 flushing nmethod 0x000002d20ffca790
Event: 34.962 Thread 0x000002d27ced4ce0 flushing nmethod 0x000002d20ffc8c10
Event: 34.962 Thread 0x000002d27ced4ce0 flushing nmethod 0x000002d20ffa8490
Event: 34.962 Thread 0x000002d27ced4ce0 flushing nmethod 0x000002d20ff9cb90
Event: 34.962 Thread 0x000002d27ced4ce0 flushing nmethod 0x000002d20ff51510
Event: 34.962 Thread 0x000002d27ced4ce0 flushing nmethod 0x000002d20ff5ae90
Event: 34.962 Thread 0x000002d27ced4ce0 flushing nmethod 0x000002d20ff46210
Event: 34.962 Thread 0x000002d27ced4ce0 flushing nmethod 0x000002d20ff50f10
Event: 34.962 Thread 0x000002d27ced4ce0 flushing nmethod 0x000002d20ff23390
Event: 34.962 Thread 0x000002d27ced4ce0 flushing nmethod 0x000002d20ff02710
Event: 34.962 Thread 0x000002d27ced4ce0 flushing nmethod 0x000002d20fefe910
Event: 34.962 Thread 0x000002d27ced4ce0 flushing nmethod 0x000002d20feecb10
Event: 34.962 Thread 0x000002d27ced4ce0 flushing nmethod 0x000002d20fe92010
Event: 35.510 Thread 0x000002d261e01fd0 Thread exited: 0x000002d261e01fd0


Dynamic libraries:
0x00007ff646b00000 - 0x00007ff646b10000 	C:\Program Files\Java\jdk-21\bin\java.exe
0x00007fffaf7b0000 - 0x00007fffaf9a8000 	C:\Windows\SYSTEM32\ntdll.dll
0x00007fffae780000 - 0x00007fffae841000 	C:\Windows\System32\KERNEL32.DLL
0x00007fffad420000 - 0x00007fffad71d000 	C:\Windows\System32\KERNELBASE.dll
0x00007fffad2f0000 - 0x00007fffad3f0000 	C:\Windows\System32\ucrtbase.dll
0x00007fff910d0000 - 0x00007fff910eb000 	C:\Program Files\Java\jdk-21\bin\VCRUNTIME140.dll
0x00007fffa5fb0000 - 0x00007fffa5fc9000 	C:\Program Files\Java\jdk-21\bin\jli.dll
0x00007fffae060000 - 0x00007fffae110000 	C:\Windows\System32\ADVAPI32.dll
0x00007fffadeb0000 - 0x00007fffadf4e000 	C:\Windows\System32\msvcrt.dll
0x00007fffad890000 - 0x00007fffad930000 	C:\Windows\System32\sechost.dll
0x00007fffaf640000 - 0x00007fffaf763000 	C:\Windows\System32\RPCRT4.dll
0x00007fffad3f0000 - 0x00007fffad417000 	C:\Windows\System32\bcrypt.dll
0x00007fffae480000 - 0x00007fffae61d000 	C:\Windows\System32\USER32.dll
0x00007fffacef0000 - 0x00007fffacf12000 	C:\Windows\System32\win32u.dll
0x00007fffa1bc0000 - 0x00007fffa1e5a000 	C:\Windows\WinSxS\amd64_microsoft.windows.common-controls_6595b64144ccf1df_6.0.19041.4355_none_60b8b9eb71f62e16\COMCTL32.dll
0x00007fffadf50000 - 0x00007fffadf7b000 	C:\Windows\System32\GDI32.dll
0x00007fffacf20000 - 0x00007fffad037000 	C:\Windows\System32\gdi32full.dll
0x00007fffad1a0000 - 0x00007fffad23d000 	C:\Windows\System32\msvcp_win.dll
0x00007fffa5f00000 - 0x00007fffa5f0a000 	C:\Windows\SYSTEM32\VERSION.dll
0x00007fffae680000 - 0x00007fffae6af000 	C:\Windows\System32\IMM32.DLL
0x00007fffa1430000 - 0x00007fffa143c000 	C:\Program Files\Java\jdk-21\bin\vcruntime140_1.dll
0x00007fff81df0000 - 0x00007fff81e7e000 	C:\Program Files\Java\jdk-21\bin\msvcp140.dll
0x00007fff64790000 - 0x00007fff6549d000 	C:\Program Files\Java\jdk-21\bin\server\jvm.dll
0x00007fffaec70000 - 0x00007fffaecdb000 	C:\Windows\System32\WS2_32.dll
0x00007fffaccb0000 - 0x00007fffaccfb000 	C:\Windows\SYSTEM32\POWRPROF.dll
0x00007fffa4630000 - 0x00007fffa4657000 	C:\Windows\SYSTEM32\WINMM.dll
0x00007fffacbe0000 - 0x00007fffacbf2000 	C:\Windows\SYSTEM32\UMPDC.dll
0x00007fffaace0000 - 0x00007fffaacf2000 	C:\Windows\SYSTEM32\kernel.appcore.dll
0x00007fff9f180000 - 0x00007fff9f18a000 	C:\Program Files\Java\jdk-21\bin\jimage.dll
0x00007fff9dba0000 - 0x00007fff9dd84000 	C:\Windows\SYSTEM32\DBGHELP.DLL
0x00007fff9d920000 - 0x00007fff9d954000 	C:\Windows\SYSTEM32\dbgcore.DLL
0x00007ffface60000 - 0x00007fffacee2000 	C:\Windows\System32\bcryptPrimitives.dll
0x00007fff96510000 - 0x00007fff9651f000 	C:\Program Files\Java\jdk-21\bin\instrument.dll
0x00007fff91090000 - 0x00007fff910af000 	C:\Program Files\Java\jdk-21\bin\java.dll
0x00007fffaee00000 - 0x00007fffaf56f000 	C:\Windows\System32\SHELL32.dll
0x00007fffaaee0000 - 0x00007fffab67f000 	C:\Windows\SYSTEM32\windows.storage.dll
0x00007fffae120000 - 0x00007fffae473000 	C:\Windows\System32\combase.dll
0x00007fffac7b0000 - 0x00007fffac7de000 	C:\Windows\SYSTEM32\Wldp.dll
0x00007fffaf570000 - 0x00007fffaf63d000 	C:\Windows\System32\OLEAUT32.dll
0x00007fffade00000 - 0x00007fffadead000 	C:\Windows\System32\SHCORE.dll
0x00007fffad930000 - 0x00007fffad985000 	C:\Windows\System32\shlwapi.dll
0x00007fffacd90000 - 0x00007fffacdb4000 	C:\Windows\SYSTEM32\profapi.dll
0x00007fff7c820000 - 0x00007fff7c8f7000 	C:\Program Files\Java\jdk-21\bin\jsvml.dll
0x00007fff910b0000 - 0x00007fff910c8000 	C:\Program Files\Java\jdk-21\bin\zip.dll
0x00007fff94db0000 - 0x00007fff94dc0000 	C:\Program Files\Java\jdk-21\bin\net.dll
0x00007fffa6b00000 - 0x00007fffa6c0d000 	C:\Windows\SYSTEM32\WINHTTP.dll
0x00007fffac510000 - 0x00007fffac57a000 	C:\Windows\system32\mswsock.dll
0x00007fff90ed0000 - 0x00007fff90ee6000 	C:\Program Files\Java\jdk-21\bin\nio.dll
0x00007fff8d440000 - 0x00007fff8d45a000 	C:\Program Files\JetBrains\IntelliJ IDEA Community Edition 2024.1.2\bin\breakgen64.dll
0x00007fff91790000 - 0x00007fff91799000 	C:\Program Files\Java\jdk-21\bin\extnet.dll
0x00007fff91610000 - 0x00007fff9161a000 	C:\Program Files\Java\jdk-21\bin\management.dll
0x00007fff90960000 - 0x00007fff9096b000 	C:\Program Files\Java\jdk-21\bin\management_ext.dll
0x00007fffaeb30000 - 0x00007fffaeb38000 	C:\Windows\System32\PSAPI.DLL
0x00007fff8f770000 - 0x00007fff8f77e000 	C:\Program Files\Java\jdk-21\bin\sunmscapi.dll
0x00007fffad040000 - 0x00007fffad19e000 	C:\Windows\System32\CRYPT32.dll
0x00007fffac820000 - 0x00007fffac849000 	C:\Windows\SYSTEM32\ncrypt.dll
0x00007fffac7e0000 - 0x00007fffac81b000 	C:\Windows\SYSTEM32\NTASN1.dll
0x00007fffac700000 - 0x00007fffac718000 	C:\Windows\SYSTEM32\CRYPTSP.dll
0x00007fffabe30000 - 0x00007fffabe64000 	C:\Windows\system32\rsaenh.dll
0x00007fffacd40000 - 0x00007fffacd6e000 	C:\Windows\SYSTEM32\USERENV.dll
0x00007fffac720000 - 0x00007fffac72c000 	C:\Windows\SYSTEM32\CRYPTBASE.dll
0x00007fffac1f0000 - 0x00007fffac22b000 	C:\Windows\SYSTEM32\IPHLPAPI.DLL
0x00007fffae770000 - 0x00007fffae778000 	C:\Windows\System32\NSI.dll
0x00007fff91140000 - 0x00007fff91150000 	C:\Program Files\Java\jdk-21\bin\verify.dll
0x00007fffac230000 - 0x00007fffac2fa000 	C:\Windows\SYSTEM32\DNSAPI.dll
0x00007fffa1790000 - 0x00007fffa179a000 	C:\Windows\System32\rasadhlp.dll
0x00007fffa1930000 - 0x00007fffa19b0000 	C:\Windows\System32\fwpuclnt.dll

dbghelp: loaded successfully - version: 4.0.5 - missing functions: none
symbol engine: initialized successfully - sym options: 0x614 - pdb path: .;C:\Program Files\Java\jdk-21\bin;C:\Windows\SYSTEM32;C:\Windows\WinSxS\amd64_microsoft.windows.common-controls_6595b64144ccf1df_6.0.19041.4355_none_60b8b9eb71f62e16;C:\Program Files\Java\jdk-21\bin\server;C:\Program Files\JetBrains\IntelliJ IDEA Community Edition 2024.1.2\bin

VM Arguments:
jvm_args: -javaagent:C:\Program Files\JetBrains\IntelliJ IDEA Community Edition 2024.1.2\lib\idea_rt.jar=60702:C:\Program Files\JetBrains\IntelliJ IDEA Community Edition 2024.1.2\bin -Dfile.encoding=UTF-8 -Dsun.stdout.encoding=UTF-8 -Dsun.stderr.encoding=UTF-8 
java_command: com.storehousemgm.StoreHouseManagementSystemApplication
java_class_path (initial): C:\a.AAzadFiles\a. programming\java\Intelije_Ide\StoreHouseManagementSystem\target\classes;C:\Users\Bablesh AAzad\.m2\repository\org\springframework\boot\spring-boot-starter-data-jpa\3.3.0\spring-boot-starter-data-jpa-3.3.0.jar;C:\Users\Bablesh AAzad\.m2\repository\org\springframework\boot\spring-boot-starter-aop\3.3.0\spring-boot-starter-aop-3.3.0.jar;C:\Users\Bablesh AAzad\.m2\repository\org\aspectj\aspectjweaver\1.9.22\aspectjweaver-1.9.22.jar;C:\Users\Bablesh AAzad\.m2\repository\org\springframework\boot\spring-boot-starter-jdbc\3.3.0\spring-boot-starter-jdbc-3.3.0.jar;C:\Users\Bablesh AAzad\.m2\repository\com\zaxxer\HikariCP\5.1.0\HikariCP-5.1.0.jar;C:\Users\Bablesh AAzad\.m2\repository\org\springframework\spring-jdbc\6.1.8\spring-jdbc-6.1.8.jar;C:\Users\Bablesh AAzad\.m2\repository\org\hibernate\orm\hibernate-core\6.5.2.Final\hibernate-core-6.5.2.Final.jar;C:\Users\Bablesh AAzad\.m2\repository\jakarta\persistence\jakarta.persistence-api\3.1.0\jakarta.persistence-api-3.1.0.jar;C:\Users\Bablesh AAzad\.m2\repository\jakarta\transaction\jakarta.transaction-api\2.0.1\jakarta.transaction-api-2.0.1.jar;C:\Users\Bablesh AAzad\.m2\repository\org\jboss\logging\jboss-logging\3.5.3.Final\jboss-logging-3.5.3.Final.jar;C:\Users\Bablesh AAzad\.m2\repository\org\hibernate\common\hibernate-commons-annotations\6.0.6.Final\hibernate-commons-annotations-6.0.6.Final.jar;C:\Users\Bablesh AAzad\.m2\repository\io\smallrye\jandex\3.1.2\jandex-3.1.2.jar;C:\Users\Bablesh AAzad\.m2\repository\com\fasterxml\classmate\1.7.0\classmate-1.7.0.jar;C:\Users\Bablesh AAzad\.m2\repository\net\bytebuddy\byte-buddy\1.14.16\byte-buddy-1.14.16.jar;C:\Users\Bablesh AAzad\.m2\repository\org\glassfish\jaxb\jaxb-runtime\4.0.5\jaxb-runtime-4.0.5.jar;C:\Users\Bablesh AAzad\.m2\repository\org\glassfish\jaxb\jaxb-core\4.0.5\jaxb-core-4.0.5.jar;C:\Users\Bablesh AAzad\.m2\repository\org\eclipse\angus\angus-activation\2.0.2\angus-activation-2.0.2.jar;C:\Users\Bablesh AAzad\.m2\repository\org\glassfish\jaxb\txw2\4.0.5\txw2-4.0.5.jar;C:\Users\Bablesh AAzad\.m2\repository\com\sun\istack\istack-commons-runtime\4.1.2\istack-commons-runtime-4.1.2.jar;C:\Users\Bablesh AAzad\.m2\repository\jakarta\inject\jakarta.inject-api\2.0.1\jakarta.inject-api-2.0.1.jar;C:\Users\Bablesh AAzad\.m2\repository\org\antlr\antlr4-runtime\4.13.0\antlr4-runtime-4.13.0.jar;C:\Users\Bablesh AAzad\.m2\repository\org\springframework\data\spring-data-jpa\3.3.0\spring-data-jpa-3.3.0.jar;C:\Users\Bablesh AAzad\.m2\repository\org\springframework\data\spring-data-commons\3.3.0\spring-data-commons-3.3.0.jar;C:\Users\Bablesh AAzad\.m2\repository\org\springframework\spring-orm\6.1.8\spring-orm-6.1.8.jar;C:\Users\Bablesh AAzad\.m2\repository\org\springframework\spring-context\6.1.8\spring-context-6.1.8.jar;C:\Users\Bablesh AAzad\.m2\repository\org\springframework\spring-tx\6.1.8\spring-tx-6.1.8.jar;C:\Users\Bablesh AAzad\.m2\repository\org\springframework\spring-beans\6.1.8\spring-beans-6.1.8.jar;C:\Users\Bablesh AAzad\.m2\repository\jakarta\annotation\jakarta.annotation-api\2.1.1\jakarta.annotation-api-2.1.1.jar;C:\Users\Bablesh AAzad\.m2\repository\org\slf4j\slf4j-api\2.0.13\slf4j-api-2.0.13.jar;C:\Users\Bablesh AAzad\.m2\repository\org\springframework\spring-aspects\6.1.8\spring-aspects-6.1.8.jar;C:\Users\Bablesh AAzad\.m2\repository\org\springframework\boot\spring-boot-starter-security\3.3.0\spring-boot-starter-security-3.3.0.jar;C:\Users\Bablesh AAzad\.m2\repository\org\springframework\boot\spring-boot-starter\3.3.0\spring-boot-starter-3.3.0.jar;C:\Users\Bablesh AAzad\.m2\repository\org\springframework\boot\spring-boot-starter-logging\3.3.0\spring-boot-starter-logging-3.3.0.jar;C:\Users\Bablesh AAzad\.m2\repository\ch\qos\logback\logback-classic\1.5.6\logback-classic-1.5.6.jar;C:\Users\Bablesh AAzad\.m2\repository\ch\qos\logback\logback-core\1.5.6\logback-core-1.5.6.jar;C:\Users\Bablesh AAzad\.m2\repository\org\apache\logging\log4j\log4j-to-slf4j\2.23.1\log4j-to-slf4j-2.23.1.jar;C:\Users\Bablesh AAzad\.m2\repository\org\apache\logging\log4j\log4j-api\2.23.1\log4j-api-2.23.1.jar;C:\Users\Bablesh AAzad\.m2\repository\org\slf4j\jul-to-slf4j\2.0.13\jul-to-slf4j-2.0.13.jar;C:\Users\Bablesh AAzad\.m2\repository\org\yaml\snakeyaml\2.2\snakeyaml-2.2.jar;C:\Users\Bablesh AAzad\.m2\repository\org\springframework\spring-aop\6.1.8\spring-aop-6.1.8.jar;C:\Users\Bablesh AAzad\.m2\repository\org\springframework\security\spring-security-config\6.3.0\spring-security-config-6.3.0.jar;C:\Users\Bablesh AAzad\.m2\repository\org\springframework\security\spring-security-web\6.3.0\spring-security-web-6.3.0.jar;C:\Users\Bablesh AAzad\.m2\repository\org\springframework\spring-expression\6.1.8\spring-expression-6.1.8.jar;C:\Users\Bablesh AAzad\.m2\repository\org\springframework\boot\spring-boot-starter-oauth2-client\3.3.0\spring-boot-starter-oauth2-client-3.3.0.jar;C:\Users\Bablesh AAzad\.m2\repository\org\springframework\security\spring-security-core\6.3.0\spring-security-core-6.3.0.jar;C:\Users\Bablesh AAzad\.m2\repository\org\springframework\security\spring-security-crypto\6.3.0\spring-security-crypto-6.3.0.jar;C:\Users\Bablesh AAzad\.m2\repository\io\micrometer\micrometer-observation\1.13.0\micrometer-observation-1.13.0.jar;C:\Users\Bablesh AAzad\.m2\repository\io\micrometer\micrometer-commons\1.13.0\micrometer-commons-1.13.0.jar;C:\Users\Bablesh AAzad\.m2\repository\org\springframework\security\spring-security-oauth2-client\6.3.0\spring-security-oauth2-client-6.3.0.jar;C:\Users\Bablesh AAzad\.m2\repository\org\springframework\security\spring-security-oauth2-core\6.3.0\spring-security-oauth2-core-6.3.0.jar;C:\Users\Bablesh AAzad\.m2\repository\com\nimbusds\oauth2-oidc-sdk\9.43.4\oauth2-oidc-sdk-9.43.4.jar;C:\Users\Bablesh AAzad\.m2\repository\com\github\stephenc\jcip\jcip-annotations\1.0-1\jcip-annotations-1.0-1.jar;C:\Users\Bablesh AAzad\.m2\repository\com\nimbusds\content-type\2.2\content-type-2.2.jar;C:\Users\Bablesh AAzad\.m2\repository\com\nimbusds\lang-tag\1.7\lang-tag-1.7.jar;C:\Users\Bablesh AAzad\.m2\repository\org\springframework\security\spring-security-oauth2-jose\6.3.0\spring-security-oauth2-jose-6.3.0.jar;C:\Users\Bablesh AAzad\.m2\repository\com\nimbusds\nimbus-jose-jwt\9.37.3\nimbus-jose-jwt-9.37.3.jar;C:\Users\Bablesh AAzad\.m2\repository\org\springframework\boot\spring-boot-starter-validation\3.3.0\spring-boot-starter-validation-3.3.0.jar;C:\Users\Bablesh AAzad\.m2\repository\org\apache\tomcat\embed\tomcat-embed-el\10.1.24\tomcat-embed-el-10.1.24.jar;C:\Users\Bablesh AAzad\.m2\repository\org\hibernate\validator\hibernate-validator\8.0.1.Final\hibernate-validator-8.0.1.Final.jar;C:\Users\Bablesh AAzad\.m2\repository\jakarta\validation\jakarta.validation-api\3.0.2\jakarta.validation-api-3.0.2.jar;C:\Users\Bablesh AAzad\.m2\repository\org\springframework\boot\spring-boot-starter-web\3.3.0\spring-boot-starter-web-3.3.0.jar;C:\Users\Bablesh AAzad\.m2\repository\org\springframework\boot\spring-boot-starter-json\3.3.0\spring-boot-starter-json-3.3.0.jar;C:\Users\Bablesh AAzad\.m2\repository\com\fasterxml\jackson\core\jackson-databind\2.17.1\jackson-databind-2.17.1.jar;C:\Users\Bablesh AAzad\.m2\repository\com\fasterxml\jackson\core\jackson-annotations\2.17.1\jackson-annotations-2.17.1.jar;C:\Users\Bablesh AAzad\.m2\repository\com\fasterxml\jackson\core\jackson-core\2.17.1\jackson-core-2.17.1.jar;C:\Users\Bablesh AAzad\.m2\repository\com\fasterxml\jackson\datatype\jackson-datatype-jdk8\2.17.1\jackson-datatype-jdk8-2.17.1.jar;C:\Users\Bablesh AAzad\.m2\repository\com\fasterxml\jackson\datatype\jackson-datatype-jsr310\2.17.1\jackson-datatype-jsr310-2.17.1.jar;C:\Users\Bablesh AAzad\.m2\repository\com\fasterxml\jackson\module\jackson-module-parameter-names\2.17.1\jackson-module-parameter-names-2.17.1.jar;C:\Users\Bablesh AAzad\.m2\repository\org\springframework\boot\spring-boot-starter-tomcat\3.3.0\spring-boot-starter-tomcat-3.3.0.jar;C:\Users\Bablesh AAzad\.m2\repository\org\apache\tomcat\embed\tomcat-embed-core\10.1.24\tomcat-embed-core-10.1.24.jar;C:\Users\Bablesh AAzad\.m2\repository\org\apache\tomcat\embed\tomcat-embed-websocket\10.1.24\tomcat-embed-websocket-10.1.24.jar;C:\Users\Bablesh AAzad\.m2\repository\org\springframework\spring-web\6.1.8\spring-web-6.1.8.jar;C:\Users\Bablesh AAzad\.m2\repository\org\springframework\spring-webmvc\6.1.8\spring-webmvc-6.1.8.jar;C:\Users\Bablesh AAzad\.m2\repository\org\springframework\boot\spring-boot-starter-hateoas\3.3.0\spring-boot-starter-hateoas-3.3.0.jar;C:\Users\Bablesh AAzad\.m2\repository\org\springframework\hateoas\spring-hateoas\2.3.0\spring-hateoas-2.3.0.jar;C:\Users\Bablesh AAzad\.m2\repository\org\springframework\plugin\spring-plugin-core\3.0.0\spring-plugin-core-3.0.0.jar;C:\Users\Bablesh AAzad\.m2\repository\com\github\librepdf\openpdf\2.0.2\openpdf-2.0.2.jar;C:\Users\Bablesh AAzad\.m2\repository\org\springframework\boot\spring-boot-devtools\3.3.0\spring-boot-devtools-3.3.0.jar;C:\Users\Bablesh AAzad\.m2\repository\org\springframework\boot\spring-boot\3.3.0\spring-boot-3.3.0.jar;C:\Users\Bablesh AAzad\.m2\repository\org\springframework\boot\spring-boot-autoconfigure\3.3.0\spring-boot-autoconfigure-3.3.0.jar;C:\Users\Bablesh AAzad\.m2\repository\com\mysql\mysql-connector-j\8.3.0\mysql-connector-j-8.3.0.jar;C:\Users\Bablesh AAzad\.m2\repository\org\projectlombok\lombok\1.18.32\lombok-1.18.32.jar;C:\Users\Bablesh AAzad\.m2\repository\com\jayway\jsonpath\json-path\2.9.0\json-path-2.9.0.jar;C:\Users\Bablesh AAzad\.m2\repository\jakarta\xml\bind\jakarta.xml.bind-api\4.0.2\jakarta.xml.bind-api-4.0.2.jar;C:\Users\Bablesh AAzad\.m2\repository\jakarta\activation\jakarta.activation-api\2.1.3\jakarta.activation-api-2.1.3.jar;C:\Users\Bablesh AAzad\.m2\repository\net\minidev\json-smart\2.5.1\json-smart-2.5.1.jar;C:\Users\Bablesh AAzad\.m2\repository\net\minidev\accessors-smart\2.5.1\accessors-smart-2.5.1.jar;C:\Users\Bablesh AAzad\.m2\repository\org\ow2\asm\asm\9.6\asm-9.6.jar;C:\Users\Bablesh AAzad\.m2\repository\org\springframework\spring-core\6.1.8\spring-core-6.1.8.jar;C:\Users\Bablesh AAzad\.m2\repository\org\springframework\spring-jcl\6.1.8\spring-jcl-6.1.8.jar;C:\Users\Bablesh AAzad\.m2\repository\org\springdoc\springdoc-openapi-starter-webmvc-ui\2.5.0\springdoc-openapi-starter-webmvc-ui-2.5.0.jar;C:\Users\Bablesh AAzad\.m2\repository\org\springdoc\springdoc-openapi-starter-webmvc-api\2.5.0\springdoc-openapi-starter-webmvc-api-2.5.0.jar;C:\Users\Bablesh AAzad\.m2\repository\org\springdoc\springdoc-openapi-starter-common\2.5.0\springdoc-openapi-starter-common-2.5.0.jar;C:\Users\Bablesh AAzad\.m2\repository\io\swagger\core\v3\swagger-core-jakarta\2.2.21\swagger-core-jakarta-2.2.21.jar;C:\Users\Bablesh AAzad\.m2\repository\org\apache\commons\commons-lang3\3.14.0\commons-lang3-3.14.0.jar;C:\Users\Bablesh AAzad\.m2\repository\io\swagger\core\v3\swagger-annotations-jakarta\2.2.21\swagger-annotations-jakarta-2.2.21.jar;C:\Users\Bablesh AAzad\.m2\repository\io\swagger\core\v3\swagger-models-jakarta\2.2.21\swagger-models-jakarta-2.2.21.jar;C:\Users\Bablesh AAzad\.m2\repository\com\fasterxml\jackson\dataformat\jackson-dataformat-yaml\2.17.1\jackson-dataformat-yaml-2.17.1.jar;C:\Users\Bablesh AAzad\.m2\repository\org\webjars\swagger-ui\5.13.0\swagger-ui-5.13.0.jar
Launcher Type: SUN_STANDARD

[Global flags]
     intx CICompilerCount                          = 3                                         {product} {ergonomic}
     uint ConcGCThreads                            = 1                                         {product} {ergonomic}
     uint G1ConcRefinementThreads                  = 4                                         {product} {ergonomic}
   size_t G1HeapRegionSize                         = 1048576                                   {product} {ergonomic}
    uintx GCDrainStackTargetSize                   = 64                                        {product} {ergonomic}
   size_t InitialHeapSize                          = 58720256                                  {product} {ergonomic}
   size_t MarkStackSize                            = 4194304                                   {product} {ergonomic}
   size_t MaxHeapSize                              = 931135488                                 {product} {ergonomic}
   size_t MaxNewSize                               = 557842432                                 {product} {ergonomic}
   size_t MinHeapDeltaBytes                        = 1048576                                   {product} {ergonomic}
   size_t MinHeapSize                              = 8388608                                   {product} {ergonomic}
    uintx NonNMethodCodeHeapSize                   = 5832780                                {pd product} {ergonomic}
    uintx NonProfiledCodeHeapSize                  = 122912730                              {pd product} {ergonomic}
    uintx ProfiledCodeHeapSize                     = 122912730                              {pd product} {ergonomic}
    uintx ReservedCodeCacheSize                    = 251658240                              {pd product} {ergonomic}
     bool SegmentedCodeCache                       = true                                      {product} {ergonomic}
   size_t SoftMaxHeapSize                          = 931135488                              {manageable} {ergonomic}
     bool UseCompressedOops                        = true                           {product lp64_product} {ergonomic}
     bool UseG1GC                                  = true                                      {product} {ergonomic}
     bool UseLargePagesIndividualAllocation        = false                                  {pd product} {ergonomic}

Logging:
Log output configuration:
 #0: stdout all=warning uptime,level,tags foldmultilines=false
 #1: stderr all=off uptime,level,tags foldmultilines=false

Environment Variables:
PATH=C:\Program Files\Common Files\Oracle\Java\javapath;C:\Windows\system32;C:\Windows;C:\Windows\System32\Wbem;C:\Windows\System32\WindowsPowerShell\v1.0\;C:\Windows\System32\OpenSSH\;C:\Program Files\nodejs\;C:\Program Files\Java\jdk-21\bin;C:\Program Files\Java\jdk-22\bin;C:\Program Files\Git\cmd;C:\Users\Bablesh AAzad\AppData\Local\Microsoft\WindowsApps;C:\Users\Bablesh AAzad\AppData\Roaming\npm;C:\Users\Bablesh AAzad\AppData\Local\Programs\Microsoft VS Code\bin;;C:\Program Files\JetBrains\IntelliJ IDEA Community Edition 2024.1.2\bin;
USERNAME=Bablesh AAzad
OS=Windows_NT
PROCESSOR_IDENTIFIER=AMD64 Family 22 Model 48 Stepping 1, AuthenticAMD
TMP=C:\Users\BABLES~1\AppData\Local\Temp
TEMP=C:\Users\BABLES~1\AppData\Local\Temp




Periodic native trim disabled

---------------  S Y S T E M  ---------------

OS:
 Windows 10 , 64 bit Build 19041 (10.0.19041.4717)
OS uptime: 4 days 0:46 hours

CPU: total 4 (initial active 4) (4 cores per cpu, 1 threads per core) family 22 model 48 stepping 1 microcode 0x0, cx8, cmov, fxsr, mmx, 3dnowpref, sse, sse2, sse3, ssse3, sse4a, sse4.1, sse4.2, popcnt, lzcnt, tsc, tscinvbit, avx, aes, clmul, bmi1, vzeroupper, clflush, rdtscp, f16c
Processor Information for all 4 processors :
  Max Mhz: 2200, Current Mhz: 2200, Mhz Limit: 2200

Memory: 4k page, system-wide physical 3546M (325M free)
TotalPageFile size 14298M (AvailPageFile size 2M)
current process WorkingSet (physical memory assigned to process): 211M, peak: 213M
current process commit charge ("private bytes"): 253M, peak: 255M

vm_info: Java HotSpot(TM) 64-Bit Server VM (21.0.3+7-LTS-152) for windows-amd64 JRE (21.0.3+7-LTS-152), built on 2024-03-11T17:42:26Z by "mach5one" with MS VC++ 17.6 (VS2022)

END.
